[04-27 23:21:46,185, 638] resource.ResourceFactory ResourceFactory was created
[04-27 23:21:46,204, 657] sax.SaxHandler Start Document
[04-27 23:21:46,206, 659] sax.SaxHandler Class name: resource.ServerSettings
[04-27 23:21:46,207, 660] sax.SaxHandler port = 8080
[04-27 23:21:46,208, 661] sax.SaxHandler End document
[04-27 23:21:46,208, 661] resource.ResourceFactory Resource serverSettings was parsed
[04-27 23:21:46,212, 665] sax.SaxHandler Start Document
[04-27 23:21:46,213, 666] sax.SaxHandler Class name: resource.LoggerMessages
[04-27 23:21:46,213, 666] sax.SaxHandler doPostStart = doPost Start
[04-27 23:21:46,213, 666] sax.SaxHandler doPostFinish = doPost Success
[04-27 23:21:46,214, 667] sax.SaxHandler doGetStart = doGet Start
[04-27 23:21:46,214, 667] sax.SaxHandler doGetFinish = doGet Success
[04-27 23:21:46,214, 667] sax.SaxHandler isAdmin = User:{} is admin
[04-27 23:21:46,215, 668] sax.SaxHandler isNotAdmin = User:{} is not admin
[04-27 23:21:46,216, 669] sax.SaxHandler wrongAction = Wrong action
[04-27 23:21:46,216, 669] sax.SaxHandler statistic = Getting Statistic
[04-27 23:21:46,217, 670] sax.SaxHandler stop = Stopping server
[04-27 23:21:46,217, 670] sax.SaxHandler notAuthorised = Not Authorised
[04-27 23:21:46,218, 671] sax.SaxHandler authorised = User:{} is Authorised
[04-27 23:21:46,219, 672] sax.SaxHandler hasAuthorised = User:{} has Authorised
[04-27 23:21:46,219, 672] sax.SaxHandler lackOfParam = No param "{}" in request
[04-27 23:21:46,219, 672] sax.SaxHandler paramHasWrongType = Param:"{}" has wrong type
[04-27 23:21:46,219, 672] sax.SaxHandler signUp = New user is signing up
[04-27 23:21:46,220, 673] sax.SaxHandler signIn = User is signing in
[04-27 23:21:46,220, 673] sax.SaxHandler alreadyLoggedIn = User:{} is already Logged In
[04-27 23:21:46,220, 673] sax.SaxHandler block = Authorization and signing up is blocked
[04-27 23:21:46,221, 674] sax.SaxHandler wrongPasOrLogin = Wrong password:"{}" or login:"{}"
[04-27 23:21:46,222, 675] sax.SaxHandler loggedOut = User:{} logged out
[04-27 23:21:46,222, 675] sax.SaxHandler loginIsAlreadyExist = User with such login "{}" is already exist
[04-27 23:21:46,222, 675] sax.SaxHandler wrongSignUpData = Wrong login:"{}" or email:"{}" or password:"{}"
[04-27 23:21:46,223, 676] sax.SaxHandler onMessage = User:{} has sent Message:{}
[04-27 23:21:46,223, 676] sax.SaxHandler onOpen = User:{} is opening connection
[04-27 23:21:46,223, 676] sax.SaxHandler onClose = User:{} has closed connection
[04-27 23:21:46,224, 677] sax.SaxHandler configure = Configure
[04-27 23:21:46,225, 678] sax.SaxHandler setBlock = Signing in and Signing up are blocked
[04-27 23:21:46,225, 678] sax.SaxHandler unsetBlock = Signing in and Signing up are released
[04-27 23:21:46,226, 679] sax.SaxHandler startGame = Start game
[04-27 23:21:46,226, 679] sax.SaxHandler firstPlayer = First player
[04-27 23:21:46,226, 679] sax.SaxHandler secondPlayer = Second player
[04-27 23:21:46,227, 680] sax.SaxHandler sessionFinished = Session finished
[04-27 23:21:46,227, 680] sax.SaxHandler draw = Draw between {}, {}
[04-27 23:21:46,227, 680] sax.SaxHandler isWinner = {} is winner
[04-27 23:21:46,227, 680] sax.SaxHandler isLoser = {} is loser
[04-27 23:21:46,228, 681] sax.SaxHandler signUpSuccess = User {} was successfully signed up
[04-27 23:21:46,228, 681] sax.SaxHandler newSocket = Start creating New socket 
[04-27 23:21:46,228, 681] sax.SaxHandler newSocketSuccess = New Socket Successfully constructed
[04-27 23:21:46,228, 681] sax.SaxHandler requestGetParams = Request params {}
[04-27 23:21:46,228, 681] sax.SaxHandler jsonGotFromRequest = JSON from request: {}
[04-27 23:21:46,228, 681] sax.SaxHandler errorXML = Error while reading XML
[04-27 23:21:46,229, 682] sax.SaxHandler startXML = Start Document
[04-27 23:21:46,229, 682] sax.SaxHandler endXML = End document
[04-27 23:21:46,229, 682] sax.SaxHandler className = Class name: {}
[04-27 23:21:46,229, 682] sax.SaxHandler aEqualB = {} = {}
[04-27 23:21:46,229, 682] sax.SaxHandler resourceWasParsed = Resource {} was parsed
[04-27 23:21:46,229, 682] sax.SaxHandler End document
[04-27 23:21:46,230, 683] resource.ResourceFactory Resource loggerMessages was parsed
[04-27 23:21:46,231, 684] main.Main Starting at port: 8080

[04-27 23:21:46,313, 766] sax.SaxHandler Start Document
[04-27 23:21:46,313, 766] sax.SaxHandler Class name: resource.Messages
[04-27 23:21:46,314, 767] sax.SaxHandler adminPage = Admin page
[04-27 23:21:46,314, 767] sax.SaxHandler notFound = 404: Not Found.
[04-27 23:21:46,314, 767] sax.SaxHandler wrongParamAction = Wrong 'action'
[04-27 23:21:46,314, 767] sax.SaxHandler notAuthorised = Not Authorised
[04-27 23:21:46,314, 767] sax.SaxHandler logInStatus = Log In:
[04-27 23:21:46,314, 767] sax.SaxHandler alreadyLoggedIn = You has already Logged In
[04-27 23:21:46,315, 768] sax.SaxHandler block = Authorization and signing up is blocked
[04-27 23:21:46,315, 768] sax.SaxHandler wrongPasOrLogin = Wrong password or login
[04-27 23:21:46,315, 768] sax.SaxHandler fillAllTheGaps = Fill all the gaps, please:
[04-27 23:21:46,315, 768] sax.SaxHandler logOutFirst = You have to logout before signing up.
[04-27 23:21:46,315, 768] sax.SaxHandler exist = Such user already exists
[04-27 23:21:46,318, 771] sax.SaxHandler wrongSignUpData = Wrong sign Up data
[04-27 23:21:46,318, 771] sax.SaxHandler wrongLimit = WrongLimit
[04-27 23:21:46,318, 771] sax.SaxHandler End document
[04-27 23:21:46,319, 772] resource.ResourceFactory Resource messages was parsed
[04-27 23:21:46,332, 785] sax.SaxHandler Start Document
[04-27 23:21:46,332, 785] sax.SaxHandler Class name: resource.GameMechanicsSettings
[04-27 23:21:46,333, 786] sax.SaxHandler timeLimit = 15
[04-27 23:21:46,333, 786] sax.SaxHandler numAmount = 10
[04-27 23:21:46,333, 786] sax.SaxHandler weight = 10
[04-27 23:21:46,333, 786] sax.SaxHandler minDelta = 10
[04-27 23:21:46,333, 786] sax.SaxHandler End document
[04-27 23:21:46,333, 786] resource.ResourceFactory Resource gameMechanicsSettings was parsed
[04-27 23:21:46,485, 938] frontend.game.WebSocketGameServlet Configure
[04-27 23:21:46,501, 954] main.AppServer Start
[04-27 23:21:46,501, 954] main.AppServer With resending actions
[04-27 23:22:05,216, 19669] frontend.SignUpServlet doPost Start
[04-27 23:22:05,218, 19671] frontend.SignUpServlet Request params {}
[04-27 23:22:05,234, 19687] utils.JsonInterpreterFromRequest JSON from request: {"password":"fdsfsdagfdsh","login":"vassfdg","email":"kopytovsv@gmail.com"}
[04-27 23:22:05,261, 19714] frontend.SignUpServlet User vassfdg was successfully signed up
[04-27 23:22:05,262, 19715] frontend.SignUpServlet User:vassfdg has Authorised
[04-27 23:22:05,265, 19718] frontend.SignUpServlet doPost Success
[04-27 23:23:23,319, 97772] frontend.SignUpServlet doPost Start
[04-27 23:23:23,319, 97772] frontend.SignUpServlet Request params {}
[04-27 23:23:23,320, 97773] utils.JsonInterpreterFromRequest JSON from request: {"password":"dsgfdhgsdh","login":"kopytov","email":"dsf@fsdf.ru"}
[04-27 23:23:23,328, 97781] frontend.SignUpServlet User kopytov was successfully signed up
[04-27 23:23:23,329, 97782] frontend.SignUpServlet User:kopytov has Authorised
[04-27 23:23:23,330, 97783] frontend.SignUpServlet doPost Success
[04-27 23:23:29,894, 104347] frontend.game.GameWebSocket Start creating New socket 
[04-27 23:23:40,424, 114877] frontend.SignOutServlet doPost Start
[04-27 23:23:40,425, 114878] frontend.SignOutServlet Request params {}
[04-27 23:23:40,425, 114878] frontend.SignOutServlet User:kopytov logged out
[04-27 23:23:40,425, 114878] frontend.SignOutServlet doPost Success
[04-27 23:25:23,242, 217695] frontend.SignOutServlet doPost Start
[04-27 23:25:23,242, 217695] frontend.SignOutServlet Request params {}
[04-27 23:25:23,242, 217695] frontend.SignOutServlet Not Authorised
[04-27 23:25:23,242, 217695] frontend.SignOutServlet doPost Success
