0 info it worked if it ends with ok
1 verbose cli [ '/usr/bin/node', '/usr/bin/npm', 'install' ]
2 info using npm@1.4.28
3 info using node@v0.10.38
4 verbose node symlink /usr/bin/node
5 verbose readDependencies using package.json deps
6 verbose install where, deps [ '/home/neikila/Technopark/Part_2/Java/front/NewFrontend',
6 verbose install   [ 'grunt',
6 verbose install     'grunt-concurrent',
6 verbose install     'grunt-contrib-concat',
6 verbose install     'grunt-contrib-requirejs',
6 verbose install     'grunt-contrib-sass',
6 verbose install     'grunt-contrib-uglify',
6 verbose install     'grunt-contrib-watch',
6 verbose install     'grunt-fest',
6 verbose install     'grunt-shell',
6 verbose install     'phaser' ] ]
7 info preinstall frontend@1.0.0
8 verbose readDependencies using package.json deps
9 verbose already installed skipping grunt-contrib-concat@^0.5.1 /home/neikila/Technopark/Part_2/Java/front/NewFrontend
10 verbose cache add [ 'grunt-contrib-requirejs@^0.4.4', null ]
11 verbose cache add name=undefined spec="grunt-contrib-requirejs@^0.4.4" args=["grunt-contrib-requirejs@^0.4.4",null]
12 verbose parsed url { protocol: null,
12 verbose parsed url   slashes: null,
12 verbose parsed url   auth: null,
12 verbose parsed url   host: null,
12 verbose parsed url   port: null,
12 verbose parsed url   hostname: null,
12 verbose parsed url   hash: null,
12 verbose parsed url   search: null,
12 verbose parsed url   query: null,
12 verbose parsed url   pathname: 'grunt-contrib-requirejs@^0.4.4',
12 verbose parsed url   path: 'grunt-contrib-requirejs@^0.4.4',
12 verbose parsed url   href: 'grunt-contrib-requirejs@^0.4.4' }
13 verbose already installed skipping grunt-contrib-sass@^0.9.2 /home/neikila/Technopark/Part_2/Java/front/NewFrontend
14 verbose cache add [ 'grunt-contrib-uglify@^0.9.1', null ]
15 verbose cache add name=undefined spec="grunt-contrib-uglify@^0.9.1" args=["grunt-contrib-uglify@^0.9.1",null]
16 verbose parsed url { protocol: null,
16 verbose parsed url   slashes: null,
16 verbose parsed url   auth: null,
16 verbose parsed url   host: null,
16 verbose parsed url   port: null,
16 verbose parsed url   hostname: null,
16 verbose parsed url   hash: null,
16 verbose parsed url   search: null,
16 verbose parsed url   query: null,
16 verbose parsed url   pathname: 'grunt-contrib-uglify@^0.9.1',
16 verbose parsed url   path: 'grunt-contrib-uglify@^0.9.1',
16 verbose parsed url   href: 'grunt-contrib-uglify@^0.9.1' }
17 verbose already installed skipping grunt-contrib-watch@^0.6.1 /home/neikila/Technopark/Part_2/Java/front/NewFrontend
18 verbose already installed skipping grunt-fest@^0.1.5 /home/neikila/Technopark/Part_2/Java/front/NewFrontend
19 verbose already installed skipping grunt-shell@^1.1.1 /home/neikila/Technopark/Part_2/Java/front/NewFrontend
20 verbose already installed skipping phaser@^2.2.2 /home/neikila/Technopark/Part_2/Java/front/NewFrontend
21 verbose already installed skipping grunt@^0.4.5 /home/neikila/Technopark/Part_2/Java/front/NewFrontend
22 verbose cache add name="grunt-contrib-requirejs" spec="^0.4.4" args=["grunt-contrib-requirejs","^0.4.4"]
23 verbose parsed url { protocol: null,
23 verbose parsed url   slashes: null,
23 verbose parsed url   auth: null,
23 verbose parsed url   host: null,
23 verbose parsed url   port: null,
23 verbose parsed url   hostname: null,
23 verbose parsed url   hash: null,
23 verbose parsed url   search: null,
23 verbose parsed url   query: null,
23 verbose parsed url   pathname: '^0.4.4',
23 verbose parsed url   path: '^0.4.4',
23 verbose parsed url   href: '^0.4.4' }
24 verbose addNamed [ 'grunt-contrib-requirejs', '^0.4.4' ]
25 verbose addNamed [ null, '>=0.4.4-0 <0.5.0-0' ]
26 verbose cache add name="grunt-contrib-uglify" spec="^0.9.1" args=["grunt-contrib-uglify","^0.9.1"]
27 verbose parsed url { protocol: null,
27 verbose parsed url   slashes: null,
27 verbose parsed url   auth: null,
27 verbose parsed url   host: null,
27 verbose parsed url   port: null,
27 verbose parsed url   hostname: null,
27 verbose parsed url   hash: null,
27 verbose parsed url   search: null,
27 verbose parsed url   query: null,
27 verbose parsed url   pathname: '^0.9.1',
27 verbose parsed url   path: '^0.9.1',
27 verbose parsed url   href: '^0.9.1' }
28 verbose addNamed [ 'grunt-contrib-uglify', '^0.9.1' ]
29 verbose addNamed [ null, '>=0.9.1-0 <0.10.0-0' ]
30 verbose already installed skipping grunt-concurrent@^1.0.0 /home/neikila/Technopark/Part_2/Java/front/NewFrontend
31 silly lockFile a22d85fb-grunt-contrib-requirejs-0-4-4 grunt-contrib-requirejs@^0.4.4
32 verbose lock grunt-contrib-requirejs@^0.4.4 /home/neikila/.npm/a22d85fb-grunt-contrib-requirejs-0-4-4.lock
33 silly lockFile 7638f5ff-grunt-contrib-uglify-0-9-1 grunt-contrib-uglify@^0.9.1
34 verbose lock grunt-contrib-uglify@^0.9.1 /home/neikila/.npm/7638f5ff-grunt-contrib-uglify-0-9-1.lock
35 silly addNameRange { name: 'grunt-contrib-requirejs',
35 silly addNameRange   range: '>=0.4.4-0 <0.5.0-0',
35 silly addNameRange   hasData: false }
36 silly addNameRange { name: 'grunt-contrib-uglify',
36 silly addNameRange   range: '>=0.9.1-0 <0.10.0-0',
36 silly addNameRange   hasData: false }
37 verbose request where is /grunt-contrib-requirejs
38 verbose request registry https://registry.npmjs.org/
39 verbose request id b4c40805f7e7bbb7
40 verbose url raw /grunt-contrib-requirejs
41 verbose url resolving [ 'https://registry.npmjs.org/', './grunt-contrib-requirejs' ]
42 verbose url resolved https://registry.npmjs.org/grunt-contrib-requirejs
43 verbose request where is https://registry.npmjs.org/grunt-contrib-requirejs
44 info trying registry request attempt 1 at 18:14:06
45 http GET https://registry.npmjs.org/grunt-contrib-requirejs
46 verbose request where is /grunt-contrib-uglify
47 verbose request registry https://registry.npmjs.org/
48 verbose url raw /grunt-contrib-uglify
49 verbose url resolving [ 'https://registry.npmjs.org/', './grunt-contrib-uglify' ]
50 verbose url resolved https://registry.npmjs.org/grunt-contrib-uglify
51 verbose request where is https://registry.npmjs.org/grunt-contrib-uglify
52 info trying registry request attempt 1 at 18:14:06
53 verbose etag "4AXJWYIFNYOM70M4E6N7BGC"
54 http GET https://registry.npmjs.org/grunt-contrib-uglify
55 http 200 https://registry.npmjs.org/grunt-contrib-uglify
56 silly registry.get cb [ 200,
56 silly registry.get   { server: 'CouchDB/1.5.0 (Erlang OTP/R16B03)',
56 silly registry.get     etag: '"1ZHGVXAR9ONOJ3Q5LIW6B0GVU"',
56 silly registry.get     'content-type': 'application/json',
56 silly registry.get     'cache-control': 'max-age=60',
56 silly registry.get     'content-length': '65624',
56 silly registry.get     'accept-ranges': 'bytes',
56 silly registry.get     date: 'Thu, 28 May 2015 15:14:07 GMT',
56 silly registry.get     via: '1.1 varnish',
56 silly registry.get     age: '0',
56 silly registry.get     connection: 'keep-alive',
56 silly registry.get     'x-served-by': 'cache-ams4148-AMS',
56 silly registry.get     'x-cache': 'HIT',
56 silly registry.get     'x-cache-hits': '1',
56 silly registry.get     'x-timer': 'S1432826046.983708,VS0,VE163',
56 silly registry.get     vary: 'Accept' } ]
57 silly addNameRange number 2 { name: 'grunt-contrib-uglify',
57 silly addNameRange   range: '>=0.9.1-0 <0.10.0-0',
57 silly addNameRange   hasData: true }
58 silly addNameRange versions [ 'grunt-contrib-uglify',
58 silly addNameRange   [ '0.1.0',
58 silly addNameRange     '0.1.1',
58 silly addNameRange     '0.1.2',
58 silly addNameRange     '0.2.0',
58 silly addNameRange     '0.2.1',
58 silly addNameRange     '0.2.2',
58 silly addNameRange     '0.2.3',
58 silly addNameRange     '0.2.4',
58 silly addNameRange     '0.2.5',
58 silly addNameRange     '0.2.6',
58 silly addNameRange     '0.2.7',
58 silly addNameRange     '0.3.0',
58 silly addNameRange     '0.3.1',
58 silly addNameRange     '0.1.1-rc5',
58 silly addNameRange     '0.1.1-rc6',
58 silly addNameRange     '0.3.2',
58 silly addNameRange     '0.3.3',
58 silly addNameRange     '0.4.0',
58 silly addNameRange     '0.5.0',
58 silly addNameRange     '0.4.1',
58 silly addNameRange     '0.5.1',
58 silly addNameRange     '0.6.0',
58 silly addNameRange     '0.7.0',
58 silly addNameRange     '0.8.0',
58 silly addNameRange     '0.8.1',
58 silly addNameRange     '0.9.0',
58 silly addNameRange     '0.9.1' ] ]
59 verbose addNamed [ 'grunt-contrib-uglify', '0.9.1' ]
60 verbose addNamed [ '0.9.1', '0.9.1' ]
61 silly lockFile 59c70bbc-grunt-contrib-uglify-0-9-1 grunt-contrib-uglify@0.9.1
62 verbose lock grunt-contrib-uglify@0.9.1 /home/neikila/.npm/59c70bbc-grunt-contrib-uglify-0-9-1.lock
63 silly lockFile 6cc09e86-y-grunt-contrib-uglify-0-9-1-tgz https://registry.npmjs.org/grunt-contrib-uglify/-/grunt-contrib-uglify-0.9.1.tgz
64 verbose lock https://registry.npmjs.org/grunt-contrib-uglify/-/grunt-contrib-uglify-0.9.1.tgz /home/neikila/.npm/6cc09e86-y-grunt-contrib-uglify-0-9-1-tgz.lock
65 verbose addRemoteTarball [ 'https://registry.npmjs.org/grunt-contrib-uglify/-/grunt-contrib-uglify-0.9.1.tgz',
65 verbose addRemoteTarball   '1eb8420009f15ed1a97368077479ab25ded28d1b' ]
66 info retry fetch attempt 1 at 18:14:07
67 verbose fetch to= /tmp/npm-9574-miY8Ov4o/registry.npmjs.org/grunt-contrib-uglify/-/grunt-contrib-uglify-0.9.1.tgz
68 http GET https://registry.npmjs.org/grunt-contrib-uglify/-/grunt-contrib-uglify-0.9.1.tgz
69 http 200 https://registry.npmjs.org/grunt-contrib-requirejs
70 silly registry.get cb [ 200,
70 silly registry.get   { server: 'CouchDB/1.5.0 (Erlang OTP/R16B03)',
70 silly registry.get     etag: '"6IEBPM6WU7XJMES6C3ZXPOTO5"',
70 silly registry.get     'content-type': 'application/json',
70 silly registry.get     'cache-control': 'max-age=60',
70 silly registry.get     'content-length': '22226',
70 silly registry.get     'accept-ranges': 'bytes',
70 silly registry.get     date: 'Thu, 28 May 2015 15:14:07 GMT',
70 silly registry.get     via: '1.1 varnish',
70 silly registry.get     age: '0',
70 silly registry.get     connection: 'keep-alive',
70 silly registry.get     'x-served-by': 'cache-ams4148-AMS',
70 silly registry.get     'x-cache': 'HIT',
70 silly registry.get     'x-cache-hits': '1',
70 silly registry.get     'x-timer': 'S1432826046.953591,VS0,VE374',
70 silly registry.get     vary: 'Accept' } ]
71 silly addNameRange number 2 { name: 'grunt-contrib-requirejs',
71 silly addNameRange   range: '>=0.4.4-0 <0.5.0-0',
71 silly addNameRange   hasData: true }
72 silly addNameRange versions [ 'grunt-contrib-requirejs',
72 silly addNameRange   [ '0.1.0',
72 silly addNameRange     '0.2.0',
72 silly addNameRange     '0.3.0',
72 silly addNameRange     '0.3.2',
72 silly addNameRange     '0.3.3',
72 silly addNameRange     '0.3.4',
72 silly addNameRange     '0.4.0',
72 silly addNameRange     '0.4.1',
72 silly addNameRange     '0.4.2',
72 silly addNameRange     '0.4.3',
72 silly addNameRange     '0.4.4',
72 silly addNameRange     '0.4.0-rc7' ] ]
73 verbose addNamed [ 'grunt-contrib-requirejs', '0.4.4' ]
74 verbose addNamed [ '0.4.4', '0.4.4' ]
75 silly lockFile e2afe6c5-grunt-contrib-requirejs-0-4-4 grunt-contrib-requirejs@0.4.4
76 verbose lock grunt-contrib-requirejs@0.4.4 /home/neikila/.npm/e2afe6c5-grunt-contrib-requirejs-0-4-4.lock
77 silly lockFile a8465768-runt-contrib-requirejs-0-4-4-tgz https://registry.npmjs.org/grunt-contrib-requirejs/-/grunt-contrib-requirejs-0.4.4.tgz
78 verbose lock https://registry.npmjs.org/grunt-contrib-requirejs/-/grunt-contrib-requirejs-0.4.4.tgz /home/neikila/.npm/a8465768-runt-contrib-requirejs-0-4-4-tgz.lock
79 verbose addRemoteTarball [ 'https://registry.npmjs.org/grunt-contrib-requirejs/-/grunt-contrib-requirejs-0.4.4.tgz',
79 verbose addRemoteTarball   '87f2165a981e48a45d22f8cc5299d0934031b972' ]
80 info retry fetch attempt 1 at 18:14:07
81 verbose fetch to= /tmp/npm-9574-miY8Ov4o/registry.npmjs.org/grunt-contrib-requirejs/-/grunt-contrib-requirejs-0.4.4.tgz
82 http GET https://registry.npmjs.org/grunt-contrib-requirejs/-/grunt-contrib-requirejs-0.4.4.tgz
83 http 200 https://registry.npmjs.org/grunt-contrib-requirejs/-/grunt-contrib-requirejs-0.4.4.tgz
84 http 200 https://registry.npmjs.org/grunt-contrib-uglify/-/grunt-contrib-uglify-0.9.1.tgz
85 silly lockFile 6cc09e86-y-grunt-contrib-uglify-0-9-1-tgz https://registry.npmjs.org/grunt-contrib-uglify/-/grunt-contrib-uglify-0.9.1.tgz
86 silly lockFile 6cc09e86-y-grunt-contrib-uglify-0-9-1-tgz https://registry.npmjs.org/grunt-contrib-uglify/-/grunt-contrib-uglify-0.9.1.tgz
87 silly lockFile 59c70bbc-grunt-contrib-uglify-0-9-1 grunt-contrib-uglify@0.9.1
88 silly lockFile 59c70bbc-grunt-contrib-uglify-0-9-1 grunt-contrib-uglify@0.9.1
89 silly lockFile 7638f5ff-grunt-contrib-uglify-0-9-1 grunt-contrib-uglify@^0.9.1
90 silly lockFile 7638f5ff-grunt-contrib-uglify-0-9-1 grunt-contrib-uglify@^0.9.1
91 silly lockFile a8465768-runt-contrib-requirejs-0-4-4-tgz https://registry.npmjs.org/grunt-contrib-requirejs/-/grunt-contrib-requirejs-0.4.4.tgz
92 silly lockFile a8465768-runt-contrib-requirejs-0-4-4-tgz https://registry.npmjs.org/grunt-contrib-requirejs/-/grunt-contrib-requirejs-0.4.4.tgz
93 silly lockFile e2afe6c5-grunt-contrib-requirejs-0-4-4 grunt-contrib-requirejs@0.4.4
94 silly lockFile e2afe6c5-grunt-contrib-requirejs-0-4-4 grunt-contrib-requirejs@0.4.4
95 silly lockFile a22d85fb-grunt-contrib-requirejs-0-4-4 grunt-contrib-requirejs@^0.4.4
96 silly lockFile a22d85fb-grunt-contrib-requirejs-0-4-4 grunt-contrib-requirejs@^0.4.4
97 error Error: EACCES, mkdir '/home/neikila/.npm/grunt-contrib-uglify/0.9.1'
97 error  { [Error: EACCES, mkdir '/home/neikila/.npm/grunt-contrib-uglify/0.9.1']
97 error   errno: 3,
97 error   code: 'EACCES',
97 error   path: '/home/neikila/.npm/grunt-contrib-uglify/0.9.1',
97 error   parent: 'frontend' }
98 error Please try running this command again as root/Administrator.
99 error System Linux 3.13.0-49-generic
100 error command "/usr/bin/node" "/usr/bin/npm" "install"
101 error cwd /home/neikila/Technopark/Part_2/Java/front/NewFrontend
102 error node -v v0.10.38
103 error npm -v 1.4.28
104 error path /home/neikila/.npm/grunt-contrib-uglify/0.9.1
105 error code EACCES
106 error errno 3
107 error stack Error: EACCES, mkdir '/home/neikila/.npm/grunt-contrib-uglify/0.9.1'
108 verbose exit [ 3, true ]
