[05-26 06:06:34,902, 2271] resource.ResourceFactory ResourceFactory was created
[05-26 06:06:34,952, 2321] sax.SaxHandler Start Document
[05-26 06:06:34,959, 2328] sax.SaxHandler Class name: resource.ServerSettings
[05-26 06:06:34,962, 2331] sax.SaxHandler port = 8080
[05-26 06:06:34,964, 2333] sax.SaxHandler End document
[05-26 06:06:34,965, 2334] resource.ResourceFactory Resource serverSettings was parsed
[05-26 06:06:34,971, 2340] sax.SaxHandler Start Document
[05-26 06:06:34,972, 2341] sax.SaxHandler Class name: resource.LoggerMessages
[05-26 06:06:34,973, 2342] sax.SaxHandler doPostStart = doPost Start
[05-26 06:06:34,973, 2342] sax.SaxHandler doPostFinish = doPost Success
[05-26 06:06:34,974, 2343] sax.SaxHandler doGetStart = doGet Start
[05-26 06:06:34,976, 2345] sax.SaxHandler doGetFinish = doGet Success
[05-26 06:06:34,979, 2348] sax.SaxHandler isAdmin = User:{} is admin
[05-26 06:06:34,980, 2349] sax.SaxHandler isNotAdmin = User:{} is not admin
[05-26 06:06:34,981, 2350] sax.SaxHandler wrongAction = Wrong action
[05-26 06:06:34,983, 2352] sax.SaxHandler statistic = Getting Statistic
[05-26 06:06:34,984, 2353] sax.SaxHandler stop = Stopping server
[05-26 06:06:34,984, 2353] sax.SaxHandler notAuthorised = Not Authorised
[05-26 06:06:34,984, 2353] sax.SaxHandler authorised = User:{} is Authorised
[05-26 06:06:34,985, 2354] sax.SaxHandler hasAuthorised = User:{} has Authorised
[05-26 06:06:34,987, 2356] sax.SaxHandler lackOfParam = No param "{}" in request
[05-26 06:06:34,988, 2357] sax.SaxHandler paramHasWrongType = Param:"{}" has wrong type
[05-26 06:06:34,989, 2358] sax.SaxHandler signUp = New user is signing up
[05-26 06:06:34,990, 2359] sax.SaxHandler signIn = User is signing in
[05-26 06:06:35,008, 2377] sax.SaxHandler alreadyLoggedIn = User:{} is already Logged In
[05-26 06:06:35,012, 2381] sax.SaxHandler block = Authorization and signing up is blocked
[05-26 06:06:35,014, 2383] sax.SaxHandler wrongPasOrLogin = Wrong password:"{}" or login:"{}"
[05-26 06:06:35,016, 2385] sax.SaxHandler loggedOut = User:{} logged out
[05-26 06:06:35,017, 2386] sax.SaxHandler loginIsAlreadyExist = User with such login "{}" is already exist
[05-26 06:06:35,019, 2388] sax.SaxHandler wrongSignUpData = Wrong login:"{}" or email:"{}" or password:"{}"
[05-26 06:06:35,019, 2388] sax.SaxHandler onMessage = User:{} has sent Message:{}
[05-26 06:06:35,022, 2391] sax.SaxHandler onOpen = User:{} is opening connection
[05-26 06:06:35,024, 2393] sax.SaxHandler onClose = User:{} has closed connection
[05-26 06:06:35,026, 2395] sax.SaxHandler configure = Configure
[05-26 06:06:35,026, 2395] sax.SaxHandler setBlock = Signing in and Signing up are blocked
[05-26 06:06:35,027, 2396] sax.SaxHandler unsetBlock = Signing in and Signing up are released
[05-26 06:06:35,028, 2397] sax.SaxHandler startGame = Start game
[05-26 06:06:35,033, 2402] sax.SaxHandler firstPlayer = First player
[05-26 06:06:35,035, 2404] sax.SaxHandler secondPlayer = Second player
[05-26 06:06:35,036, 2405] sax.SaxHandler sessionFinished = Session finished
[05-26 06:06:35,037, 2406] sax.SaxHandler errorInReadingJSON = Error while getting the JSON: {}
[05-26 06:06:35,038, 2407] sax.SaxHandler draw = Draw between {}, {}
[05-26 06:06:35,041, 2410] sax.SaxHandler isWinner = {} is winner
[05-26 06:06:35,043, 2412] sax.SaxHandler isLoser = {} is loser
[05-26 06:06:35,046, 2415] sax.SaxHandler signUpSuccess = User {} was successfully signed up
[05-26 06:06:35,047, 2416] sax.SaxHandler gameUserPosition = User {} is the {}
[05-26 06:06:35,047, 2416] sax.SaxHandler newSocket = Start creating New socket 
[05-26 06:06:35,058, 2427] sax.SaxHandler newSocketSuccess = New Socket Successfully constructed
[05-26 06:06:35,059, 2428] sax.SaxHandler requestGetParams = Request params {}
[05-26 06:06:35,060, 2429] sax.SaxHandler jsonGotFromRequest = JSON from request: {}
[05-26 06:06:35,062, 2431] sax.SaxHandler errorXML = Error while reading XML
[05-26 06:06:35,063, 2432] sax.SaxHandler startXML = Start Document
[05-26 06:06:35,066, 2435] sax.SaxHandler endXML = End document
[05-26 06:06:35,067, 2436] sax.SaxHandler className = Class name: {}
[05-26 06:06:35,070, 2439] sax.SaxHandler aEqualB = {} = {}
[05-26 06:06:35,072, 2441] sax.SaxHandler resourceWasParsed = Resource {} was parsed
[05-26 06:06:35,073, 2442] sax.SaxHandler End document
[05-26 06:06:35,074, 2443] resource.ResourceFactory Resource loggerMessages was parsed
[05-26 06:06:35,075, 2444] main.Main Starting at port: 8080

[05-26 06:06:35,259, 2628] sax.SaxHandler Start Document
[05-26 06:06:35,260, 2629] sax.SaxHandler Class name: resource.Messages
[05-26 06:06:35,263, 2632] sax.SaxHandler adminPage = Admin page
[05-26 06:06:35,265, 2634] sax.SaxHandler notFound = 404: Not Found.
[05-26 06:06:35,266, 2635] sax.SaxHandler wrongParamAction = Wrong 'action'
[05-26 06:06:35,271, 2640] sax.SaxHandler notAuthorised = Not Authorised
[05-26 06:06:35,272, 2641] sax.SaxHandler logInStatus = Log In:
[05-26 06:06:35,273, 2642] sax.SaxHandler alreadyLoggedIn = You has already Logged In
[05-26 06:06:35,274, 2643] sax.SaxHandler block = Authorization and signing up is blocked
[05-26 06:06:35,275, 2644] sax.SaxHandler wrongPasOrLogin = Wrong password or login
[05-26 06:06:35,278, 2647] sax.SaxHandler fillAllTheGaps = Fill all the gaps, please:
[05-26 06:06:35,280, 2649] sax.SaxHandler logOutFirst = You have to logout before signing up.
[05-26 06:06:35,281, 2650] sax.SaxHandler exist = Such user already exists
[05-26 06:06:35,282, 2651] sax.SaxHandler wrongSignUpData = Wrong sign Up data
[05-26 06:06:35,282, 2651] sax.SaxHandler wrongLimit = WrongLimit
[05-26 06:06:35,283, 2652] sax.SaxHandler End document
[05-26 06:06:35,284, 2653] resource.ResourceFactory Resource messages was parsed
[05-26 06:06:35,326, 2695] sax.SaxHandler Start Document
[05-26 06:06:35,328, 2697] sax.SaxHandler Class name: resource.GameMechanicsSettings
[05-26 06:06:35,329, 2698] sax.SaxHandler timeLimit = 15
[05-26 06:06:35,330, 2699] sax.SaxHandler numAmount = 10
[05-26 06:06:35,330, 2699] sax.SaxHandler weight = 10
[05-26 06:06:35,330, 2699] sax.SaxHandler minDelta = 10
[05-26 06:06:35,331, 2700] sax.SaxHandler End document
[05-26 06:06:35,331, 2700] resource.ResourceFactory Resource gameMechanicsSettings was parsed
[05-26 06:06:35,589, 2958] frontend.game.WebSocketGameServlet Configure
[05-26 06:06:35,688, 3057] main.AppServer Start
[05-26 06:06:35,690, 3059] main.AppServer Tuesday night version
