[04-28 16:46:59,597, 6063] resource.ResourceFactory ResourceFactory was created
[04-28 16:46:59,717, 6183] sax.SaxHandler Start Document
[04-28 16:46:59,719, 6185] sax.SaxHandler Class name: resource.ServerSettings
[04-28 16:46:59,721, 6187] sax.SaxHandler port = 8080
[04-28 16:46:59,741, 6207] sax.SaxHandler End document
[04-28 16:46:59,742, 6208] resource.ResourceFactory Resource serverSettings was parsed
[04-28 16:46:59,746, 6212] sax.SaxHandler Start Document
[04-28 16:46:59,746, 6212] sax.SaxHandler Class name: resource.LoggerMessages
[04-28 16:46:59,747, 6213] sax.SaxHandler doPostStart = doPost Start
[04-28 16:46:59,747, 6213] sax.SaxHandler doPostFinish = doPost Success
[04-28 16:46:59,747, 6213] sax.SaxHandler doGetStart = doGet Start
[04-28 16:46:59,747, 6213] sax.SaxHandler doGetFinish = doGet Success
[04-28 16:46:59,748, 6214] sax.SaxHandler isAdmin = User:{} is admin
[04-28 16:46:59,748, 6214] sax.SaxHandler isNotAdmin = User:{} is not admin
[04-28 16:46:59,748, 6214] sax.SaxHandler wrongAction = Wrong action
[04-28 16:46:59,748, 6214] sax.SaxHandler statistic = Getting Statistic
[04-28 16:46:59,748, 6214] sax.SaxHandler stop = Stopping server
[04-28 16:46:59,748, 6214] sax.SaxHandler notAuthorised = Not Authorised
[04-28 16:46:59,748, 6214] sax.SaxHandler authorised = User:{} is Authorised
[04-28 16:46:59,748, 6214] sax.SaxHandler hasAuthorised = User:{} has Authorised
[04-28 16:46:59,749, 6215] sax.SaxHandler lackOfParam = No param "{}" in request
[04-28 16:46:59,749, 6215] sax.SaxHandler paramHasWrongType = Param:"{}" has wrong type
[04-28 16:46:59,749, 6215] sax.SaxHandler signUp = New user is signing up
[04-28 16:46:59,749, 6215] sax.SaxHandler signIn = User is signing in
[04-28 16:46:59,749, 6215] sax.SaxHandler alreadyLoggedIn = User:{} is already Logged In
[04-28 16:46:59,749, 6215] sax.SaxHandler block = Authorization and signing up is blocked
[04-28 16:46:59,749, 6215] sax.SaxHandler wrongPasOrLogin = Wrong password:"{}" or login:"{}"
[04-28 16:46:59,749, 6215] sax.SaxHandler loggedOut = User:{} logged out
[04-28 16:46:59,750, 6216] sax.SaxHandler loginIsAlreadyExist = User with such login "{}" is already exist
[04-28 16:46:59,750, 6216] sax.SaxHandler wrongSignUpData = Wrong login:"{}" or email:"{}" or password:"{}"
[04-28 16:46:59,750, 6216] sax.SaxHandler onMessage = User:{} has sent Message:{}
[04-28 16:46:59,750, 6216] sax.SaxHandler onOpen = User:{} is opening connection
[04-28 16:46:59,750, 6216] sax.SaxHandler onClose = User:{} has closed connection
[04-28 16:46:59,750, 6216] sax.SaxHandler configure = Configure
[04-28 16:46:59,750, 6216] sax.SaxHandler setBlock = Signing in and Signing up are blocked
[04-28 16:46:59,750, 6216] sax.SaxHandler unsetBlock = Signing in and Signing up are released
[04-28 16:46:59,750, 6216] sax.SaxHandler startGame = Start game
[04-28 16:46:59,751, 6217] sax.SaxHandler firstPlayer = First player
[04-28 16:46:59,751, 6217] sax.SaxHandler secondPlayer = Second player
[04-28 16:46:59,751, 6217] sax.SaxHandler sessionFinished = Session finished
[04-28 16:46:59,751, 6217] sax.SaxHandler errorInReadingJSON = Error while getting the JSON: {}
[04-28 16:46:59,751, 6217] sax.SaxHandler draw = Draw between {}, {}
[04-28 16:46:59,751, 6217] sax.SaxHandler isWinner = {} is winner
[04-28 16:46:59,751, 6217] sax.SaxHandler isLoser = {} is loser
[04-28 16:46:59,751, 6217] sax.SaxHandler signUpSuccess = User {} was successfully signed up
[04-28 16:46:59,751, 6217] sax.SaxHandler gameUserPosition = User {} is the {}
[04-28 16:46:59,752, 6218] sax.SaxHandler newSocket = Start creating New socket 
[04-28 16:46:59,752, 6218] sax.SaxHandler newSocketSuccess = New Socket Successfully constructed
[04-28 16:46:59,752, 6218] sax.SaxHandler requestGetParams = Request params {}
[04-28 16:46:59,752, 6218] sax.SaxHandler jsonGotFromRequest = JSON from request: {}
[04-28 16:46:59,755, 6221] sax.SaxHandler errorXML = Error while reading XML
[04-28 16:46:59,755, 6221] sax.SaxHandler startXML = Start Document
[04-28 16:46:59,755, 6221] sax.SaxHandler endXML = End document
[04-28 16:46:59,755, 6221] sax.SaxHandler className = Class name: {}
[04-28 16:46:59,755, 6221] sax.SaxHandler aEqualB = {} = {}
[04-28 16:46:59,755, 6221] sax.SaxHandler resourceWasParsed = Resource {} was parsed
[04-28 16:46:59,756, 6222] sax.SaxHandler End document
[04-28 16:46:59,756, 6222] resource.ResourceFactory Resource loggerMessages was parsed
[04-28 16:46:59,756, 6222] main.Main Starting at port: 8080

[04-28 16:47:00,150, 6616] sax.SaxHandler Start Document
[04-28 16:47:00,152, 6618] sax.SaxHandler Class name: resource.Messages
[04-28 16:47:00,154, 6620] sax.SaxHandler adminPage = Admin page
[04-28 16:47:00,155, 6621] sax.SaxHandler notFound = 404: Not Found.
[04-28 16:47:00,156, 6622] sax.SaxHandler wrongParamAction = Wrong 'action'
[04-28 16:47:00,157, 6623] sax.SaxHandler notAuthorised = Not Authorised
[04-28 16:47:00,158, 6624] sax.SaxHandler logInStatus = Log In:
[04-28 16:47:00,159, 6625] sax.SaxHandler alreadyLoggedIn = You has already Logged In
[04-28 16:47:00,161, 6627] sax.SaxHandler block = Authorization and signing up is blocked
[04-28 16:47:00,162, 6628] sax.SaxHandler wrongPasOrLogin = Wrong password or login
[04-28 16:47:00,162, 6628] sax.SaxHandler fillAllTheGaps = Fill all the gaps, please:
[04-28 16:47:00,163, 6629] sax.SaxHandler logOutFirst = You have to logout before signing up.
[04-28 16:47:00,164, 6630] sax.SaxHandler exist = Such user already exists
[04-28 16:47:00,166, 6632] sax.SaxHandler wrongSignUpData = Wrong sign Up data
[04-28 16:47:00,167, 6633] sax.SaxHandler wrongLimit = WrongLimit
[04-28 16:47:00,168, 6634] sax.SaxHandler End document
[04-28 16:47:00,170, 6636] resource.ResourceFactory Resource messages was parsed
[04-28 16:47:00,198, 6664] sax.SaxHandler Start Document
[04-28 16:47:00,208, 6674] sax.SaxHandler Class name: resource.GameMechanicsSettings
[04-28 16:47:00,212, 6678] sax.SaxHandler timeLimit = 15
[04-28 16:47:00,214, 6680] sax.SaxHandler numAmount = 10
[04-28 16:47:00,215, 6681] sax.SaxHandler weight = 10
[04-28 16:47:00,215, 6681] sax.SaxHandler minDelta = 10
[04-28 16:47:00,216, 6682] sax.SaxHandler End document
[04-28 16:47:00,217, 6683] resource.ResourceFactory Resource gameMechanicsSettings was parsed
[04-28 16:47:00,709, 7175] frontend.game.WebSocketGameServlet Configure
[04-28 16:47:00,956, 7422] main.AppServer Start
[04-28 16:47:00,956, 7422] main.AppServer Tuesday night version
