[04-27 23:31:37,068, 661] resource.ResourceFactory ResourceFactory was created
[04-27 23:31:37,083, 676] sax.SaxHandler Start Document
[04-27 23:31:37,084, 677] sax.SaxHandler Class name: resource.ServerSettings
[04-27 23:31:37,086, 679] sax.SaxHandler port = 8080
[04-27 23:31:37,087, 680] sax.SaxHandler End document
[04-27 23:31:37,087, 680] resource.ResourceFactory Resource serverSettings was parsed
[04-27 23:31:37,090, 683] sax.SaxHandler Start Document
[04-27 23:31:37,091, 684] sax.SaxHandler Class name: resource.LoggerMessages
[04-27 23:31:37,091, 684] sax.SaxHandler doPostStart = doPost Start
[04-27 23:31:37,092, 685] sax.SaxHandler doPostFinish = doPost Success
[04-27 23:31:37,092, 685] sax.SaxHandler doGetStart = doGet Start
[04-27 23:31:37,092, 685] sax.SaxHandler doGetFinish = doGet Success
[04-27 23:31:37,093, 686] sax.SaxHandler isAdmin = User:{} is admin
[04-27 23:31:37,093, 686] sax.SaxHandler isNotAdmin = User:{} is not admin
[04-27 23:31:37,093, 686] sax.SaxHandler wrongAction = Wrong action
[04-27 23:31:37,093, 686] sax.SaxHandler statistic = Getting Statistic
[04-27 23:31:37,094, 687] sax.SaxHandler stop = Stopping server
[04-27 23:31:37,094, 687] sax.SaxHandler notAuthorised = Not Authorised
[04-27 23:31:37,094, 687] sax.SaxHandler authorised = User:{} is Authorised
[04-27 23:31:37,095, 688] sax.SaxHandler hasAuthorised = User:{} has Authorised
[04-27 23:31:37,095, 688] sax.SaxHandler lackOfParam = No param "{}" in request
[04-27 23:31:37,095, 688] sax.SaxHandler paramHasWrongType = Param:"{}" has wrong type
[04-27 23:31:37,095, 688] sax.SaxHandler signUp = New user is signing up
[04-27 23:31:37,096, 689] sax.SaxHandler signIn = User is signing in
[04-27 23:31:37,097, 690] sax.SaxHandler alreadyLoggedIn = User:{} is already Logged In
[04-27 23:31:37,097, 690] sax.SaxHandler block = Authorization and signing up is blocked
[04-27 23:31:37,097, 690] sax.SaxHandler wrongPasOrLogin = Wrong password:"{}" or login:"{}"
[04-27 23:31:37,098, 691] sax.SaxHandler loggedOut = User:{} logged out
[04-27 23:31:37,098, 691] sax.SaxHandler loginIsAlreadyExist = User with such login "{}" is already exist
[04-27 23:31:37,099, 692] sax.SaxHandler wrongSignUpData = Wrong login:"{}" or email:"{}" or password:"{}"
[04-27 23:31:37,099, 692] sax.SaxHandler onMessage = User:{} has sent Message:{}
[04-27 23:31:37,099, 692] sax.SaxHandler onOpen = User:{} is opening connection
[04-27 23:31:37,100, 693] sax.SaxHandler onClose = User:{} has closed connection
[04-27 23:31:37,100, 693] sax.SaxHandler configure = Configure
[04-27 23:31:37,100, 693] sax.SaxHandler setBlock = Signing in and Signing up are blocked
[04-27 23:31:37,100, 693] sax.SaxHandler unsetBlock = Signing in and Signing up are released
[04-27 23:31:37,101, 694] sax.SaxHandler startGame = Start game
[04-27 23:31:37,101, 694] sax.SaxHandler firstPlayer = First player
[04-27 23:31:37,102, 695] sax.SaxHandler secondPlayer = Second player
[04-27 23:31:37,102, 695] sax.SaxHandler sessionFinished = Session finished
[04-27 23:31:37,102, 695] sax.SaxHandler draw = Draw between {}, {}
[04-27 23:31:37,103, 696] sax.SaxHandler isWinner = {} is winner
[04-27 23:31:37,103, 696] sax.SaxHandler isLoser = {} is loser
[04-27 23:31:37,104, 697] sax.SaxHandler signUpSuccess = User {} was successfully signed up
[04-27 23:31:37,104, 697] sax.SaxHandler newSocket = Start creating New socket 
[04-27 23:31:37,104, 697] sax.SaxHandler newSocketSuccess = New Socket Successfully constructed
[04-27 23:31:37,105, 698] sax.SaxHandler requestGetParams = Request params {}
[04-27 23:31:37,105, 698] sax.SaxHandler jsonGotFromRequest = JSON from request: {}
[04-27 23:31:37,106, 699] sax.SaxHandler errorXML = Error while reading XML
[04-27 23:31:37,106, 699] sax.SaxHandler startXML = Start Document
[04-27 23:31:37,106, 699] sax.SaxHandler endXML = End document
[04-27 23:31:37,106, 699] sax.SaxHandler className = Class name: {}
[04-27 23:31:37,107, 700] sax.SaxHandler aEqualB = {} = {}
[04-27 23:31:37,107, 700] sax.SaxHandler resourceWasParsed = Resource {} was parsed
[04-27 23:31:37,107, 700] sax.SaxHandler End document
[04-27 23:31:37,107, 700] resource.ResourceFactory Resource loggerMessages was parsed
[04-27 23:31:37,108, 701] main.Main Starting at port: 8080

[04-27 23:31:37,181, 774] sax.SaxHandler Start Document
[04-27 23:31:37,182, 775] sax.SaxHandler Class name: resource.Messages
[04-27 23:31:37,183, 776] sax.SaxHandler adminPage = Admin page
[04-27 23:31:37,184, 777] sax.SaxHandler notFound = 404: Not Found.
[04-27 23:31:37,184, 777] sax.SaxHandler wrongParamAction = Wrong 'action'
[04-27 23:31:37,185, 778] sax.SaxHandler notAuthorised = Not Authorised
[04-27 23:31:37,185, 778] sax.SaxHandler logInStatus = Log In:
[04-27 23:31:37,185, 778] sax.SaxHandler alreadyLoggedIn = You has already Logged In
[04-27 23:31:37,186, 779] sax.SaxHandler block = Authorization and signing up is blocked
[04-27 23:31:37,186, 779] sax.SaxHandler wrongPasOrLogin = Wrong password or login
[04-27 23:31:37,186, 779] sax.SaxHandler fillAllTheGaps = Fill all the gaps, please:
[04-27 23:31:37,186, 779] sax.SaxHandler logOutFirst = You have to logout before signing up.
[04-27 23:31:37,186, 779] sax.SaxHandler exist = Such user already exists
[04-27 23:31:37,187, 780] sax.SaxHandler wrongSignUpData = Wrong sign Up data
[04-27 23:31:37,187, 780] sax.SaxHandler wrongLimit = WrongLimit
[04-27 23:31:37,187, 780] sax.SaxHandler End document
[04-27 23:31:37,187, 780] resource.ResourceFactory Resource messages was parsed
[04-27 23:31:37,200, 793] sax.SaxHandler Start Document
[04-27 23:31:37,200, 793] sax.SaxHandler Class name: resource.GameMechanicsSettings
[04-27 23:31:37,201, 794] sax.SaxHandler timeLimit = 15
[04-27 23:31:37,201, 794] sax.SaxHandler numAmount = 10
[04-27 23:31:37,201, 794] sax.SaxHandler weight = 10
[04-27 23:31:37,202, 795] sax.SaxHandler minDelta = 10
[04-27 23:31:37,202, 795] sax.SaxHandler End document
[04-27 23:31:37,202, 795] resource.ResourceFactory Resource gameMechanicsSettings was parsed
[04-27 23:31:37,316, 909] frontend.game.WebSocketGameServlet Configure
[04-27 23:31:37,335, 928] main.AppServer Start
[04-27 23:31:37,336, 929] main.AppServer With resending actions
[04-27 23:31:46,832, 10425] frontend.SignUpServlet doPost Start
[04-27 23:31:46,834, 10427] frontend.SignUpServlet Request params {}
[04-27 23:31:46,842, 10435] utils.JsonInterpreterFromRequest JSON from request: {"password":"1234567","login":"smokey","email":"kopytovsv@gmail.comp"}
[04-27 23:31:46,861, 10454] frontend.SignUpServlet User smokey was successfully signed up
[04-27 23:31:46,861, 10454] frontend.SignUpServlet User:smokey has Authorised
[04-27 23:31:46,863, 10456] frontend.SignUpServlet doPost Success
[04-27 23:31:48,855, 12448] frontend.game.GameWebSocket Start creating New socket 
[04-27 23:31:52,178, 15771] frontend.SignOutServlet doPost Start
[04-27 23:31:52,178, 15771] frontend.SignOutServlet Request params {}
[04-27 23:31:52,178, 15771] frontend.SignOutServlet User:smokey logged out
[04-27 23:31:52,179, 15772] frontend.SignOutServlet doPost Success
[04-27 23:32:08,085, 31678] frontend.SignInServlet doPost Start
[04-27 23:32:08,085, 31678] frontend.SignInServlet Request params {}
[04-27 23:32:08,085, 31678] utils.JsonInterpreterFromRequest JSON from request: {"password":"1234567","login":"smokey"}
[04-27 23:32:08,086, 31679] frontend.SignInServlet User:smokey has Authorised
[04-27 23:32:08,086, 31679] frontend.SignInServlet doPost Success
[04-27 23:32:09,663, 33256] frontend.game.GameWebSocket Start creating New socket 
[04-27 23:32:14,707, 38300] frontend.SignOutServlet doPost Start
[04-27 23:32:14,707, 38300] frontend.SignOutServlet Request params {}
[04-27 23:32:14,707, 38300] frontend.SignOutServlet User:smokey logged out
[04-27 23:32:14,708, 38301] frontend.SignOutServlet doPost Success
[04-27 23:32:29,747, 53340] frontend.SignOutServlet doPost Start
[04-27 23:32:29,748, 53341] frontend.SignOutServlet Request params {}
[04-27 23:32:29,750, 53343] frontend.SignOutServlet Not Authorised
[04-27 23:32:29,751, 53344] frontend.SignOutServlet doPost Success
