[04-27 20:20:35,394, 4494] resource.ResourceFactory ResourceFactory was created
[04-27 20:20:35,485, 4585] sax.SaxHandler Start Document
[04-27 20:20:35,487, 4587] sax.SaxHandler Class name: resource.ServerSettings
[04-27 20:20:35,489, 4589] sax.SaxHandler port = 8080
[04-27 20:20:35,502, 4602] sax.SaxHandler End document
[04-27 20:20:35,502, 4602] resource.ResourceFactory Resource serverSettings was parsed
[04-27 20:20:35,507, 4607] sax.SaxHandler Start Document
[04-27 20:20:35,507, 4607] sax.SaxHandler Class name: resource.LoggerMessages
[04-27 20:20:35,507, 4607] sax.SaxHandler doPostStart = doPost Start
[04-27 20:20:35,507, 4607] sax.SaxHandler doPostFinish = doPost Success
[04-27 20:20:35,508, 4608] sax.SaxHandler doGetStart = doGet Start
[04-27 20:20:35,508, 4608] sax.SaxHandler doGetFinish = doGet Success
[04-27 20:20:35,508, 4608] sax.SaxHandler isAdmin = User:{} is admin
[04-27 20:20:35,508, 4608] sax.SaxHandler isNotAdmin = User:{} is not admin
[04-27 20:20:35,508, 4608] sax.SaxHandler wrongAction = Wrong action
[04-27 20:20:35,508, 4608] sax.SaxHandler statistic = Getting Statistic
[04-27 20:20:35,509, 4609] sax.SaxHandler stop = Stopping server
[04-27 20:20:35,509, 4609] sax.SaxHandler notAuthorised = Not Authorised
[04-27 20:20:35,509, 4609] sax.SaxHandler authorised = User:{} is Authorised
[04-27 20:20:35,509, 4609] sax.SaxHandler hasAuthorised = User:{} has Authorised
[04-27 20:20:35,509, 4609] sax.SaxHandler lackOfParam = No param "{}" in request
[04-27 20:20:35,509, 4609] sax.SaxHandler paramHasWrongType = Param:"{}" has wrong type
[04-27 20:20:35,509, 4609] sax.SaxHandler signUp = New user is signing up
[04-27 20:20:35,509, 4609] sax.SaxHandler signIn = User is signing in
[04-27 20:20:35,510, 4610] sax.SaxHandler alreadyLoggedIn = User:{} is already Logged In
[04-27 20:20:35,510, 4610] sax.SaxHandler block = Authorization and signing up is blocked
[04-27 20:20:35,510, 4610] sax.SaxHandler wrongPasOrLogin = Wrong password:"{}" or login:"{}"
[04-27 20:20:35,510, 4610] sax.SaxHandler loggedOut = User:{} logged out
[04-27 20:20:35,510, 4610] sax.SaxHandler loginIsAlreadyExist = User with such login "{}" is already exist
[04-27 20:20:35,510, 4610] sax.SaxHandler wrongSignUpData = Wrong login:"{}" or email:"{}" or password:"{}"
[04-27 20:20:35,510, 4610] sax.SaxHandler onMessage = User:{} has sent Message:{}
[04-27 20:20:35,510, 4610] sax.SaxHandler onOpen = User:{} is opening connection
[04-27 20:20:35,510, 4610] sax.SaxHandler onClose = User:{} has closed connection
[04-27 20:20:35,510, 4610] sax.SaxHandler configure = Configure
[04-27 20:20:35,511, 4611] sax.SaxHandler setBlock = Signing in and Signing up are blocked
[04-27 20:20:35,511, 4611] sax.SaxHandler unsetBlock = Signing in and Signing up are released
[04-27 20:20:35,511, 4611] sax.SaxHandler startGame = Start game
[04-27 20:20:35,511, 4611] sax.SaxHandler firstPlayer = First player
[04-27 20:20:35,511, 4611] sax.SaxHandler secondPlayer = Second player
[04-27 20:20:35,511, 4611] sax.SaxHandler sessionFinished = Session finished
[04-27 20:20:35,511, 4611] sax.SaxHandler draw = Draw between {}, {}
[04-27 20:20:35,511, 4611] sax.SaxHandler isWinner = {} is winner
[04-27 20:20:35,511, 4611] sax.SaxHandler isLoser = {} is loser
[04-27 20:20:35,511, 4611] sax.SaxHandler signUpSuccess = User {} was successfully signed up
[04-27 20:20:35,512, 4612] sax.SaxHandler newSocket = Start creating New socket 
[04-27 20:20:35,512, 4612] sax.SaxHandler newSocketSuccess = New Socket Successfully constructed
[04-27 20:20:35,512, 4612] sax.SaxHandler requestGetParams = Request params {}
[04-27 20:20:35,512, 4612] sax.SaxHandler jsonGotFromRequest = JSON from request: {}
[04-27 20:20:35,513, 4613] sax.SaxHandler errorXML = Error while reading XML
[04-27 20:20:35,513, 4613] sax.SaxHandler startXML = Start Document
[04-27 20:20:35,513, 4613] sax.SaxHandler endXML = End document
[04-27 20:20:35,513, 4613] sax.SaxHandler className = Class name: {}
[04-27 20:20:35,514, 4614] sax.SaxHandler aEqualB = {} = {}
[04-27 20:20:35,514, 4614] sax.SaxHandler resourceWasParsed = Resource {} was parsed
[04-27 20:20:35,514, 4614] sax.SaxHandler End document
[04-27 20:20:35,514, 4614] resource.ResourceFactory Resource loggerMessages was parsed
[04-27 20:20:35,514, 4614] main.Main Starting at port: 8080

[04-27 20:20:35,806, 4906] sax.SaxHandler Start Document
[04-27 20:20:35,807, 4907] sax.SaxHandler Class name: resource.Messages
[04-27 20:20:35,808, 4908] sax.SaxHandler adminPage = Admin page
[04-27 20:20:35,808, 4908] sax.SaxHandler notFound = 404: Not Found.
[04-27 20:20:35,808, 4908] sax.SaxHandler wrongParamAction = Wrong 'action'
[04-27 20:20:35,808, 4908] sax.SaxHandler notAuthorised = Not Authorised
[04-27 20:20:35,808, 4908] sax.SaxHandler logInStatus = Log In:
[04-27 20:20:35,808, 4908] sax.SaxHandler alreadyLoggedIn = You has already Logged In
[04-27 20:20:35,808, 4908] sax.SaxHandler block = Authorization and signing up is blocked
[04-27 20:20:35,809, 4909] sax.SaxHandler wrongPasOrLogin = Wrong password or login
[04-27 20:20:35,809, 4909] sax.SaxHandler fillAllTheGaps = Fill all the gaps, please:
[04-27 20:20:35,809, 4909] sax.SaxHandler logOutFirst = You have to logout before signing up.
[04-27 20:20:35,810, 4910] sax.SaxHandler exist = Such user already exists
[04-27 20:20:35,810, 4910] sax.SaxHandler wrongSignUpData = Wrong sign Up data
[04-27 20:20:35,810, 4910] sax.SaxHandler wrongLimit = WrongLimit
[04-27 20:20:35,810, 4910] sax.SaxHandler End document
[04-27 20:20:35,810, 4910] resource.ResourceFactory Resource messages was parsed
[04-27 20:20:35,832, 4932] sax.SaxHandler Start Document
[04-27 20:20:35,832, 4932] sax.SaxHandler Class name: resource.GameMechanicsSettings
[04-27 20:20:35,833, 4933] sax.SaxHandler timeLimit = 15
[04-27 20:20:35,833, 4933] sax.SaxHandler numAmount = 10
[04-27 20:20:35,833, 4933] sax.SaxHandler weight = 10
[04-27 20:20:35,833, 4933] sax.SaxHandler minDelta = 10
[04-27 20:20:35,833, 4933] sax.SaxHandler End document
[04-27 20:20:35,833, 4933] resource.ResourceFactory Resource gameMechanicsSettings was parsed
[04-27 20:20:36,224, 5324] frontend.game.WebSocketGameServlet Configure
[04-27 20:20:36,475, 5575] main.AppServer Start
[04-27 20:20:36,478, 5578] main.AppServer With resending actions
[04-27 20:21:05,477, 34577] frontend.SignUpServlet doPost Start
[04-27 20:21:05,480, 34580] frontend.SignUpServlet Request params {}
[04-27 20:21:05,518, 34618] utils.JsonInterpreterFromRequest JSON from request: {"password":"qwerty","login":"qwerty","email":"qwerty@mail.ru"}
[04-27 20:21:05,706, 34806] frontend.SignUpServlet User qwerty was successfully signed up
[04-27 20:21:05,706, 34806] frontend.SignUpServlet User:qwerty has Authorised
[04-27 20:21:05,708, 34808] frontend.SignUpServlet doPost Success
[04-27 20:21:23,288, 52388] frontend.SignUpServlet doPost Start
[04-27 20:21:23,289, 52389] frontend.SignUpServlet Request params {}
[04-27 20:21:23,293, 52393] utils.JsonInterpreterFromRequest JSON from request: {"password":"qwerty2","login":"qwerty2","email":"qwerty2@mail.ru"}
[04-27 20:21:23,301, 52401] frontend.SignUpServlet User qwerty2 was successfully signed up
[04-27 20:21:23,301, 52401] frontend.SignUpServlet User:qwerty2 has Authorised
[04-27 20:21:23,302, 52402] frontend.SignUpServlet doPost Success
[04-27 20:21:27,498, 56598] frontend.game.GameWebSocket Start creating New socket 
[04-27 20:21:27,498, 56598] frontend.game.GameWebSocket New Socket Successfully constructed
[04-27 20:21:27,591, 56691] frontend.game.GameWebSocket User:qwerty is opening connection
[04-27 20:21:27,592, 56692] Interface.GameMechanics First player
[04-27 20:21:29,250, 58350] frontend.game.GameWebSocket Start creating New socket 
[04-27 20:21:29,251, 58351] frontend.game.GameWebSocket New Socket Successfully constructed
[04-27 20:21:29,260, 58360] frontend.game.GameWebSocket User:qwerty2 is opening connection
[04-27 20:21:29,260, 58360] Interface.GameMechanics Second player
[04-27 20:21:29,260, 58360] Interface.GameMechanics Start game
[04-27 20:21:29,273, 58373] Interface.GameMechanics null
[04-27 20:21:29,273, 58373] Interface.GameMechanics null
[04-27 20:21:34,418, 63518] frontend.game.GameWebSocket User:qwerty has sent Message:{"Player":"1","action":"1"}
[04-27 20:21:34,419, 63519] utils.JsonInterpreterFromRequest JSON from request: {"Player":"1","action":"1"}
[04-27 20:21:34,424, 63524] frontend.game.GameWebSocket User:qwerty has sent Message:{"Player":"1","action":"1"}
[04-27 20:21:34,424, 63524] utils.JsonInterpreterFromRequest JSON from request: {"Player":"1","action":"1"}
[04-27 20:21:34,434, 63534] frontend.game.GameWebSocket User:qwerty has sent Message:{"Player":"1","action":"1"}
[04-27 20:21:34,434, 63534] utils.JsonInterpreterFromRequest JSON from request: {"Player":"1","action":"1"}
[04-27 20:21:34,484, 63584] frontend.game.GameWebSocket User:qwerty has sent Message:{"Player":"1","action":"1"}
[04-27 20:21:34,485, 63585] utils.JsonInterpreterFromRequest JSON from request: {"Player":"1","action":"1"}
[04-27 20:21:34,497, 63597] frontend.game.GameWebSocket User:qwerty has sent Message:{"Player":"1","action":"1"}
[04-27 20:21:34,498, 63598] utils.JsonInterpreterFromRequest JSON from request: {"Player":"1","action":"1"}
[04-27 20:21:34,601, 63701] frontend.game.GameWebSocket User:qwerty has sent Message:{"Player":"1","action":"1"}
[04-27 20:21:34,602, 63702] utils.JsonInterpreterFromRequest JSON from request: {"Player":"1","action":"1"}
[04-27 20:21:34,619, 63719] frontend.game.GameWebSocket User:qwerty has sent Message:{"Player":"1","action":"1"}
[04-27 20:21:34,620, 63720] utils.JsonInterpreterFromRequest JSON from request: {"Player":"1","action":"1"}
[04-27 20:21:34,701, 63801] frontend.game.GameWebSocket User:qwerty has sent Message:{"Player":"1","action":"1"}
[04-27 20:21:34,701, 63801] utils.JsonInterpreterFromRequest JSON from request: {"Player":"1","action":"1"}
[04-27 20:21:34,706, 63806] frontend.game.GameWebSocket User:qwerty has sent Message:{"Player":"1","action":"1"}
[04-27 20:21:34,706, 63806] utils.JsonInterpreterFromRequest JSON from request: {"Player":"1","action":"1"}
[04-27 20:21:34,711, 63811] frontend.game.GameWebSocket User:qwerty has sent Message:{"Player":"1","action":"1"}
[04-27 20:21:34,711, 63811] utils.JsonInterpreterFromRequest JSON from request: {"Player":"1","action":"1"}
[04-27 20:21:34,785, 63885] frontend.game.GameWebSocket User:qwerty has sent Message:{"Player":"1","action":"1"}
[04-27 20:21:34,785, 63885] utils.JsonInterpreterFromRequest JSON from request: {"Player":"1","action":"1"}
[04-27 20:21:34,788, 63888] frontend.game.GameWebSocket User:qwerty has sent Message:{"Player":"1","action":"1"}
[04-27 20:21:34,788, 63888] utils.JsonInterpreterFromRequest JSON from request: {"Player":"1","action":"1"}
[04-27 20:21:34,860, 63960] frontend.game.GameWebSocket User:qwerty has sent Message:{"Player":"1","action":"1"}
[04-27 20:21:34,860, 63960] utils.JsonInterpreterFromRequest JSON from request: {"Player":"1","action":"1"}
[04-27 20:21:34,883, 63983] frontend.game.GameWebSocket User:qwerty has sent Message:{"Player":"1","action":"1"}
[04-27 20:21:34,883, 63983] utils.JsonInterpreterFromRequest JSON from request: {"Player":"1","action":"1"}
[04-27 20:21:34,886, 63986] frontend.game.GameWebSocket User:qwerty has sent Message:{"Player":"1","action":"1"}
[04-27 20:21:34,887, 63987] utils.JsonInterpreterFromRequest JSON from request: {"Player":"1","action":"1"}
[04-27 20:21:34,909, 64009] frontend.game.GameWebSocket User:qwerty has sent Message:{"Player":"1","action":"1"}
[04-27 20:21:34,909, 64009] utils.JsonInterpreterFromRequest JSON from request: {"Player":"1","action":"1"}
[04-27 20:21:34,943, 64043] frontend.game.GameWebSocket User:qwerty has sent Message:{"Player":"1","action":"1"}
[04-27 20:21:34,943, 64043] utils.JsonInterpreterFromRequest JSON from request: {"Player":"1","action":"1"}
[04-27 20:21:34,957, 64057] frontend.game.GameWebSocket User:qwerty has sent Message:{"Player":"1","action":"1"}
[04-27 20:21:34,958, 64058] utils.JsonInterpreterFromRequest JSON from request: {"Player":"1","action":"1"}
[04-27 20:21:35,140, 64240] frontend.game.GameWebSocket User:qwerty has sent Message:{"Player":"1","action":"1"}
[04-27 20:21:35,140, 64240] utils.JsonInterpreterFromRequest JSON from request: {"Player":"1","action":"1"}
[04-27 20:21:35,167, 64267] frontend.game.GameWebSocket User:qwerty has sent Message:{"Player":"1","action":"1"}
[04-27 20:21:35,167, 64267] utils.JsonInterpreterFromRequest JSON from request: {"Player":"1","action":"1"}
[04-27 20:21:35,283, 64383] frontend.game.GameWebSocket User:qwerty has sent Message:{"Player":"1","action":"1"}
[04-27 20:21:35,284, 64384] utils.JsonInterpreterFromRequest JSON from request: {"Player":"1","action":"1"}
[04-27 20:21:35,296, 64396] frontend.game.GameWebSocket User:qwerty has sent Message:{"Player":"1","action":"1"}
[04-27 20:21:35,296, 64396] utils.JsonInterpreterFromRequest JSON from request: {"Player":"1","action":"1"}
[04-27 20:21:35,380, 64480] frontend.game.GameWebSocket User:qwerty has sent Message:{"Player":"1","action":"1"}
[04-27 20:21:35,380, 64480] utils.JsonInterpreterFromRequest JSON from request: {"Player":"1","action":"1"}
[04-27 20:21:35,415, 64515] frontend.game.GameWebSocket User:qwerty has sent Message:{"Player":"1","action":"1"}
[04-27 20:21:35,416, 64516] utils.JsonInterpreterFromRequest JSON from request: {"Player":"1","action":"1"}
[04-27 20:21:35,423, 64523] frontend.game.GameWebSocket User:qwerty has sent Message:{"Player":"1","action":"1"}
[04-27 20:21:35,423, 64523] utils.JsonInterpreterFromRequest JSON from request: {"Player":"1","action":"1"}
[04-27 20:21:35,429, 64529] frontend.game.GameWebSocket User:qwerty has sent Message:{"Player":"1","action":"1"}
[04-27 20:21:35,430, 64530] utils.JsonInterpreterFromRequest JSON from request: {"Player":"1","action":"1"}
[04-27 20:21:36,707, 65807] frontend.game.GameWebSocket User:qwerty2 has sent Message:{"Player":"2","action":"3"}
[04-27 20:21:36,707, 65807] utils.JsonInterpreterFromRequest JSON from request: {"Player":"2","action":"3"}
[04-27 20:21:36,739, 65839] frontend.game.GameWebSocket User:qwerty2 has sent Message:{"Player":"2","action":"3"}
[04-27 20:21:36,739, 65839] utils.JsonInterpreterFromRequest JSON from request: {"Player":"2","action":"3"}
[04-27 20:21:36,743, 65843] frontend.game.GameWebSocket User:qwerty2 has sent Message:{"Player":"2","action":"3"}
[04-27 20:21:36,743, 65843] utils.JsonInterpreterFromRequest JSON from request: {"Player":"2","action":"3"}
[04-27 20:21:36,845, 65945] frontend.game.GameWebSocket User:qwerty2 has sent Message:{"Player":"2","action":"3"}
[04-27 20:21:36,845, 65945] utils.JsonInterpreterFromRequest JSON from request: {"Player":"2","action":"3"}
[04-27 20:21:36,848, 65948] frontend.game.GameWebSocket User:qwerty2 has sent Message:{"Player":"2","action":"3"}
[04-27 20:21:36,850, 65950] utils.JsonInterpreterFromRequest JSON from request: {"Player":"2","action":"3"}
[04-27 20:21:36,859, 65959] frontend.game.GameWebSocket User:qwerty2 has sent Message:{"Player":"2","action":"3"}
[04-27 20:21:36,859, 65959] utils.JsonInterpreterFromRequest JSON from request: {"Player":"2","action":"3"}
[04-27 20:21:36,987, 66087] frontend.game.GameWebSocket User:qwerty2 has sent Message:{"Player":"2","action":"3"}
[04-27 20:21:36,987, 66087] utils.JsonInterpreterFromRequest JSON from request: {"Player":"2","action":"3"}
[04-27 20:21:36,990, 66090] frontend.game.GameWebSocket User:qwerty2 has sent Message:{"Player":"2","action":"3"}
[04-27 20:21:36,991, 66091] utils.JsonInterpreterFromRequest JSON from request: {"Player":"2","action":"3"}
[04-27 20:21:37,016, 66116] frontend.game.GameWebSocket User:qwerty2 has sent Message:{"Player":"2","action":"3"}
[04-27 20:21:37,016, 66116] utils.JsonInterpreterFromRequest JSON from request: {"Player":"2","action":"3"}
[04-27 20:21:37,028, 66128] frontend.game.GameWebSocket User:qwerty2 has sent Message:{"Player":"2","action":"3"}
[04-27 20:21:37,029, 66129] utils.JsonInterpreterFromRequest JSON from request: {"Player":"2","action":"3"}
[04-27 20:21:37,240, 66340] frontend.game.GameWebSocket User:qwerty2 has sent Message:{"Player":"2","action":"3"}
[04-27 20:21:37,241, 66341] utils.JsonInterpreterFromRequest JSON from request: {"Player":"2","action":"3"}
[04-27 20:21:37,263, 66363] frontend.game.GameWebSocket User:qwerty2 has sent Message:{"Player":"2","action":"3"}
[04-27 20:21:37,263, 66363] utils.JsonInterpreterFromRequest JSON from request: {"Player":"2","action":"3"}
[04-27 20:21:37,265, 66365] frontend.game.GameWebSocket User:qwerty2 has sent Message:{"Player":"2","action":"3"}
[04-27 20:21:37,265, 66365] utils.JsonInterpreterFromRequest JSON from request: {"Player":"2","action":"3"}
[04-27 20:21:37,356, 66456] frontend.game.GameWebSocket User:qwerty2 has sent Message:{"Player":"2","action":"3"}
[04-27 20:21:37,357, 66457] utils.JsonInterpreterFromRequest JSON from request: {"Player":"2","action":"3"}
[04-27 20:21:37,420, 66520] frontend.game.GameWebSocket User:qwerty2 has sent Message:{"Player":"2","action":"3"}
[04-27 20:21:37,420, 66520] utils.JsonInterpreterFromRequest JSON from request: {"Player":"2","action":"3"}
[04-27 20:21:37,423, 66523] frontend.game.GameWebSocket User:qwerty2 has sent Message:{"Player":"2","action":"3"}
[04-27 20:21:37,423, 66523] utils.JsonInterpreterFromRequest JSON from request: {"Player":"2","action":"3"}
[04-27 20:21:37,446, 66546] frontend.game.GameWebSocket User:qwerty2 has sent Message:{"Player":"2","action":"3"}
[04-27 20:21:37,446, 66546] utils.JsonInterpreterFromRequest JSON from request: {"Player":"2","action":"3"}
[04-27 20:21:44,352, 73452] Interface.GameMechanics Draw between qwerty, qwerty2
[04-27 20:21:44,355, 73455] Interface.GameMechanics Session finished
[04-27 20:22:41,037, 130137] frontend.game.GameWebSocket Start creating New socket 
[04-27 20:22:41,037, 130137] frontend.game.GameWebSocket New Socket Successfully constructed
[04-27 20:22:41,039, 130139] frontend.game.GameWebSocket User:qwerty2 is opening connection
[04-27 20:22:41,039, 130139] Interface.GameMechanics First player
[04-27 20:22:43,781, 132881] frontend.game.GameWebSocket Start creating New socket 
[04-27 20:22:43,781, 132881] frontend.game.GameWebSocket New Socket Successfully constructed
[04-27 20:22:43,782, 132882] frontend.game.GameWebSocket User:qwerty is opening connection
[04-27 20:22:43,782, 132882] Interface.GameMechanics Second player
[04-27 20:22:43,782, 132882] Interface.GameMechanics Start game
[04-27 20:22:43,783, 132883] Interface.GameMechanics null
[04-27 20:22:43,783, 132883] Interface.GameMechanics null
[04-27 20:22:44,361, 133461] frontend.game.GameWebSocket User:qwerty has closed connection
[04-27 20:22:44,364, 133464] frontend.game.GameWebSocket User:qwerty2 has closed connection
[04-27 20:22:58,828, 147928] Interface.GameMechanics Draw between qwerty2, qwerty
[04-27 20:22:58,839, 147939] Interface.GameMechanics Session finished
[04-27 20:23:11,686, 160786] frontend.game.GameWebSocket User:qwerty has sent Message:{"Player":"2","action":"1"}
[04-27 20:23:11,686, 160786] utils.JsonInterpreterFromRequest JSON from request: {"Player":"2","action":"1"}
[04-27 20:23:11,716, 160816] frontend.game.GameWebSocket User:qwerty has sent Message:{"Player":"2","action":"1"}
[04-27 20:23:11,716, 160816] utils.JsonInterpreterFromRequest JSON from request: {"Player":"2","action":"1"}
[04-27 20:23:11,750, 160850] frontend.game.GameWebSocket User:qwerty has sent Message:{"Player":"2","action":"1"}
[04-27 20:23:11,750, 160850] utils.JsonInterpreterFromRequest JSON from request: {"Player":"2","action":"1"}
[04-27 20:23:11,756, 160856] frontend.game.GameWebSocket User:qwerty has sent Message:{"Player":"2","action":"1"}
[04-27 20:23:11,756, 160856] utils.JsonInterpreterFromRequest JSON from request: {"Player":"2","action":"1"}
[04-27 20:23:11,765, 160865] frontend.game.GameWebSocket User:qwerty has sent Message:{"Player":"2","action":"1"}
[04-27 20:23:11,765, 160865] utils.JsonInterpreterFromRequest JSON from request: {"Player":"2","action":"1"}
[04-27 20:23:11,802, 160902] frontend.game.GameWebSocket User:qwerty has sent Message:{"Player":"2","action":"3"}
[04-27 20:23:11,803, 160903] utils.JsonInterpreterFromRequest JSON from request: {"Player":"2","action":"3"}
[04-27 20:23:11,809, 160909] frontend.game.GameWebSocket User:qwerty has sent Message:{"Player":"2","action":"3"}
[04-27 20:23:11,809, 160909] utils.JsonInterpreterFromRequest JSON from request: {"Player":"2","action":"3"}
[04-27 20:23:11,812, 160912] frontend.game.GameWebSocket User:qwerty has sent Message:{"Player":"2","action":"3"}
[04-27 20:23:11,813, 160913] utils.JsonInterpreterFromRequest JSON from request: {"Player":"2","action":"3"}
[04-27 20:23:11,836, 160936] frontend.game.GameWebSocket User:qwerty has sent Message:{"Player":"2","action":"3"}
[04-27 20:23:11,836, 160936] utils.JsonInterpreterFromRequest JSON from request: {"Player":"2","action":"3"}
[04-27 20:23:11,845, 160945] frontend.game.GameWebSocket User:qwerty has sent Message:{"Player":"2","action":"3"}
[04-27 20:23:11,845, 160945] utils.JsonInterpreterFromRequest JSON from request: {"Player":"2","action":"3"}
[04-27 20:23:11,909, 161009] frontend.game.GameWebSocket User:qwerty has sent Message:{"Player":"2","action":"3"}
[04-27 20:23:11,909, 161009] utils.JsonInterpreterFromRequest JSON from request: {"Player":"2","action":"3"}
[04-27 20:23:11,918, 161018] frontend.game.GameWebSocket User:qwerty has sent Message:{"Player":"2","action":"3"}
[04-27 20:23:11,919, 161019] utils.JsonInterpreterFromRequest JSON from request: {"Player":"2","action":"3"}
[04-27 20:23:11,933, 161033] frontend.game.GameWebSocket User:qwerty has sent Message:{"Player":"2","action":"3"}
[04-27 20:23:11,933, 161033] utils.JsonInterpreterFromRequest JSON from request: {"Player":"2","action":"3"}
[04-27 20:23:11,972, 161072] frontend.game.GameWebSocket User:qwerty has sent Message:{"Player":"2","action":"3"}
[04-27 20:23:11,972, 161072] utils.JsonInterpreterFromRequest JSON from request: {"Player":"2","action":"3"}
[04-27 20:23:11,973, 161073] frontend.game.GameWebSocket User:qwerty has sent Message:{"Player":"2","action":"3"}
[04-27 20:23:11,973, 161073] utils.JsonInterpreterFromRequest JSON from request: {"Player":"2","action":"3"}
[04-27 20:23:11,980, 161080] frontend.game.GameWebSocket User:qwerty has sent Message:{"Player":"2","action":"3"}
[04-27 20:23:11,980, 161080] utils.JsonInterpreterFromRequest JSON from request: {"Player":"2","action":"3"}
[04-27 20:23:12,064, 161164] frontend.game.GameWebSocket User:qwerty has sent Message:{"Player":"2","action":"3"}
[04-27 20:23:12,064, 161164] utils.JsonInterpreterFromRequest JSON from request: {"Player":"2","action":"3"}
[04-27 20:23:12,069, 161169] frontend.game.GameWebSocket User:qwerty has sent Message:{"Player":"2","action":"3"}
[04-27 20:23:12,069, 161169] utils.JsonInterpreterFromRequest JSON from request: {"Player":"2","action":"3"}
[04-27 20:23:12,074, 161174] frontend.game.GameWebSocket User:qwerty has sent Message:{"Player":"2","action":"3"}
[04-27 20:23:12,074, 161174] utils.JsonInterpreterFromRequest JSON from request: {"Player":"2","action":"3"}
[04-27 20:23:12,119, 161219] frontend.game.GameWebSocket User:qwerty has sent Message:{"Player":"2","action":"3"}
[04-27 20:23:12,119, 161219] utils.JsonInterpreterFromRequest JSON from request: {"Player":"2","action":"3"}
[04-27 20:23:12,124, 161224] frontend.game.GameWebSocket User:qwerty has sent Message:{"Player":"2","action":"3"}
[04-27 20:23:12,124, 161224] utils.JsonInterpreterFromRequest JSON from request: {"Player":"2","action":"3"}
[04-27 20:23:12,134, 161234] frontend.game.GameWebSocket User:qwerty has sent Message:{"Player":"2","action":"3"}
[04-27 20:23:12,134, 161234] utils.JsonInterpreterFromRequest JSON from request: {"Player":"2","action":"3"}
[04-27 20:23:12,195, 161295] frontend.game.GameWebSocket User:qwerty has sent Message:{"Player":"2","action":"3"}
[04-27 20:23:12,196, 161296] utils.JsonInterpreterFromRequest JSON from request: {"Player":"2","action":"3"}
[04-27 20:23:12,202, 161302] frontend.game.GameWebSocket User:qwerty has sent Message:{"Player":"2","action":"3"}
[04-27 20:23:12,202, 161302] utils.JsonInterpreterFromRequest JSON from request: {"Player":"2","action":"3"}
[04-27 20:23:12,203, 161303] frontend.game.GameWebSocket User:qwerty has sent Message:{"Player":"2","action":"3"}
[04-27 20:23:12,203, 161303] utils.JsonInterpreterFromRequest JSON from request: {"Player":"2","action":"3"}
[04-27 20:23:14,531, 163631] frontend.game.GameWebSocket User:qwerty2 has sent Message:{"Player":"1","action":"3"}
[04-27 20:23:14,535, 163635] utils.JsonInterpreterFromRequest JSON from request: {"Player":"1","action":"3"}
[04-27 20:23:14,560, 163660] frontend.game.GameWebSocket User:qwerty2 has sent Message:{"Player":"1","action":"3"}
[04-27 20:23:14,561, 163661] utils.JsonInterpreterFromRequest JSON from request: {"Player":"1","action":"3"}
[04-27 20:23:14,595, 163695] frontend.game.GameWebSocket User:qwerty2 has sent Message:{"Player":"1","action":"3"}
[04-27 20:23:14,596, 163696] utils.JsonInterpreterFromRequest JSON from request: {"Player":"1","action":"3"}
[04-27 20:23:14,620, 163720] frontend.game.GameWebSocket User:qwerty2 has sent Message:{"Player":"1","action":"3"}
[04-27 20:23:14,620, 163720] utils.JsonInterpreterFromRequest JSON from request: {"Player":"1","action":"3"}
[04-27 20:23:14,627, 163727] frontend.game.GameWebSocket User:qwerty2 has sent Message:{"Player":"1","action":"3"}
[04-27 20:23:14,628, 163728] utils.JsonInterpreterFromRequest JSON from request: {"Player":"1","action":"3"}
[04-27 20:23:14,629, 163729] frontend.game.GameWebSocket User:qwerty2 has sent Message:{"Player":"1","action":"3"}
[04-27 20:23:14,630, 163730] utils.JsonInterpreterFromRequest JSON from request: {"Player":"1","action":"3"}
[04-27 20:23:14,684, 163784] frontend.game.GameWebSocket User:qwerty2 has sent Message:{"Player":"1","action":"3"}
[04-27 20:23:14,684, 163784] utils.JsonInterpreterFromRequest JSON from request: {"Player":"1","action":"3"}
[04-27 20:23:14,727, 163827] frontend.game.GameWebSocket User:qwerty2 has sent Message:{"Player":"1","action":"3"}
[04-27 20:23:14,727, 163827] utils.JsonInterpreterFromRequest JSON from request: {"Player":"1","action":"3"}
[04-27 20:23:14,728, 163828] frontend.game.GameWebSocket User:qwerty2 has sent Message:{"Player":"1","action":"3"}
[04-27 20:23:14,728, 163828] utils.JsonInterpreterFromRequest JSON from request: {"Player":"1","action":"3"}
[04-27 20:23:14,738, 163838] frontend.game.GameWebSocket User:qwerty2 has sent Message:{"Player":"1","action":"3"}
[04-27 20:23:14,738, 163838] utils.JsonInterpreterFromRequest JSON from request: {"Player":"1","action":"3"}
[04-27 20:23:14,906, 164006] frontend.game.GameWebSocket User:qwerty2 has sent Message:{"Player":"1","action":"1"}
[04-27 20:23:14,906, 164006] utils.JsonInterpreterFromRequest JSON from request: {"Player":"1","action":"1"}
[04-27 20:23:14,907, 164007] frontend.game.GameWebSocket User:qwerty2 has sent Message:{"Player":"1","action":"1"}
[04-27 20:23:14,907, 164007] utils.JsonInterpreterFromRequest JSON from request: {"Player":"1","action":"1"}
[04-27 20:23:14,974, 164074] frontend.game.GameWebSocket User:qwerty2 has sent Message:{"Player":"1","action":"1"}
[04-27 20:23:14,974, 164074] utils.JsonInterpreterFromRequest JSON from request: {"Player":"1","action":"1"}
[04-27 20:23:14,978, 164078] frontend.game.GameWebSocket User:qwerty2 has sent Message:{"Player":"1","action":"1"}
[04-27 20:23:14,978, 164078] utils.JsonInterpreterFromRequest JSON from request: {"Player":"1","action":"1"}
[04-27 20:23:14,980, 164080] frontend.game.GameWebSocket User:qwerty2 has sent Message:{"Player":"1","action":"1"}
[04-27 20:23:14,980, 164080] utils.JsonInterpreterFromRequest JSON from request: {"Player":"1","action":"1"}
[04-27 20:23:15,040, 164140] frontend.game.GameWebSocket User:qwerty2 has sent Message:{"Player":"1","action":"1"}
[04-27 20:23:15,040, 164140] utils.JsonInterpreterFromRequest JSON from request: {"Player":"1","action":"1"}
[04-27 20:23:15,045, 164145] frontend.game.GameWebSocket User:qwerty2 has sent Message:{"Player":"1","action":"1"}
[04-27 20:23:15,045, 164145] utils.JsonInterpreterFromRequest JSON from request: {"Player":"1","action":"1"}
[04-27 20:23:15,060, 164160] frontend.game.GameWebSocket User:qwerty2 has sent Message:{"Player":"1","action":"1"}
[04-27 20:23:15,060, 164160] utils.JsonInterpreterFromRequest JSON from request: {"Player":"1","action":"1"}
[04-27 20:23:15,092, 164192] frontend.game.GameWebSocket User:qwerty2 has sent Message:{"Player":"1","action":"1"}
[04-27 20:23:15,092, 164192] utils.JsonInterpreterFromRequest JSON from request: {"Player":"1","action":"1"}
[04-27 20:23:15,093, 164193] frontend.game.GameWebSocket User:qwerty2 has sent Message:{"Player":"1","action":"1"}
[04-27 20:23:15,094, 164194] utils.JsonInterpreterFromRequest JSON from request: {"Player":"1","action":"1"}
[04-27 20:23:15,110, 164210] frontend.game.GameWebSocket User:qwerty2 has sent Message:{"Player":"1","action":"1"}
[04-27 20:23:15,110, 164210] utils.JsonInterpreterFromRequest JSON from request: {"Player":"1","action":"1"}
[04-27 20:23:15,153, 164253] frontend.game.GameWebSocket User:qwerty2 has sent Message:{"Player":"1","action":"1"}
[04-27 20:23:15,153, 164253] utils.JsonInterpreterFromRequest JSON from request: {"Player":"1","action":"1"}
[04-27 20:23:15,155, 164255] frontend.game.GameWebSocket User:qwerty2 has sent Message:{"Player":"1","action":"1"}
[04-27 20:23:15,155, 164255] utils.JsonInterpreterFromRequest JSON from request: {"Player":"1","action":"1"}
[04-27 20:23:15,158, 164258] frontend.game.GameWebSocket User:qwerty2 has sent Message:{"Player":"1","action":"1"}
[04-27 20:23:15,158, 164258] utils.JsonInterpreterFromRequest JSON from request: {"Player":"1","action":"1"}
[04-27 20:23:15,220, 164320] frontend.game.GameWebSocket User:qwerty2 has sent Message:{"Player":"1","action":"1"}
[04-27 20:23:15,220, 164320] utils.JsonInterpreterFromRequest JSON from request: {"Player":"1","action":"1"}
[04-27 20:23:15,224, 164324] frontend.game.GameWebSocket User:qwerty2 has sent Message:{"Player":"1","action":"1"}
[04-27 20:23:15,225, 164325] utils.JsonInterpreterFromRequest JSON from request: {"Player":"1","action":"1"}
[04-27 20:23:15,231, 164331] frontend.game.GameWebSocket User:qwerty2 has sent Message:{"Player":"1","action":"1"}
[04-27 20:23:15,231, 164331] utils.JsonInterpreterFromRequest JSON from request: {"Player":"1","action":"1"}
[04-27 20:23:15,279, 164379] frontend.game.GameWebSocket User:qwerty2 has sent Message:{"Player":"1","action":"1"}
[04-27 20:23:15,279, 164379] utils.JsonInterpreterFromRequest JSON from request: {"Player":"1","action":"1"}
[04-27 20:23:15,286, 164386] frontend.game.GameWebSocket User:qwerty2 has sent Message:{"Player":"1","action":"1"}
[04-27 20:23:15,286, 164386] utils.JsonInterpreterFromRequest JSON from request: {"Player":"1","action":"1"}
[04-27 20:23:15,290, 164390] frontend.game.GameWebSocket User:qwerty2 has sent Message:{"Player":"1","action":"1"}
[04-27 20:23:15,291, 164391] utils.JsonInterpreterFromRequest JSON from request: {"Player":"1","action":"1"}
[04-27 20:23:15,328, 164428] frontend.game.GameWebSocket User:qwerty2 has sent Message:{"Player":"1","action":"1"}
[04-27 20:23:15,371, 164471] utils.JsonInterpreterFromRequest JSON from request: {"Player":"1","action":"1"}
[04-27 20:23:15,371, 164471] frontend.game.GameWebSocket User:qwerty2 has sent Message:{"Player":"1","action":"1"}
[04-27 20:23:15,371, 164471] utils.JsonInterpreterFromRequest JSON from request: {"Player":"1","action":"1"}
[04-27 20:23:15,372, 164472] frontend.game.GameWebSocket User:qwerty2 has sent Message:{"Player":"1","action":"1"}
[04-27 20:23:15,372, 164472] utils.JsonInterpreterFromRequest JSON from request: {"Player":"1","action":"1"}
[04-27 20:23:15,411, 164511] frontend.game.GameWebSocket User:qwerty2 has sent Message:{"Player":"1","action":"1"}
[04-27 20:23:15,420, 164520] utils.JsonInterpreterFromRequest JSON from request: {"Player":"1","action":"1"}
[04-27 20:23:15,424, 164524] frontend.game.GameWebSocket User:qwerty2 has sent Message:{"Player":"1","action":"1"}
[04-27 20:23:15,425, 164525] utils.JsonInterpreterFromRequest JSON from request: {"Player":"1","action":"1"}
[04-27 20:23:15,429, 164529] frontend.game.GameWebSocket User:qwerty2 has sent Message:{"Player":"1","action":"1"}
[04-27 20:23:15,430, 164530] utils.JsonInterpreterFromRequest JSON from request: {"Player":"1","action":"1"}
[04-27 20:23:15,468, 164568] frontend.game.GameWebSocket User:qwerty2 has sent Message:{"Player":"1","action":"1"}
[04-27 20:23:15,468, 164568] utils.JsonInterpreterFromRequest JSON from request: {"Player":"1","action":"1"}
[04-27 20:23:15,472, 164572] frontend.game.GameWebSocket User:qwerty2 has sent Message:{"Player":"1","action":"1"}
[04-27 20:23:15,472, 164572] utils.JsonInterpreterFromRequest JSON from request: {"Player":"1","action":"1"}
[04-27 20:23:15,483, 164583] frontend.game.GameWebSocket User:qwerty2 has sent Message:{"Player":"1","action":"1"}
[04-27 20:23:15,484, 164584] utils.JsonInterpreterFromRequest JSON from request: {"Player":"1","action":"1"}
[04-27 20:23:15,520, 164620] frontend.game.GameWebSocket User:qwerty2 has sent Message:{"Player":"1","action":"1"}
[04-27 20:23:15,521, 164621] utils.JsonInterpreterFromRequest JSON from request: {"Player":"1","action":"1"}
[04-27 20:23:15,525, 164625] frontend.game.GameWebSocket User:qwerty2 has sent Message:{"Player":"1","action":"1"}
[04-27 20:23:15,525, 164625] utils.JsonInterpreterFromRequest JSON from request: {"Player":"1","action":"1"}
[04-27 20:23:15,529, 164629] frontend.game.GameWebSocket User:qwerty2 has sent Message:{"Player":"1","action":"1"}
[04-27 20:23:15,529, 164629] utils.JsonInterpreterFromRequest JSON from request: {"Player":"1","action":"1"}
[04-27 20:23:15,588, 164688] frontend.game.GameWebSocket User:qwerty2 has sent Message:{"Player":"1","action":"1"}
[04-27 20:23:15,589, 164689] utils.JsonInterpreterFromRequest JSON from request: {"Player":"1","action":"1"}
[04-27 20:23:15,590, 164690] frontend.game.GameWebSocket User:qwerty2 has sent Message:{"Player":"1","action":"1"}
[04-27 20:23:15,591, 164691] utils.JsonInterpreterFromRequest JSON from request: {"Player":"1","action":"1"}
[04-27 20:23:15,592, 164692] frontend.game.GameWebSocket User:qwerty2 has sent Message:{"Player":"1","action":"1"}
[04-27 20:23:15,593, 164693] utils.JsonInterpreterFromRequest JSON from request: {"Player":"1","action":"1"}
[04-27 20:23:15,655, 164755] frontend.game.GameWebSocket User:qwerty2 has sent Message:{"Player":"1","action":"1"}
[04-27 20:23:15,656, 164756] utils.JsonInterpreterFromRequest JSON from request: {"Player":"1","action":"1"}
[04-27 20:23:15,656, 164756] frontend.game.GameWebSocket User:qwerty2 has sent Message:{"Player":"1","action":"1"}
[04-27 20:23:15,657, 164757] utils.JsonInterpreterFromRequest JSON from request: {"Player":"1","action":"1"}
[04-27 20:23:15,659, 164759] frontend.game.GameWebSocket User:qwerty2 has sent Message:{"Player":"1","action":"1"}
[04-27 20:23:15,659, 164759] utils.JsonInterpreterFromRequest JSON from request: {"Player":"1","action":"1"}
[04-27 20:23:15,710, 164810] frontend.game.GameWebSocket User:qwerty2 has sent Message:{"Player":"1","action":"1"}
[04-27 20:23:15,710, 164810] utils.JsonInterpreterFromRequest JSON from request: {"Player":"1","action":"1"}
[04-27 20:23:15,713, 164813] frontend.game.GameWebSocket User:qwerty2 has sent Message:{"Player":"1","action":"1"}
[04-27 20:23:15,713, 164813] utils.JsonInterpreterFromRequest JSON from request: {"Player":"1","action":"1"}
[04-27 20:23:15,718, 164818] frontend.game.GameWebSocket User:qwerty2 has sent Message:{"Player":"1","action":"1"}
[04-27 20:23:15,719, 164819] utils.JsonInterpreterFromRequest JSON from request: {"Player":"1","action":"1"}
[04-27 20:23:15,756, 164856] frontend.game.GameWebSocket User:qwerty2 has sent Message:{"Player":"1","action":"1"}
[04-27 20:23:15,757, 164857] utils.JsonInterpreterFromRequest JSON from request: {"Player":"1","action":"1"}
[04-27 20:23:15,772, 164872] frontend.game.GameWebSocket User:qwerty2 has sent Message:{"Player":"1","action":"1"}
[04-27 20:23:15,772, 164872] utils.JsonInterpreterFromRequest JSON from request: {"Player":"1","action":"1"}
[04-27 20:23:15,901, 165001] frontend.game.GameWebSocket User:qwerty2 has sent Message:{"Player":"1","action":"1"}
[04-27 20:23:15,902, 165002] utils.JsonInterpreterFromRequest JSON from request: {"Player":"1","action":"1"}
[04-27 20:23:15,903, 165003] frontend.game.GameWebSocket User:qwerty2 has sent Message:{"Player":"1","action":"1"}
[04-27 20:23:15,903, 165003] utils.JsonInterpreterFromRequest JSON from request: {"Player":"1","action":"1"}
[04-27 20:23:15,904, 165004] frontend.game.GameWebSocket User:qwerty2 has sent Message:{"Player":"1","action":"1"}
[04-27 20:23:15,904, 165004] utils.JsonInterpreterFromRequest JSON from request: {"Player":"1","action":"1"}
[04-27 20:23:15,944, 165044] frontend.game.GameWebSocket User:qwerty2 has sent Message:{"Player":"1","action":"1"}
[04-27 20:23:15,944, 165044] utils.JsonInterpreterFromRequest JSON from request: {"Player":"1","action":"1"}
[04-27 20:23:15,954, 165054] frontend.game.GameWebSocket User:qwerty2 has sent Message:{"Player":"1","action":"1"}
[04-27 20:23:15,954, 165054] utils.JsonInterpreterFromRequest JSON from request: {"Player":"1","action":"1"}
[04-27 20:23:16,001, 165101] frontend.game.GameWebSocket User:qwerty2 has sent Message:{"Player":"1","action":"1"}
[04-27 20:23:16,001, 165101] utils.JsonInterpreterFromRequest JSON from request: {"Player":"1","action":"1"}
[04-27 20:23:16,002, 165102] frontend.game.GameWebSocket User:qwerty2 has sent Message:{"Player":"1","action":"1"}
[04-27 20:23:16,002, 165102] utils.JsonInterpreterFromRequest JSON from request: {"Player":"1","action":"1"}
[04-27 20:23:16,004, 165104] frontend.game.GameWebSocket User:qwerty2 has sent Message:{"Player":"1","action":"1"}
[04-27 20:23:16,004, 165104] utils.JsonInterpreterFromRequest JSON from request: {"Player":"1","action":"1"}
[04-27 20:23:16,060, 165160] frontend.game.GameWebSocket User:qwerty2 has sent Message:{"Player":"1","action":"1"}
[04-27 20:23:16,061, 165161] utils.JsonInterpreterFromRequest JSON from request: {"Player":"1","action":"1"}
[04-27 20:23:16,074, 165174] frontend.game.GameWebSocket User:qwerty2 has sent Message:{"Player":"1","action":"1"}
[04-27 20:23:16,075, 165175] utils.JsonInterpreterFromRequest JSON from request: {"Player":"1","action":"1"}
[04-27 20:23:16,080, 165180] frontend.game.GameWebSocket User:qwerty2 has sent Message:{"Player":"1","action":"1"}
[04-27 20:23:16,081, 165181] utils.JsonInterpreterFromRequest JSON from request: {"Player":"1","action":"1"}
[04-27 20:23:16,138, 165238] frontend.game.GameWebSocket User:qwerty2 has sent Message:{"Player":"1","action":"1"}
[04-27 20:23:16,138, 165238] utils.JsonInterpreterFromRequest JSON from request: {"Player":"1","action":"1"}
[04-27 20:23:16,142, 165242] frontend.game.GameWebSocket User:qwerty2 has sent Message:{"Player":"1","action":"1"}
[04-27 20:23:16,142, 165242] utils.JsonInterpreterFromRequest JSON from request: {"Player":"1","action":"1"}
[04-27 20:23:16,144, 165244] frontend.game.GameWebSocket User:qwerty2 has sent Message:{"Player":"1","action":"1"}
[04-27 20:23:16,144, 165244] utils.JsonInterpreterFromRequest JSON from request: {"Player":"1","action":"1"}
[04-27 20:23:16,187, 165287] frontend.game.GameWebSocket User:qwerty2 has sent Message:{"Player":"1","action":"3"}
[04-27 20:23:16,188, 165288] utils.JsonInterpreterFromRequest JSON from request: {"Player":"1","action":"3"}
[04-27 20:23:16,190, 165290] frontend.game.GameWebSocket User:qwerty2 has sent Message:{"Player":"1","action":"3"}
[04-27 20:23:16,191, 165291] utils.JsonInterpreterFromRequest JSON from request: {"Player":"1","action":"3"}
[04-27 20:23:16,193, 165293] frontend.game.GameWebSocket User:qwerty2 has sent Message:{"Player":"1","action":"3"}
[04-27 20:23:16,193, 165293] utils.JsonInterpreterFromRequest JSON from request: {"Player":"1","action":"3"}
[04-27 20:23:16,394, 165494] frontend.game.GameWebSocket User:qwerty2 has sent Message:{"Player":"1","action":"3"}
[04-27 20:23:16,394, 165494] utils.JsonInterpreterFromRequest JSON from request: {"Player":"1","action":"3"}
[04-27 20:23:16,396, 165496] frontend.game.GameWebSocket User:qwerty2 has sent Message:{"Player":"1","action":"3"}
[04-27 20:23:16,397, 165497] utils.JsonInterpreterFromRequest JSON from request: {"Player":"1","action":"3"}
[04-27 20:23:16,409, 165509] frontend.game.GameWebSocket User:qwerty2 has sent Message:{"Player":"1","action":"3"}
[04-27 20:23:16,409, 165509] utils.JsonInterpreterFromRequest JSON from request: {"Player":"1","action":"3"}
[04-27 20:23:16,442, 165542] frontend.game.GameWebSocket User:qwerty2 has sent Message:{"Player":"1","action":"3"}
[04-27 20:23:16,442, 165542] utils.JsonInterpreterFromRequest JSON from request: {"Player":"1","action":"3"}
[04-27 20:23:16,445, 165545] frontend.game.GameWebSocket User:qwerty2 has sent Message:{"Player":"1","action":"3"}
[04-27 20:23:16,445, 165545] utils.JsonInterpreterFromRequest JSON from request: {"Player":"1","action":"3"}
[04-27 20:23:16,446, 165546] frontend.game.GameWebSocket User:qwerty2 has sent Message:{"Player":"1","action":"3"}
[04-27 20:23:16,446, 165546] utils.JsonInterpreterFromRequest JSON from request: {"Player":"1","action":"3"}
[04-27 20:23:16,497, 165597] frontend.game.GameWebSocket User:qwerty2 has sent Message:{"Player":"1","action":"3"}
[04-27 20:23:16,497, 165597] utils.JsonInterpreterFromRequest JSON from request: {"Player":"1","action":"3"}
[04-27 20:23:16,502, 165602] frontend.game.GameWebSocket User:qwerty2 has sent Message:{"Player":"1","action":"3"}
[04-27 20:23:16,503, 165603] utils.JsonInterpreterFromRequest JSON from request: {"Player":"1","action":"3"}
[04-27 20:23:16,503, 165603] frontend.game.GameWebSocket User:qwerty2 has sent Message:{"Player":"1","action":"3"}
[04-27 20:23:16,504, 165604] utils.JsonInterpreterFromRequest JSON from request: {"Player":"1","action":"3"}
[04-27 20:23:16,606, 165706] frontend.game.GameWebSocket User:qwerty2 has sent Message:{"Player":"1","action":"3"}
[04-27 20:23:16,606, 165706] utils.JsonInterpreterFromRequest JSON from request: {"Player":"1","action":"3"}
[04-27 20:23:16,609, 165709] frontend.game.GameWebSocket User:qwerty2 has sent Message:{"Player":"1","action":"3"}
[04-27 20:23:16,610, 165710] utils.JsonInterpreterFromRequest JSON from request: {"Player":"1","action":"3"}
[04-27 20:23:16,611, 165711] frontend.game.GameWebSocket User:qwerty2 has sent Message:{"Player":"1","action":"3"}
[04-27 20:23:16,611, 165711] utils.JsonInterpreterFromRequest JSON from request: {"Player":"1","action":"3"}
[04-27 20:23:16,655, 165755] frontend.game.GameWebSocket User:qwerty2 has sent Message:{"Player":"1","action":"3"}
[04-27 20:23:16,655, 165755] utils.JsonInterpreterFromRequest JSON from request: {"Player":"1","action":"3"}
[04-27 20:23:16,660, 165760] frontend.game.GameWebSocket User:qwerty2 has sent Message:{"Player":"1","action":"3"}
[04-27 20:23:16,660, 165760] utils.JsonInterpreterFromRequest JSON from request: {"Player":"1","action":"3"}
[04-27 20:23:16,666, 165766] frontend.game.GameWebSocket User:qwerty2 has sent Message:{"Player":"1","action":"3"}
[04-27 20:23:16,666, 165766] utils.JsonInterpreterFromRequest JSON from request: {"Player":"1","action":"3"}
[04-27 20:23:16,694, 165794] frontend.game.GameWebSocket User:qwerty2 has sent Message:{"Player":"1","action":"3"}
[04-27 20:23:16,694, 165794] utils.JsonInterpreterFromRequest JSON from request: {"Player":"1","action":"3"}
[04-27 20:23:16,707, 165807] frontend.game.GameWebSocket User:qwerty2 has sent Message:{"Player":"1","action":"3"}
[04-27 20:23:16,707, 165807] utils.JsonInterpreterFromRequest JSON from request: {"Player":"1","action":"3"}
[04-27 20:23:16,759, 165859] frontend.game.GameWebSocket User:qwerty2 has sent Message:{"Player":"1","action":"3"}
[04-27 20:23:16,759, 165859] utils.JsonInterpreterFromRequest JSON from request: {"Player":"1","action":"3"}
[04-27 20:23:16,768, 165868] frontend.game.GameWebSocket User:qwerty2 has sent Message:{"Player":"1","action":"3"}
[04-27 20:23:16,768, 165868] utils.JsonInterpreterFromRequest JSON from request: {"Player":"1","action":"3"}
[04-27 20:23:16,775, 165875] frontend.game.GameWebSocket User:qwerty2 has sent Message:{"Player":"1","action":"3"}
[04-27 20:23:16,775, 165875] utils.JsonInterpreterFromRequest JSON from request: {"Player":"1","action":"3"}
[04-27 20:23:16,778, 165878] frontend.game.GameWebSocket User:qwerty2 has sent Message:{"Player":"1","action":"3"}
[04-27 20:23:16,778, 165878] utils.JsonInterpreterFromRequest JSON from request: {"Player":"1","action":"3"}
[04-27 20:24:16,789, 225889] frontend.game.GameWebSocket User:qwerty2 has closed connection
[04-27 20:24:16,791, 225891] frontend.game.GameWebSocket User:qwerty has closed connection
[04-27 20:26:53,622, 382722] frontend.SignInServlet doPost Start
[04-27 20:26:53,623, 382723] frontend.SignInServlet Request params {}
[04-27 20:26:53,643, 382743] utils.JsonInterpreterFromRequest JSON from request: {"password":"qwerty2","login":"qwerty2"}
[04-27 20:26:53,644, 382744] frontend.SignInServlet User:qwerty2 is already Logged In
[04-27 20:26:53,646, 382746] frontend.SignInServlet doPost Success
[04-27 20:27:01,136, 390236] frontend.SignInServlet doPost Start
[04-27 20:27:01,136, 390236] frontend.SignInServlet Request params {}
[04-27 20:27:01,139, 390239] utils.JsonInterpreterFromRequest JSON from request: {"password":"qwerty2","login":"qwerty2"}
[04-27 20:27:01,140, 390240] frontend.SignInServlet User:qwerty2 is already Logged In
[04-27 20:27:01,146, 390246] frontend.SignInServlet doPost Success
[04-27 20:27:14,550, 403650] frontend.game.GameWebSocket Start creating New socket 
[04-27 20:27:14,550, 403650] frontend.game.GameWebSocket New Socket Successfully constructed
[04-27 20:27:14,553, 403653] frontend.game.GameWebSocket User:qwerty2 is opening connection
[04-27 20:27:14,553, 403653] Interface.GameMechanics First player
[04-27 20:28:14,560, 463660] frontend.game.GameWebSocket User:qwerty2 has closed connection
[04-27 20:35:02,775, 871875] frontend.SignOutServlet doPost Start
[04-27 20:35:02,783, 871883] frontend.SignOutServlet Request params {}
[04-27 20:35:02,783, 871883] frontend.SignOutServlet User:qwerty logged out
[04-27 20:35:02,799, 871899] frontend.SignOutServlet doPost Success
[04-27 20:35:07,528, 876628] frontend.SignOutServlet doPost Start
[04-27 20:35:07,528, 876628] frontend.SignOutServlet Request params {}
[04-27 20:35:07,528, 876628] frontend.SignOutServlet User:qwerty2 logged out
[04-27 20:35:07,528, 876628] frontend.SignOutServlet doPost Success
[04-27 20:38:49,975, 1099075] frontend.SignInServlet doPost Start
[04-27 20:38:49,976, 1099076] frontend.SignInServlet Request params {}
[04-27 20:38:50,000, 1099100] utils.JsonInterpreterFromRequest JSON from request: {"password":"qwerty","login":"qwerty"}
[04-27 20:38:50,017, 1099117] frontend.SignInServlet User:qwerty has Authorised
[04-27 20:38:50,018, 1099118] frontend.SignInServlet doPost Success
[04-27 20:38:59,638, 1108738] frontend.SignInServlet doPost Start
[04-27 20:38:59,639, 1108739] frontend.SignInServlet Request params {}
[04-27 20:38:59,642, 1108742] utils.JsonInterpreterFromRequest JSON from request: {"password":"qwerty2","login":"qwerty2"}
[04-27 20:38:59,642, 1108742] frontend.SignInServlet User:qwerty2 has Authorised
[04-27 20:38:59,642, 1108742] frontend.SignInServlet doPost Success
[04-27 20:40:24,983, 1194083] frontend.game.GameWebSocket Start creating New socket 
[04-27 20:40:24,985, 1194085] frontend.game.GameWebSocket New Socket Successfully constructed
[04-27 20:40:25,049, 1194149] frontend.game.GameWebSocket User:qwerty is opening connection
[04-27 20:40:25,049, 1194149] Interface.GameMechanics Second player
[04-27 20:40:25,049, 1194149] Interface.GameMechanics Start game
[04-27 20:40:25,049, 1194149] Interface.GameMechanics null
[04-27 20:40:25,049, 1194149] Interface.GameMechanics null
[04-27 20:40:25,256, 1194356] frontend.game.GameWebSocket org.eclipse.jetty.websocket.api.WebSocketException: RemoteEndpoint unavailable, current state [CLOSED], expecting [OPEN or CONNECTED]
[04-27 20:40:40,086, 1209186] Interface.GameMechanics Draw between qwerty2, qwerty
[04-27 20:40:40,214, 1209314] frontend.game.GameWebSocket org.eclipse.jetty.websocket.api.WebSocketException: RemoteEndpoint unavailable, current state [CLOSED], expecting [OPEN or CONNECTED]
[04-27 20:40:40,415, 1209515] Interface.GameMechanics Session finished
[04-27 20:40:44,551, 1213651] frontend.game.GameWebSocket Start creating New socket 
[04-27 20:40:44,551, 1213651] frontend.game.GameWebSocket New Socket Successfully constructed
[04-27 20:40:44,559, 1213659] frontend.game.GameWebSocket User:qwerty is opening connection
[04-27 20:40:44,559, 1213659] Interface.GameMechanics First player
[04-27 20:40:49,846, 1218946] frontend.SignOutServlet doPost Start
[04-27 20:40:49,846, 1218946] frontend.SignOutServlet Request params {}
[04-27 20:40:49,846, 1218946] frontend.SignOutServlet User:qwerty logged out
[04-27 20:40:49,849, 1218949] frontend.SignOutServlet doPost Success
[04-27 20:40:52,245, 1221345] frontend.SignOutServlet doPost Start
[04-27 20:40:52,245, 1221345] frontend.SignOutServlet Request params {}
[04-27 20:40:52,245, 1221345] frontend.SignOutServlet User:qwerty2 logged out
[04-27 20:40:52,245, 1221345] frontend.SignOutServlet doPost Success
[04-27 20:41:00,372, 1229472] frontend.SignInServlet doPost Start
[04-27 20:41:00,372, 1229472] frontend.SignInServlet Request params {}
[04-27 20:41:00,373, 1229473] utils.JsonInterpreterFromRequest JSON from request: {"password":"qwerty","login":"qwerty"}
[04-27 20:41:00,374, 1229474] frontend.SignInServlet User:qwerty has Authorised
[04-27 20:41:00,406, 1229506] frontend.SignInServlet doPost Success
[04-27 20:41:02,587, 1231687] frontend.SignInServlet doPost Start
[04-27 20:41:02,587, 1231687] frontend.SignInServlet Request params {}
[04-27 20:41:02,588, 1231688] utils.JsonInterpreterFromRequest JSON from request: {"password":"qwerty2","login":"qwerty2"}
[04-27 20:41:02,588, 1231688] frontend.SignInServlet User:qwerty2 has Authorised
[04-27 20:41:02,589, 1231689] frontend.SignInServlet doPost Success
[04-27 20:41:05,370, 1234470] frontend.game.GameWebSocket Start creating New socket 
[04-27 20:41:05,371, 1234471] frontend.game.GameWebSocket New Socket Successfully constructed
[04-27 20:41:05,379, 1234479] frontend.game.GameWebSocket User:qwerty is opening connection
[04-27 20:41:05,379, 1234479] Interface.GameMechanics Second player
[04-27 20:41:05,379, 1234479] Interface.GameMechanics Start game
[04-27 20:41:05,379, 1234479] Interface.GameMechanics null
[04-27 20:41:05,379, 1234479] Interface.GameMechanics null
[04-27 20:41:10,675, 1239775] frontend.game.GameWebSocket User:qwerty has sent Message:{"Player":"2","action":"3"}
[04-27 20:41:10,675, 1239775] utils.JsonInterpreterFromRequest JSON from request: {"Player":"2","action":"3"}
[04-27 20:41:10,680, 1239780] frontend.game.GameWebSocket User:qwerty has sent Message:{"Player":"2","action":"3"}
[04-27 20:41:10,680, 1239780] utils.JsonInterpreterFromRequest JSON from request: {"Player":"2","action":"3"}
[04-27 20:41:10,696, 1239796] frontend.game.GameWebSocket User:qwerty has sent Message:{"Player":"2","action":"3"}
[04-27 20:41:10,696, 1239796] utils.JsonInterpreterFromRequest JSON from request: {"Player":"2","action":"3"}
[04-27 20:41:10,720, 1239820] frontend.game.GameWebSocket User:qwerty has sent Message:{"Player":"2","action":"3"}
[04-27 20:41:10,721, 1239821] utils.JsonInterpreterFromRequest JSON from request: {"Player":"2","action":"3"}
[04-27 20:41:10,740, 1239840] frontend.game.GameWebSocket User:qwerty has sent Message:{"Player":"2","action":"3"}
[04-27 20:41:10,740, 1239840] utils.JsonInterpreterFromRequest JSON from request: {"Player":"2","action":"3"}
[04-27 20:41:10,743, 1239843] frontend.game.GameWebSocket User:qwerty has sent Message:{"Player":"2","action":"3"}
[04-27 20:41:10,743, 1239843] utils.JsonInterpreterFromRequest JSON from request: {"Player":"2","action":"3"}
[04-27 20:41:10,809, 1239909] frontend.game.GameWebSocket User:qwerty has sent Message:{"Player":"2","action":"3"}
[04-27 20:41:10,809, 1239909] utils.JsonInterpreterFromRequest JSON from request: {"Player":"2","action":"3"}
[04-27 20:41:10,826, 1239926] frontend.game.GameWebSocket User:qwerty has sent Message:{"Player":"2","action":"3"}
[04-27 20:41:10,826, 1239926] utils.JsonInterpreterFromRequest JSON from request: {"Player":"2","action":"3"}
[04-27 20:41:10,856, 1239956] frontend.game.GameWebSocket User:qwerty has sent Message:{"Player":"2","action":"3"}
[04-27 20:41:10,857, 1239957] utils.JsonInterpreterFromRequest JSON from request: {"Player":"2","action":"3"}
[04-27 20:41:10,860, 1239960] frontend.game.GameWebSocket User:qwerty has sent Message:{"Player":"2","action":"3"}
[04-27 20:41:10,860, 1239960] utils.JsonInterpreterFromRequest JSON from request: {"Player":"2","action":"3"}
[04-27 20:41:10,862, 1239962] frontend.game.GameWebSocket User:qwerty has sent Message:{"Player":"2","action":"3"}
[04-27 20:41:10,862, 1239962] utils.JsonInterpreterFromRequest JSON from request: {"Player":"2","action":"3"}
[04-27 20:41:10,894, 1239994] frontend.game.GameWebSocket User:qwerty has sent Message:{"Player":"2","action":"3"}
[04-27 20:41:10,895, 1239995] utils.JsonInterpreterFromRequest JSON from request: {"Player":"2","action":"3"}
[04-27 20:41:10,929, 1240029] frontend.game.GameWebSocket User:qwerty has sent Message:{"Player":"2","action":"3"}
[04-27 20:41:10,929, 1240029] utils.JsonInterpreterFromRequest JSON from request: {"Player":"2","action":"3"}
[04-27 20:41:10,947, 1240047] frontend.game.GameWebSocket User:qwerty has sent Message:{"Player":"2","action":"3"}
[04-27 20:41:10,947, 1240047] utils.JsonInterpreterFromRequest JSON from request: {"Player":"2","action":"3"}
[04-27 20:41:10,948, 1240048] frontend.game.GameWebSocket User:qwerty has sent Message:{"Player":"2","action":"3"}
[04-27 20:41:10,948, 1240048] utils.JsonInterpreterFromRequest JSON from request: {"Player":"2","action":"3"}
[04-27 20:41:10,988, 1240088] frontend.game.GameWebSocket User:qwerty has sent Message:{"Player":"2","action":"3"}
[04-27 20:41:10,989, 1240089] utils.JsonInterpreterFromRequest JSON from request: {"Player":"2","action":"3"}
[04-27 20:41:20,435, 1249535] Interface.GameMechanics Draw between qwerty, qwerty
[04-27 20:41:20,436, 1249536] Interface.GameMechanics Session finished
[04-27 20:41:40,427, 1269527] frontend.game.GameWebSocket User:qwerty has closed connection
[04-27 20:41:44,560, 1273660] frontend.game.GameWebSocket User:qwerty has closed connection
[04-27 20:42:20,441, 1309541] frontend.game.GameWebSocket User:qwerty has closed connection
[04-27 20:56:09,010, 2138110] frontend.SignInServlet doPost Start
[04-27 20:56:09,082, 2138182] frontend.SignInServlet Request params {}
[04-27 20:56:09,284, 2138384] utils.JsonInterpreterFromRequest JSON from request: {"password":"qwerty","login":"qwerty"}
[04-27 20:56:09,284, 2138384] frontend.SignInServlet User:qwerty is already Logged In
[04-27 20:56:09,381, 2138481] frontend.SignInServlet doPost Success
[04-27 20:56:23,674, 2152774] frontend.SignOutServlet doPost Start
[04-27 20:56:23,674, 2152774] frontend.SignOutServlet Request params {}
[04-27 20:56:23,708, 2152808] frontend.SignOutServlet User:qwerty logged out
[04-27 20:56:23,709, 2152809] frontend.SignOutServlet doPost Success
[04-27 20:56:28,578, 2157678] frontend.SignOutServlet doPost Start
[04-27 20:56:28,578, 2157678] frontend.SignOutServlet Request params {}
[04-27 20:56:28,578, 2157678] frontend.SignOutServlet User:qwerty2 logged out
[04-27 20:56:28,581, 2157681] frontend.SignOutServlet doPost Success
[04-27 20:56:38,609, 2167709] frontend.SignInServlet doPost Start
[04-27 20:56:38,609, 2167709] frontend.SignInServlet Request params {}
[04-27 20:56:38,615, 2167715] utils.JsonInterpreterFromRequest JSON from request: {"password":"qwerty","login":"qwerty"}
[04-27 20:56:38,615, 2167715] frontend.SignInServlet User:qwerty has Authorised
[04-27 20:56:38,615, 2167715] frontend.SignInServlet doPost Success
[04-27 20:56:50,980, 2180080] frontend.SignInServlet doPost Start
[04-27 20:56:50,980, 2180080] frontend.SignInServlet Request params {}
[04-27 20:56:50,981, 2180081] utils.JsonInterpreterFromRequest JSON from request: {"password":"qwerty2","login":"qwerty2"}
[04-27 20:56:50,981, 2180081] frontend.SignInServlet User:qwerty2 has Authorised
[04-27 20:56:50,982, 2180082] frontend.SignInServlet doPost Success
[04-27 20:57:58,458, 2247558] frontend.game.GameWebSocket Start creating New socket 
[04-27 20:57:58,459, 2247559] frontend.game.GameWebSocket New Socket Successfully constructed
[04-27 20:57:58,957, 2248057] frontend.game.GameWebSocket User:qwerty is opening connection
[04-27 20:57:58,958, 2248058] Interface.GameMechanics First player
[04-27 20:58:03,759, 2252859] frontend.game.GameWebSocket Start creating New socket 
[04-27 20:58:03,759, 2252859] frontend.game.GameWebSocket New Socket Successfully constructed
[04-27 20:58:03,763, 2252863] frontend.game.GameWebSocket User:qwerty2 is opening connection
[04-27 20:58:03,763, 2252863] Interface.GameMechanics Second player
[04-27 20:58:03,763, 2252863] Interface.GameMechanics Start game
[04-27 20:58:03,763, 2252863] Interface.GameMechanics null
[04-27 20:58:03,763, 2252863] Interface.GameMechanics null
[04-27 20:58:18,796, 2267896] Interface.GameMechanics Draw between qwerty, qwerty2
[04-27 20:58:18,943, 2268043] Interface.GameMechanics Session finished
[04-27 20:58:29,077, 2278177] frontend.game.GameWebSocket User:qwerty has sent Message:{"Player":"1","action":"1"}
[04-27 20:58:29,079, 2278179] utils.JsonInterpreterFromRequest JSON from request: {"Player":"1","action":"1"}
[04-27 20:58:29,092, 2278192] frontend.game.GameWebSocket User:qwerty has sent Message:{"Player":"1","action":"1"}
[04-27 20:58:29,092, 2278192] utils.JsonInterpreterFromRequest JSON from request: {"Player":"1","action":"1"}
[04-27 20:58:29,093, 2278193] frontend.game.GameWebSocket User:qwerty has sent Message:{"Player":"1","action":"1"}
[04-27 20:58:29,093, 2278193] utils.JsonInterpreterFromRequest JSON from request: {"Player":"1","action":"1"}
[04-27 20:58:29,094, 2278194] frontend.game.GameWebSocket User:qwerty has sent Message:{"Player":"1","action":"1"}
[04-27 20:58:29,094, 2278194] utils.JsonInterpreterFromRequest JSON from request: {"Player":"1","action":"1"}
[04-27 20:58:29,223, 2278323] frontend.game.GameWebSocket User:qwerty has sent Message:{"Player":"1","action":"1"}
[04-27 20:58:29,223, 2278323] utils.JsonInterpreterFromRequest JSON from request: {"Player":"1","action":"1"}
[04-27 20:58:29,251, 2278351] frontend.game.GameWebSocket User:qwerty has sent Message:{"Player":"1","action":"1"}
[04-27 20:58:29,251, 2278351] utils.JsonInterpreterFromRequest JSON from request: {"Player":"1","action":"1"}
[04-27 20:58:29,275, 2278375] frontend.game.GameWebSocket User:qwerty has sent Message:{"Player":"1","action":"1"}
[04-27 20:58:29,275, 2278375] utils.JsonInterpreterFromRequest JSON from request: {"Player":"1","action":"1"}
[04-27 20:58:29,648, 2278748] frontend.game.GameWebSocket User:qwerty has sent Message:{"Player":"1","action":"1"}
[04-27 20:58:29,649, 2278749] utils.JsonInterpreterFromRequest JSON from request: {"Player":"1","action":"1"}
[04-27 20:58:29,650, 2278750] frontend.game.GameWebSocket User:qwerty has sent Message:{"Player":"1","action":"1"}
[04-27 20:58:29,652, 2278752] utils.JsonInterpreterFromRequest JSON from request: {"Player":"1","action":"1"}
[04-27 20:58:29,660, 2278760] frontend.game.GameWebSocket User:qwerty has sent Message:{"Player":"1","action":"1"}
[04-27 20:58:29,661, 2278761] utils.JsonInterpreterFromRequest JSON from request: {"Player":"1","action":"1"}
[04-27 20:59:33,388, 2342488] frontend.game.GameWebSocket User:qwerty2 has closed connection
[04-27 20:59:33,388, 2342488] frontend.game.GameWebSocket User:qwerty has closed connection
