[04-28 16:49:27,837, 6774] resource.ResourceFactory ResourceFactory was created
[04-28 16:49:27,970, 6907] sax.SaxHandler Start Document
[04-28 16:49:27,976, 6913] sax.SaxHandler Class name: resource.ServerSettings
[04-28 16:49:27,977, 6914] sax.SaxHandler port = 8080
[04-28 16:49:27,993, 6930] sax.SaxHandler End document
[04-28 16:49:27,993, 6930] resource.ResourceFactory Resource serverSettings was parsed
[04-28 16:49:27,997, 6934] sax.SaxHandler Start Document
[04-28 16:49:27,997, 6934] sax.SaxHandler Class name: resource.LoggerMessages
[04-28 16:49:27,997, 6934] sax.SaxHandler doPostStart = doPost Start
[04-28 16:49:27,998, 6935] sax.SaxHandler doPostFinish = doPost Success
[04-28 16:49:27,998, 6935] sax.SaxHandler doGetStart = doGet Start
[04-28 16:49:27,998, 6935] sax.SaxHandler doGetFinish = doGet Success
[04-28 16:49:27,998, 6935] sax.SaxHandler isAdmin = User:{} is admin
[04-28 16:49:27,998, 6935] sax.SaxHandler isNotAdmin = User:{} is not admin
[04-28 16:49:27,998, 6935] sax.SaxHandler wrongAction = Wrong action
[04-28 16:49:27,998, 6935] sax.SaxHandler statistic = Getting Statistic
[04-28 16:49:27,998, 6935] sax.SaxHandler stop = Stopping server
[04-28 16:49:27,999, 6936] sax.SaxHandler notAuthorised = Not Authorised
[04-28 16:49:27,999, 6936] sax.SaxHandler authorised = User:{} is Authorised
[04-28 16:49:27,999, 6936] sax.SaxHandler hasAuthorised = User:{} has Authorised
[04-28 16:49:27,999, 6936] sax.SaxHandler lackOfParam = No param "{}" in request
[04-28 16:49:27,999, 6936] sax.SaxHandler paramHasWrongType = Param:"{}" has wrong type
[04-28 16:49:27,999, 6936] sax.SaxHandler signUp = New user is signing up
[04-28 16:49:27,999, 6936] sax.SaxHandler signIn = User is signing in
[04-28 16:49:27,999, 6936] sax.SaxHandler alreadyLoggedIn = User:{} is already Logged In
[04-28 16:49:27,999, 6936] sax.SaxHandler block = Authorization and signing up is blocked
[04-28 16:49:27,999, 6936] sax.SaxHandler wrongPasOrLogin = Wrong password:"{}" or login:"{}"
[04-28 16:49:27,999, 6936] sax.SaxHandler loggedOut = User:{} logged out
[04-28 16:49:28,000, 6937] sax.SaxHandler loginIsAlreadyExist = User with such login "{}" is already exist
[04-28 16:49:28,000, 6937] sax.SaxHandler wrongSignUpData = Wrong login:"{}" or email:"{}" or password:"{}"
[04-28 16:49:28,000, 6937] sax.SaxHandler onMessage = User:{} has sent Message:{}
[04-28 16:49:28,000, 6937] sax.SaxHandler onOpen = User:{} is opening connection
[04-28 16:49:28,000, 6937] sax.SaxHandler onClose = User:{} has closed connection
[04-28 16:49:28,000, 6937] sax.SaxHandler configure = Configure
[04-28 16:49:28,000, 6937] sax.SaxHandler setBlock = Signing in and Signing up are blocked
[04-28 16:49:28,000, 6937] sax.SaxHandler unsetBlock = Signing in and Signing up are released
[04-28 16:49:28,000, 6937] sax.SaxHandler startGame = Start game
[04-28 16:49:28,000, 6937] sax.SaxHandler firstPlayer = First player
[04-28 16:49:28,000, 6937] sax.SaxHandler secondPlayer = Second player
[04-28 16:49:28,001, 6938] sax.SaxHandler sessionFinished = Session finished
[04-28 16:49:28,001, 6938] sax.SaxHandler errorInReadingJSON = Error while getting the JSON: {}
[04-28 16:49:28,001, 6938] sax.SaxHandler draw = Draw between {}, {}
[04-28 16:49:28,001, 6938] sax.SaxHandler isWinner = {} is winner
[04-28 16:49:28,001, 6938] sax.SaxHandler isLoser = {} is loser
[04-28 16:49:28,001, 6938] sax.SaxHandler signUpSuccess = User {} was successfully signed up
[04-28 16:49:28,001, 6938] sax.SaxHandler gameUserPosition = User {} is the {}
[04-28 16:49:28,001, 6938] sax.SaxHandler newSocket = Start creating New socket 
[04-28 16:49:28,001, 6938] sax.SaxHandler newSocketSuccess = New Socket Successfully constructed
[04-28 16:49:28,001, 6938] sax.SaxHandler requestGetParams = Request params {}
[04-28 16:49:28,002, 6939] sax.SaxHandler jsonGotFromRequest = JSON from request: {}
[04-28 16:49:28,002, 6939] sax.SaxHandler errorXML = Error while reading XML
[04-28 16:49:28,002, 6939] sax.SaxHandler startXML = Start Document
[04-28 16:49:28,002, 6939] sax.SaxHandler endXML = End document
[04-28 16:49:28,003, 6940] sax.SaxHandler className = Class name: {}
[04-28 16:49:28,003, 6940] sax.SaxHandler aEqualB = {} = {}
[04-28 16:49:28,003, 6940] sax.SaxHandler resourceWasParsed = Resource {} was parsed
[04-28 16:49:28,003, 6940] sax.SaxHandler End document
[04-28 16:49:28,003, 6940] resource.ResourceFactory Resource loggerMessages was parsed
[04-28 16:49:28,005, 6942] main.Main Starting at port: 8080

[04-28 16:49:28,492, 7429] sax.SaxHandler Start Document
[04-28 16:49:28,493, 7430] sax.SaxHandler Class name: resource.Messages
[04-28 16:49:28,494, 7431] sax.SaxHandler adminPage = Admin page
[04-28 16:49:28,494, 7431] sax.SaxHandler notFound = 404: Not Found.
[04-28 16:49:28,494, 7431] sax.SaxHandler wrongParamAction = Wrong 'action'
[04-28 16:49:28,494, 7431] sax.SaxHandler notAuthorised = Not Authorised
[04-28 16:49:28,495, 7432] sax.SaxHandler logInStatus = Log In:
[04-28 16:49:28,495, 7432] sax.SaxHandler alreadyLoggedIn = You has already Logged In
[04-28 16:49:28,495, 7432] sax.SaxHandler block = Authorization and signing up is blocked
[04-28 16:49:28,495, 7432] sax.SaxHandler wrongPasOrLogin = Wrong password or login
[04-28 16:49:28,495, 7432] sax.SaxHandler fillAllTheGaps = Fill all the gaps, please:
[04-28 16:49:28,495, 7432] sax.SaxHandler logOutFirst = You have to logout before signing up.
[04-28 16:49:28,495, 7432] sax.SaxHandler exist = Such user already exists
[04-28 16:49:28,495, 7432] sax.SaxHandler wrongSignUpData = Wrong sign Up data
[04-28 16:49:28,495, 7432] sax.SaxHandler wrongLimit = WrongLimit
[04-28 16:49:28,496, 7433] sax.SaxHandler End document
[04-28 16:49:28,496, 7433] resource.ResourceFactory Resource messages was parsed
[04-28 16:49:28,513, 7450] sax.SaxHandler Start Document
[04-28 16:49:28,513, 7450] sax.SaxHandler Class name: resource.GameMechanicsSettings
[04-28 16:49:28,518, 7455] sax.SaxHandler timeLimit = 15
[04-28 16:49:28,518, 7455] sax.SaxHandler numAmount = 10
[04-28 16:49:28,518, 7455] sax.SaxHandler weight = 10
[04-28 16:49:28,519, 7456] sax.SaxHandler minDelta = 10
[04-28 16:49:28,519, 7456] sax.SaxHandler End document
[04-28 16:49:28,519, 7456] resource.ResourceFactory Resource gameMechanicsSettings was parsed
[04-28 16:49:29,066, 8003] frontend.game.WebSocketGameServlet Configure
[04-28 16:49:29,264, 8201] main.AppServer Start
[04-28 16:49:29,264, 8201] main.AppServer Tuesday night version
