[04-28 16:51:19,631, 4895] resource.ResourceFactory ResourceFactory was created
[04-28 16:51:19,776, 5040] sax.SaxHandler Start Document
[04-28 16:51:19,782, 5046] sax.SaxHandler Class name: resource.ServerSettings
[04-28 16:51:19,783, 5047] sax.SaxHandler port = 8080
[04-28 16:51:19,799, 5063] sax.SaxHandler End document
[04-28 16:51:19,815, 5079] resource.ResourceFactory Resource serverSettings was parsed
[04-28 16:51:19,819, 5083] sax.SaxHandler Start Document
[04-28 16:51:19,819, 5083] sax.SaxHandler Class name: resource.LoggerMessages
[04-28 16:51:19,819, 5083] sax.SaxHandler doPostStart = doPost Start
[04-28 16:51:19,819, 5083] sax.SaxHandler doPostFinish = doPost Success
[04-28 16:51:19,820, 5084] sax.SaxHandler doGetStart = doGet Start
[04-28 16:51:19,820, 5084] sax.SaxHandler doGetFinish = doGet Success
[04-28 16:51:19,820, 5084] sax.SaxHandler isAdmin = User:{} is admin
[04-28 16:51:19,820, 5084] sax.SaxHandler isNotAdmin = User:{} is not admin
[04-28 16:51:19,820, 5084] sax.SaxHandler wrongAction = Wrong action
[04-28 16:51:19,821, 5085] sax.SaxHandler statistic = Getting Statistic
[04-28 16:51:19,821, 5085] sax.SaxHandler stop = Stopping server
[04-28 16:51:19,821, 5085] sax.SaxHandler notAuthorised = Not Authorised
[04-28 16:51:19,821, 5085] sax.SaxHandler authorised = User:{} is Authorised
[04-28 16:51:19,821, 5085] sax.SaxHandler hasAuthorised = User:{} has Authorised
[04-28 16:51:19,821, 5085] sax.SaxHandler lackOfParam = No param "{}" in request
[04-28 16:51:19,821, 5085] sax.SaxHandler paramHasWrongType = Param:"{}" has wrong type
[04-28 16:51:19,821, 5085] sax.SaxHandler signUp = New user is signing up
[04-28 16:51:19,821, 5085] sax.SaxHandler signIn = User is signing in
[04-28 16:51:19,821, 5085] sax.SaxHandler alreadyLoggedIn = User:{} is already Logged In
[04-28 16:51:19,822, 5086] sax.SaxHandler block = Authorization and signing up is blocked
[04-28 16:51:19,822, 5086] sax.SaxHandler wrongPasOrLogin = Wrong password:"{}" or login:"{}"
[04-28 16:51:19,822, 5086] sax.SaxHandler loggedOut = User:{} logged out
[04-28 16:51:19,822, 5086] sax.SaxHandler loginIsAlreadyExist = User with such login "{}" is already exist
[04-28 16:51:19,822, 5086] sax.SaxHandler wrongSignUpData = Wrong login:"{}" or email:"{}" or password:"{}"
[04-28 16:51:19,822, 5086] sax.SaxHandler onMessage = User:{} has sent Message:{}
[04-28 16:51:19,822, 5086] sax.SaxHandler onOpen = User:{} is opening connection
[04-28 16:51:19,822, 5086] sax.SaxHandler onClose = User:{} has closed connection
[04-28 16:51:19,822, 5086] sax.SaxHandler configure = Configure
[04-28 16:51:19,822, 5086] sax.SaxHandler setBlock = Signing in and Signing up are blocked
[04-28 16:51:19,823, 5087] sax.SaxHandler unsetBlock = Signing in and Signing up are released
[04-28 16:51:19,823, 5087] sax.SaxHandler startGame = Start game
[04-28 16:51:19,823, 5087] sax.SaxHandler firstPlayer = First player
[04-28 16:51:19,823, 5087] sax.SaxHandler secondPlayer = Second player
[04-28 16:51:19,823, 5087] sax.SaxHandler sessionFinished = Session finished
[04-28 16:51:19,823, 5087] sax.SaxHandler errorInReadingJSON = Error while getting the JSON: {}
[04-28 16:51:19,823, 5087] sax.SaxHandler draw = Draw between {}, {}
[04-28 16:51:19,823, 5087] sax.SaxHandler isWinner = {} is winner
[04-28 16:51:19,823, 5087] sax.SaxHandler isLoser = {} is loser
[04-28 16:51:19,824, 5088] sax.SaxHandler signUpSuccess = User {} was successfully signed up
[04-28 16:51:19,824, 5088] sax.SaxHandler gameUserPosition = User {} is the {}
[04-28 16:51:19,825, 5089] sax.SaxHandler newSocket = Start creating New socket 
[04-28 16:51:19,826, 5090] sax.SaxHandler newSocketSuccess = New Socket Successfully constructed
[04-28 16:51:19,826, 5090] sax.SaxHandler requestGetParams = Request params {}
[04-28 16:51:19,826, 5090] sax.SaxHandler jsonGotFromRequest = JSON from request: {}
[04-28 16:51:19,827, 5091] sax.SaxHandler errorXML = Error while reading XML
[04-28 16:51:19,827, 5091] sax.SaxHandler startXML = Start Document
[04-28 16:51:19,827, 5091] sax.SaxHandler endXML = End document
[04-28 16:51:19,827, 5091] sax.SaxHandler className = Class name: {}
[04-28 16:51:19,827, 5091] sax.SaxHandler aEqualB = {} = {}
[04-28 16:51:19,828, 5092] sax.SaxHandler resourceWasParsed = Resource {} was parsed
[04-28 16:51:19,828, 5092] sax.SaxHandler End document
[04-28 16:51:19,828, 5092] resource.ResourceFactory Resource loggerMessages was parsed
[04-28 16:51:19,829, 5093] main.Main Starting at port: 8080

[04-28 16:51:20,442, 5706] sax.SaxHandler Start Document
[04-28 16:51:20,443, 5707] sax.SaxHandler Class name: resource.Messages
[04-28 16:51:20,445, 5709] sax.SaxHandler adminPage = Admin page
[04-28 16:51:20,446, 5710] sax.SaxHandler notFound = 404: Not Found.
[04-28 16:51:20,448, 5712] sax.SaxHandler wrongParamAction = Wrong 'action'
[04-28 16:51:20,449, 5713] sax.SaxHandler notAuthorised = Not Authorised
[04-28 16:51:20,450, 5714] sax.SaxHandler logInStatus = Log In:
[04-28 16:51:20,450, 5714] sax.SaxHandler alreadyLoggedIn = You has already Logged In
[04-28 16:51:20,451, 5715] sax.SaxHandler block = Authorization and signing up is blocked
[04-28 16:51:20,452, 5716] sax.SaxHandler wrongPasOrLogin = Wrong password or login
[04-28 16:51:20,452, 5716] sax.SaxHandler fillAllTheGaps = Fill all the gaps, please:
[04-28 16:51:20,453, 5717] sax.SaxHandler logOutFirst = You have to logout before signing up.
[04-28 16:51:20,454, 5718] sax.SaxHandler exist = Such user already exists
[04-28 16:51:20,455, 5719] sax.SaxHandler wrongSignUpData = Wrong sign Up data
[04-28 16:51:20,456, 5720] sax.SaxHandler wrongLimit = WrongLimit
[04-28 16:51:20,456, 5720] sax.SaxHandler End document
[04-28 16:51:20,458, 5722] resource.ResourceFactory Resource messages was parsed
[04-28 16:51:20,477, 5741] sax.SaxHandler Start Document
[04-28 16:51:20,481, 5745] sax.SaxHandler Class name: resource.GameMechanicsSettings
[04-28 16:51:20,484, 5748] sax.SaxHandler timeLimit = 15
[04-28 16:51:20,489, 5753] sax.SaxHandler numAmount = 10
[04-28 16:51:20,490, 5754] sax.SaxHandler weight = 10
[04-28 16:51:20,491, 5755] sax.SaxHandler minDelta = 10
[04-28 16:51:20,492, 5756] sax.SaxHandler End document
[04-28 16:51:20,495, 5759] resource.ResourceFactory Resource gameMechanicsSettings was parsed
[04-28 16:51:20,965, 6229] frontend.game.WebSocketGameServlet Configure
[04-28 16:51:21,126, 6390] main.AppServer Start
[04-28 16:51:21,126, 6390] main.AppServer Tuesday night version
