[05-26 06:07:23,416, 1650] resource.ResourceFactory ResourceFactory was created
[05-26 06:07:23,466, 1700] sax.SaxHandler Start Document
[05-26 06:07:23,469, 1703] sax.SaxHandler Class name: resource.ServerSettings
[05-26 06:07:23,475, 1709] sax.SaxHandler port = 8080
[05-26 06:07:23,477, 1711] sax.SaxHandler End document
[05-26 06:07:23,477, 1711] resource.ResourceFactory Resource serverSettings was parsed
[05-26 06:07:23,498, 1732] sax.SaxHandler Start Document
[05-26 06:07:23,499, 1733] sax.SaxHandler Class name: resource.LoggerMessages
[05-26 06:07:23,501, 1735] sax.SaxHandler doPostStart = doPost Start
[05-26 06:07:23,503, 1737] sax.SaxHandler doPostFinish = doPost Success
[05-26 06:07:23,507, 1741] sax.SaxHandler doGetStart = doGet Start
[05-26 06:07:23,509, 1743] sax.SaxHandler doGetFinish = doGet Success
[05-26 06:07:23,509, 1743] sax.SaxHandler isAdmin = User:{} is admin
[05-26 06:07:23,510, 1744] sax.SaxHandler isNotAdmin = User:{} is not admin
[05-26 06:07:23,511, 1745] sax.SaxHandler wrongAction = Wrong action
[05-26 06:07:23,511, 1745] sax.SaxHandler statistic = Getting Statistic
[05-26 06:07:23,512, 1746] sax.SaxHandler stop = Stopping server
[05-26 06:07:23,513, 1747] sax.SaxHandler notAuthorised = Not Authorised
[05-26 06:07:23,513, 1747] sax.SaxHandler authorised = User:{} is Authorised
[05-26 06:07:23,513, 1747] sax.SaxHandler hasAuthorised = User:{} has Authorised
[05-26 06:07:23,514, 1748] sax.SaxHandler lackOfParam = No param "{}" in request
[05-26 06:07:23,515, 1749] sax.SaxHandler paramHasWrongType = Param:"{}" has wrong type
[05-26 06:07:23,516, 1750] sax.SaxHandler signUp = New user is signing up
[05-26 06:07:23,516, 1750] sax.SaxHandler signIn = User is signing in
[05-26 06:07:23,517, 1751] sax.SaxHandler alreadyLoggedIn = User:{} is already Logged In
[05-26 06:07:23,517, 1751] sax.SaxHandler block = Authorization and signing up is blocked
[05-26 06:07:23,518, 1752] sax.SaxHandler wrongPasOrLogin = Wrong password:"{}" or login:"{}"
[05-26 06:07:23,519, 1753] sax.SaxHandler loggedOut = User:{} logged out
[05-26 06:07:23,523, 1757] sax.SaxHandler loginIsAlreadyExist = User with such login "{}" is already exist
[05-26 06:07:23,525, 1759] sax.SaxHandler wrongSignUpData = Wrong login:"{}" or email:"{}" or password:"{}"
[05-26 06:07:23,526, 1760] sax.SaxHandler onMessage = User:{} has sent Message:{}
[05-26 06:07:23,528, 1762] sax.SaxHandler onOpen = User:{} is opening connection
[05-26 06:07:23,529, 1763] sax.SaxHandler onClose = User:{} has closed connection
[05-26 06:07:23,529, 1763] sax.SaxHandler configure = Configure
[05-26 06:07:23,530, 1764] sax.SaxHandler setBlock = Signing in and Signing up are blocked
[05-26 06:07:23,530, 1764] sax.SaxHandler unsetBlock = Signing in and Signing up are released
[05-26 06:07:23,530, 1764] sax.SaxHandler startGame = Start game
[05-26 06:07:23,531, 1765] sax.SaxHandler firstPlayer = First player
[05-26 06:07:23,532, 1766] sax.SaxHandler secondPlayer = Second player
[05-26 06:07:23,533, 1767] sax.SaxHandler sessionFinished = Session finished
[05-26 06:07:23,533, 1767] sax.SaxHandler errorInReadingJSON = Error while getting the JSON: {}
[05-26 06:07:23,533, 1767] sax.SaxHandler draw = Draw between {}, {}
[05-26 06:07:23,534, 1768] sax.SaxHandler isWinner = {} is winner
[05-26 06:07:23,534, 1768] sax.SaxHandler isLoser = {} is loser
[05-26 06:07:23,536, 1770] sax.SaxHandler signUpSuccess = User {} was successfully signed up
[05-26 06:07:23,537, 1771] sax.SaxHandler gameUserPosition = User {} is the {}
[05-26 06:07:23,538, 1772] sax.SaxHandler newSocket = Start creating New socket 
[05-26 06:07:23,539, 1773] sax.SaxHandler newSocketSuccess = New Socket Successfully constructed
[05-26 06:07:23,539, 1773] sax.SaxHandler requestGetParams = Request params {}
[05-26 06:07:23,540, 1774] sax.SaxHandler jsonGotFromRequest = JSON from request: {}
[05-26 06:07:23,564, 1798] sax.SaxHandler errorXML = Error while reading XML
[05-26 06:07:23,565, 1799] sax.SaxHandler startXML = Start Document
[05-26 06:07:23,566, 1800] sax.SaxHandler endXML = End document
[05-26 06:07:23,566, 1800] sax.SaxHandler className = Class name: {}
[05-26 06:07:23,567, 1801] sax.SaxHandler aEqualB = {} = {}
[05-26 06:07:23,568, 1802] sax.SaxHandler resourceWasParsed = Resource {} was parsed
[05-26 06:07:23,569, 1803] sax.SaxHandler End document
[05-26 06:07:23,570, 1804] resource.ResourceFactory Resource loggerMessages was parsed
[05-26 06:07:23,571, 1805] main.Main Starting at port: 8080

[05-26 06:07:23,821, 2055] sax.SaxHandler Start Document
[05-26 06:07:23,822, 2056] sax.SaxHandler Class name: resource.Messages
[05-26 06:07:23,824, 2058] sax.SaxHandler adminPage = Admin page
[05-26 06:07:23,825, 2059] sax.SaxHandler notFound = 404: Not Found.
[05-26 06:07:23,826, 2060] sax.SaxHandler wrongParamAction = Wrong 'action'
[05-26 06:07:23,831, 2065] sax.SaxHandler notAuthorised = Not Authorised
[05-26 06:07:23,833, 2067] sax.SaxHandler logInStatus = Log In:
[05-26 06:07:23,834, 2068] sax.SaxHandler alreadyLoggedIn = You has already Logged In
[05-26 06:07:23,835, 2069] sax.SaxHandler block = Authorization and signing up is blocked
[05-26 06:07:23,836, 2070] sax.SaxHandler wrongPasOrLogin = Wrong password or login
[05-26 06:07:23,838, 2072] sax.SaxHandler fillAllTheGaps = Fill all the gaps, please:
[05-26 06:07:23,840, 2074] sax.SaxHandler logOutFirst = You have to logout before signing up.
[05-26 06:07:23,846, 2080] sax.SaxHandler exist = Such user already exists
[05-26 06:07:23,847, 2081] sax.SaxHandler wrongSignUpData = Wrong sign Up data
[05-26 06:07:23,849, 2083] sax.SaxHandler wrongLimit = WrongLimit
[05-26 06:07:23,851, 2085] sax.SaxHandler End document
[05-26 06:07:23,851, 2085] resource.ResourceFactory Resource messages was parsed
[05-26 06:07:23,896, 2130] sax.SaxHandler Start Document
[05-26 06:07:23,898, 2132] sax.SaxHandler Class name: resource.GameMechanicsSettings
[05-26 06:07:23,901, 2135] sax.SaxHandler timeLimit = 15
[05-26 06:07:23,902, 2136] sax.SaxHandler numAmount = 10
[05-26 06:07:23,904, 2138] sax.SaxHandler weight = 10
[05-26 06:07:23,905, 2139] sax.SaxHandler minDelta = 10
[05-26 06:07:23,905, 2139] sax.SaxHandler End document
[05-26 06:07:23,907, 2141] resource.ResourceFactory Resource gameMechanicsSettings was parsed
[05-26 06:07:24,117, 2351] frontend.game.WebSocketGameServlet Configure
[05-26 06:07:24,172, 2406] main.AppServer Start
[05-26 06:07:24,174, 2408] main.AppServer Tuesday night version
