[04-28 16:58:07,315, 3055] resource.ResourceFactory ResourceFactory was created
[04-28 16:58:07,366, 3106] sax.SaxHandler Start Document
[04-28 16:58:07,372, 3112] sax.SaxHandler Class name: resource.ServerSettings
[04-28 16:58:07,405, 3145] sax.SaxHandler port = 8080
[04-28 16:58:07,406, 3146] sax.SaxHandler End document
[04-28 16:58:07,460, 3200] resource.ResourceFactory Resource serverSettings was parsed
[04-28 16:58:07,467, 3207] sax.SaxHandler Start Document
[04-28 16:58:07,485, 3225] sax.SaxHandler Class name: resource.LoggerMessages
[04-28 16:58:07,491, 3231] sax.SaxHandler doPostStart = doPost Start
[04-28 16:58:07,493, 3233] sax.SaxHandler doPostFinish = doPost Success
[04-28 16:58:07,494, 3234] sax.SaxHandler doGetStart = doGet Start
[04-28 16:58:07,496, 3236] sax.SaxHandler doGetFinish = doGet Success
[04-28 16:58:07,499, 3239] sax.SaxHandler isAdmin = User:{} is admin
[04-28 16:58:07,502, 3242] sax.SaxHandler isNotAdmin = User:{} is not admin
[04-28 16:58:07,503, 3243] sax.SaxHandler wrongAction = Wrong action
[04-28 16:58:07,503, 3243] sax.SaxHandler statistic = Getting Statistic
[04-28 16:58:07,505, 3245] sax.SaxHandler stop = Stopping server
[04-28 16:58:07,506, 3246] sax.SaxHandler notAuthorised = Not Authorised
[04-28 16:58:07,509, 3249] sax.SaxHandler authorised = User:{} is Authorised
[04-28 16:58:07,510, 3250] sax.SaxHandler hasAuthorised = User:{} has Authorised
[04-28 16:58:07,511, 3251] sax.SaxHandler lackOfParam = No param "{}" in request
[04-28 16:58:07,512, 3252] sax.SaxHandler paramHasWrongType = Param:"{}" has wrong type
[04-28 16:58:07,522, 3262] sax.SaxHandler signUp = New user is signing up
[04-28 16:58:07,531, 3271] sax.SaxHandler signIn = User is signing in
[04-28 16:58:07,539, 3279] sax.SaxHandler alreadyLoggedIn = User:{} is already Logged In
[04-28 16:58:07,540, 3280] sax.SaxHandler block = Authorization and signing up is blocked
[04-28 16:58:07,541, 3281] sax.SaxHandler wrongPasOrLogin = Wrong password:"{}" or login:"{}"
[04-28 16:58:07,542, 3282] sax.SaxHandler loggedOut = User:{} logged out
[04-28 16:58:07,542, 3282] sax.SaxHandler loginIsAlreadyExist = User with such login "{}" is already exist
[04-28 16:58:07,544, 3284] sax.SaxHandler wrongSignUpData = Wrong login:"{}" or email:"{}" or password:"{}"
[04-28 16:58:07,544, 3284] sax.SaxHandler onMessage = User:{} has sent Message:{}
[04-28 16:58:07,544, 3284] sax.SaxHandler onOpen = User:{} is opening connection
[04-28 16:58:07,545, 3285] sax.SaxHandler onClose = User:{} has closed connection
[04-28 16:58:07,546, 3286] sax.SaxHandler configure = Configure
[04-28 16:58:07,546, 3286] sax.SaxHandler setBlock = Signing in and Signing up are blocked
[04-28 16:58:07,547, 3287] sax.SaxHandler unsetBlock = Signing in and Signing up are released
[04-28 16:58:07,548, 3288] sax.SaxHandler startGame = Start game
[04-28 16:58:07,548, 3288] sax.SaxHandler firstPlayer = First player
[04-28 16:58:07,550, 3290] sax.SaxHandler secondPlayer = Second player
[04-28 16:58:07,551, 3291] sax.SaxHandler sessionFinished = Session finished
[04-28 16:58:07,552, 3292] sax.SaxHandler errorInReadingJSON = Error while getting the JSON: {}
[04-28 16:58:07,552, 3292] sax.SaxHandler draw = Draw between {}, {}
[04-28 16:58:07,553, 3293] sax.SaxHandler isWinner = {} is winner
[04-28 16:58:07,554, 3294] sax.SaxHandler isLoser = {} is loser
[04-28 16:58:07,555, 3295] sax.SaxHandler signUpSuccess = User {} was successfully signed up
[04-28 16:58:07,556, 3296] sax.SaxHandler gameUserPosition = User {} is the {}
[04-28 16:58:07,557, 3297] sax.SaxHandler newSocket = Start creating New socket 
[04-28 16:58:07,560, 3300] sax.SaxHandler newSocketSuccess = New Socket Successfully constructed
[04-28 16:58:07,561, 3301] sax.SaxHandler requestGetParams = Request params {}
[04-28 16:58:07,562, 3302] sax.SaxHandler jsonGotFromRequest = JSON from request: {}
[04-28 16:58:07,562, 3302] sax.SaxHandler errorXML = Error while reading XML
[04-28 16:58:07,563, 3303] sax.SaxHandler startXML = Start Document
[04-28 16:58:07,564, 3304] sax.SaxHandler endXML = End document
[04-28 16:58:07,564, 3304] sax.SaxHandler className = Class name: {}
[04-28 16:58:07,564, 3304] sax.SaxHandler aEqualB = {} = {}
[04-28 16:58:07,565, 3305] sax.SaxHandler resourceWasParsed = Resource {} was parsed
[04-28 16:58:07,567, 3307] sax.SaxHandler End document
[04-28 16:58:07,567, 3307] resource.ResourceFactory Resource loggerMessages was parsed
[04-28 16:58:07,568, 3308] main.Main Starting at port: 8080

[04-28 16:58:07,789, 3529] sax.SaxHandler Start Document
[04-28 16:58:07,790, 3530] sax.SaxHandler Class name: resource.Messages
[04-28 16:58:07,792, 3532] sax.SaxHandler adminPage = Admin page
[04-28 16:58:07,793, 3533] sax.SaxHandler notFound = 404: Not Found.
[04-28 16:58:07,794, 3534] sax.SaxHandler wrongParamAction = Wrong 'action'
[04-28 16:58:07,800, 3540] sax.SaxHandler notAuthorised = Not Authorised
[04-28 16:58:07,801, 3541] sax.SaxHandler logInStatus = Log In:
[04-28 16:58:07,803, 3543] sax.SaxHandler alreadyLoggedIn = You has already Logged In
[04-28 16:58:07,804, 3544] sax.SaxHandler block = Authorization and signing up is blocked
[04-28 16:58:07,814, 3554] sax.SaxHandler wrongPasOrLogin = Wrong password or login
[04-28 16:58:07,816, 3556] sax.SaxHandler fillAllTheGaps = Fill all the gaps, please:
[04-28 16:58:07,820, 3560] sax.SaxHandler logOutFirst = You have to logout before signing up.
[04-28 16:58:07,822, 3562] sax.SaxHandler exist = Such user already exists
[04-28 16:58:07,823, 3563] sax.SaxHandler wrongSignUpData = Wrong sign Up data
[04-28 16:58:07,824, 3564] sax.SaxHandler wrongLimit = WrongLimit
[04-28 16:58:07,825, 3565] sax.SaxHandler End document
[04-28 16:58:07,826, 3566] resource.ResourceFactory Resource messages was parsed
[04-28 16:58:07,845, 3585] sax.SaxHandler Start Document
[04-28 16:58:07,847, 3587] sax.SaxHandler Class name: resource.GameMechanicsSettings
[04-28 16:58:07,849, 3589] sax.SaxHandler timeLimit = 15
[04-28 16:58:07,850, 3590] sax.SaxHandler numAmount = 10
[04-28 16:58:07,851, 3591] sax.SaxHandler weight = 10
[04-28 16:58:07,852, 3592] sax.SaxHandler minDelta = 10
[04-28 16:58:07,860, 3600] sax.SaxHandler End document
[04-28 16:58:07,886, 3626] resource.ResourceFactory Resource gameMechanicsSettings was parsed
[04-28 16:58:08,153, 3893] frontend.game.WebSocketGameServlet Configure
[04-28 16:58:08,209, 3949] main.AppServer Start
[04-28 16:58:08,211, 3951] main.AppServer Tuesday night version
