[05-26 05:27:00,966, 7064] resource.ResourceFactory ResourceFactory was created
[05-26 05:27:01,130, 7228] sax.SaxHandler Start Document
[05-26 05:27:01,164, 7262] sax.SaxHandler Class name: resource.ServerSettings
[05-26 05:27:01,173, 7271] sax.SaxHandler port = 8080
[05-26 05:27:01,188, 7286] sax.SaxHandler End document
[05-26 05:27:01,188, 7286] resource.ResourceFactory Resource serverSettings was parsed
[05-26 05:27:01,192, 7290] sax.SaxHandler Start Document
[05-26 05:27:01,193, 7291] sax.SaxHandler Class name: resource.LoggerMessages
[05-26 05:27:01,193, 7291] sax.SaxHandler doPostStart = doPost Start
[05-26 05:27:01,194, 7292] sax.SaxHandler doPostFinish = doPost Success
[05-26 05:27:01,194, 7292] sax.SaxHandler doGetStart = doGet Start
[05-26 05:27:01,195, 7293] sax.SaxHandler doGetFinish = doGet Success
[05-26 05:27:01,196, 7294] sax.SaxHandler isAdmin = User:{} is admin
[05-26 05:27:01,196, 7294] sax.SaxHandler isNotAdmin = User:{} is not admin
[05-26 05:27:01,196, 7294] sax.SaxHandler wrongAction = Wrong action
[05-26 05:27:01,197, 7295] sax.SaxHandler statistic = Getting Statistic
[05-26 05:27:01,197, 7295] sax.SaxHandler stop = Stopping server
[05-26 05:27:01,198, 7296] sax.SaxHandler notAuthorised = Not Authorised
[05-26 05:27:01,198, 7296] sax.SaxHandler authorised = User:{} is Authorised
[05-26 05:27:01,199, 7297] sax.SaxHandler hasAuthorised = User:{} has Authorised
[05-26 05:27:01,200, 7298] sax.SaxHandler lackOfParam = No param "{}" in request
[05-26 05:27:01,201, 7299] sax.SaxHandler paramHasWrongType = Param:"{}" has wrong type
[05-26 05:27:01,201, 7299] sax.SaxHandler signUp = New user is signing up
[05-26 05:27:01,202, 7300] sax.SaxHandler signIn = User is signing in
[05-26 05:27:01,203, 7301] sax.SaxHandler alreadyLoggedIn = User:{} is already Logged In
[05-26 05:27:01,204, 7302] sax.SaxHandler block = Authorization and signing up is blocked
[05-26 05:27:01,204, 7302] sax.SaxHandler wrongPasOrLogin = Wrong password:"{}" or login:"{}"
[05-26 05:27:01,205, 7303] sax.SaxHandler loggedOut = User:{} logged out
[05-26 05:27:01,205, 7303] sax.SaxHandler loginIsAlreadyExist = User with such login "{}" is already exist
[05-26 05:27:01,206, 7304] sax.SaxHandler wrongSignUpData = Wrong login:"{}" or email:"{}" or password:"{}"
[05-26 05:27:01,206, 7304] sax.SaxHandler onMessage = User:{} has sent Message:{}
[05-26 05:27:01,207, 7305] sax.SaxHandler onOpen = User:{} is opening connection
[05-26 05:27:01,209, 7307] sax.SaxHandler onClose = User:{} has closed connection
[05-26 05:27:01,210, 7308] sax.SaxHandler configure = Configure
[05-26 05:27:01,214, 7312] sax.SaxHandler setBlock = Signing in and Signing up are blocked
[05-26 05:27:01,215, 7313] sax.SaxHandler unsetBlock = Signing in and Signing up are released
[05-26 05:27:01,216, 7314] sax.SaxHandler startGame = Start game
[05-26 05:27:01,217, 7315] sax.SaxHandler firstPlayer = First player
[05-26 05:27:01,218, 7316] sax.SaxHandler secondPlayer = Second player
[05-26 05:27:01,219, 7317] sax.SaxHandler sessionFinished = Session finished
[05-26 05:27:01,220, 7318] sax.SaxHandler errorInReadingJSON = Error while getting the JSON: {}
[05-26 05:27:01,221, 7319] sax.SaxHandler draw = Draw between {}, {}
[05-26 05:27:01,221, 7319] sax.SaxHandler isWinner = {} is winner
[05-26 05:27:01,222, 7320] sax.SaxHandler isLoser = {} is loser
[05-26 05:27:01,223, 7321] sax.SaxHandler signUpSuccess = User {} was successfully signed up
[05-26 05:27:01,224, 7322] sax.SaxHandler gameUserPosition = User {} is the {}
[05-26 05:27:01,224, 7322] sax.SaxHandler newSocket = Start creating New socket 
[05-26 05:27:01,224, 7322] sax.SaxHandler newSocketSuccess = New Socket Successfully constructed
[05-26 05:27:01,225, 7323] sax.SaxHandler requestGetParams = Request params {}
[05-26 05:27:01,225, 7323] sax.SaxHandler jsonGotFromRequest = JSON from request: {}
[05-26 05:27:01,226, 7324] sax.SaxHandler errorXML = Error while reading XML
[05-26 05:27:01,226, 7324] sax.SaxHandler startXML = Start Document
[05-26 05:27:01,227, 7325] sax.SaxHandler endXML = End document
[05-26 05:27:01,227, 7325] sax.SaxHandler className = Class name: {}
[05-26 05:27:01,228, 7326] sax.SaxHandler aEqualB = {} = {}
[05-26 05:27:01,228, 7326] sax.SaxHandler resourceWasParsed = Resource {} was parsed
[05-26 05:27:01,228, 7326] sax.SaxHandler End document
[05-26 05:27:01,229, 7327] resource.ResourceFactory Resource loggerMessages was parsed
[05-26 05:27:01,229, 7327] main.Main Starting at port: 8080

[05-26 05:27:01,684, 7782] sax.SaxHandler Start Document
[05-26 05:27:01,685, 7783] sax.SaxHandler Class name: resource.Messages
[05-26 05:27:01,686, 7784] sax.SaxHandler adminPage = Admin page
[05-26 05:27:01,686, 7784] sax.SaxHandler notFound = 404: Not Found.
[05-26 05:27:01,686, 7784] sax.SaxHandler wrongParamAction = Wrong 'action'
[05-26 05:27:01,687, 7785] sax.SaxHandler notAuthorised = Not Authorised
[05-26 05:27:01,687, 7785] sax.SaxHandler logInStatus = Log In:
[05-26 05:27:01,687, 7785] sax.SaxHandler alreadyLoggedIn = You has already Logged In
[05-26 05:27:01,687, 7785] sax.SaxHandler block = Authorization and signing up is blocked
[05-26 05:27:01,687, 7785] sax.SaxHandler wrongPasOrLogin = Wrong password or login
[05-26 05:27:01,687, 7785] sax.SaxHandler fillAllTheGaps = Fill all the gaps, please:
[05-26 05:27:01,687, 7785] sax.SaxHandler logOutFirst = You have to logout before signing up.
[05-26 05:27:01,687, 7785] sax.SaxHandler exist = Such user already exists
[05-26 05:27:01,687, 7785] sax.SaxHandler wrongSignUpData = Wrong sign Up data
[05-26 05:27:01,688, 7786] sax.SaxHandler wrongLimit = WrongLimit
[05-26 05:27:01,688, 7786] sax.SaxHandler End document
[05-26 05:27:01,688, 7786] resource.ResourceFactory Resource messages was parsed
[05-26 05:27:01,723, 7821] sax.SaxHandler Start Document
[05-26 05:27:01,723, 7821] sax.SaxHandler Class name: resource.GameMechanicsSettings
[05-26 05:27:01,724, 7822] sax.SaxHandler timeLimit = 15
[05-26 05:27:01,724, 7822] sax.SaxHandler numAmount = 10
[05-26 05:27:01,724, 7822] sax.SaxHandler weight = 10
[05-26 05:27:01,724, 7822] sax.SaxHandler minDelta = 10
[05-26 05:27:01,725, 7823] sax.SaxHandler End document
[05-26 05:27:01,725, 7823] resource.ResourceFactory Resource gameMechanicsSettings was parsed
[05-26 05:27:02,724, 8822] frontend.game.WebSocketGameServlet Configure
[05-26 05:27:02,894, 8992] main.AppServer Start
[05-26 05:27:02,894, 8992] main.AppServer Tuesday night version
