[04-27 18:07:15,355, 6422] resource.ResourceFactory ResourceFactory was created
[04-27 18:07:15,432, 6499] sax.SaxHandler Start Document
[04-27 18:07:15,435, 6502] sax.SaxHandler Class name: resource.ServerSettings
[04-27 18:07:15,437, 6504] sax.SaxHandler port = 8080
[04-27 18:07:15,452, 6519] sax.SaxHandler End document
[04-27 18:07:15,452, 6519] resource.ResourceFactory Resource serverSettings was parsed
[04-27 18:07:15,457, 6524] sax.SaxHandler Start Document
[04-27 18:07:15,457, 6524] sax.SaxHandler Class name: resource.LoggerMessages
[04-27 18:07:15,457, 6524] sax.SaxHandler doPostStart = doPost Start
[04-27 18:07:15,457, 6524] sax.SaxHandler doPostFinish = doPost Success
[04-27 18:07:15,457, 6524] sax.SaxHandler doGetStart = doGet Start
[04-27 18:07:15,458, 6525] sax.SaxHandler doGetFinish = doGet Success
[04-27 18:07:15,458, 6525] sax.SaxHandler isAdmin = User:{} is admin
[04-27 18:07:15,459, 6526] sax.SaxHandler isNotAdmin = User:{} is not admin
[04-27 18:07:15,460, 6527] sax.SaxHandler wrongAction = Wrong action
[04-27 18:07:15,460, 6527] sax.SaxHandler statistic = Getting Statistic
[04-27 18:07:15,460, 6527] sax.SaxHandler stop = Stopping server
[04-27 18:07:15,460, 6527] sax.SaxHandler notAuthorised = Not Authorised
[04-27 18:07:15,460, 6527] sax.SaxHandler authorised = User:{} is Authorised
[04-27 18:07:15,460, 6527] sax.SaxHandler hasAuthorised = User:{} has Authorised
[04-27 18:07:15,460, 6527] sax.SaxHandler lackOfParam = No param "{}" in request
[04-27 18:07:15,461, 6528] sax.SaxHandler paramHasWrongType = Param:"{}" has wrong type
[04-27 18:07:15,461, 6528] sax.SaxHandler signUp = New user is signing up
[04-27 18:07:15,461, 6528] sax.SaxHandler signIn = User is signing in
[04-27 18:07:15,461, 6528] sax.SaxHandler alreadyLoggedIn = User:{} is already Logged In
[04-27 18:07:15,461, 6528] sax.SaxHandler block = Authorization and signing up is blocked
[04-27 18:07:15,461, 6528] sax.SaxHandler wrongPasOrLogin = Wrong password:"{}" or login:"{}"
[04-27 18:07:15,461, 6528] sax.SaxHandler loggedOut = User:{} logged out
[04-27 18:07:15,461, 6528] sax.SaxHandler loginIsAlreadyExist = User with such login "{}" is already exist
[04-27 18:07:15,461, 6528] sax.SaxHandler wrongSignUpData = Wrong login:"{}" or email:"{}" or password:"{}"
[04-27 18:07:15,462, 6529] sax.SaxHandler onMessage = User:{} has sent Message:{}
[04-27 18:07:15,462, 6529] sax.SaxHandler onOpen = User:{} is opening connection
[04-27 18:07:15,462, 6529] sax.SaxHandler onClose = User:{} has closed connection
[04-27 18:07:15,462, 6529] sax.SaxHandler configure = Configure
[04-27 18:07:15,462, 6529] sax.SaxHandler setBlock = Signing in and Signing up are blocked
[04-27 18:07:15,462, 6529] sax.SaxHandler unsetBlock = Signing in and Signing up are released
[04-27 18:07:15,462, 6529] sax.SaxHandler startGame = Start game
[04-27 18:07:15,462, 6529] sax.SaxHandler firstPlayer = First player
[04-27 18:07:15,463, 6530] sax.SaxHandler secondPlayer = Second player
[04-27 18:07:15,463, 6530] sax.SaxHandler sessionFinished = Session finished
[04-27 18:07:15,463, 6530] sax.SaxHandler draw = Draw between {}, {}
[04-27 18:07:15,463, 6530] sax.SaxHandler isWinner = {} is winner
[04-27 18:07:15,463, 6530] sax.SaxHandler isLoser = {} is loser
[04-27 18:07:15,463, 6530] sax.SaxHandler signUpSuccess = User {} was successfully signed up
[04-27 18:07:15,463, 6530] sax.SaxHandler newSocket = Start creating New socket 
[04-27 18:07:15,463, 6530] sax.SaxHandler newSocketSuccess = New Socket Successfully constructed
[04-27 18:07:15,463, 6530] sax.SaxHandler requestGetParams = Request params {}
[04-27 18:07:15,463, 6530] sax.SaxHandler jsonGotFromRequest = JSON from request: {}
[04-27 18:07:15,464, 6531] sax.SaxHandler errorXML = Error while reading XML
[04-27 18:07:15,464, 6531] sax.SaxHandler startXML = Start Document
[04-27 18:07:15,464, 6531] sax.SaxHandler endXML = End document
[04-27 18:07:15,464, 6531] sax.SaxHandler className = Class name: {}
[04-27 18:07:15,465, 6532] sax.SaxHandler aEqualB = {} = {}
[04-27 18:07:15,465, 6532] sax.SaxHandler resourceWasParsed = Resource {} was parsed
[04-27 18:07:15,465, 6532] sax.SaxHandler End document
[04-27 18:07:15,465, 6532] resource.ResourceFactory Resource loggerMessages was parsed
[04-27 18:07:15,466, 6533] main.Main Starting at port: 8080

[04-27 18:07:16,101, 7168] sax.SaxHandler Start Document
[04-27 18:07:16,101, 7168] sax.SaxHandler Class name: resource.Messages
[04-27 18:07:16,102, 7169] sax.SaxHandler adminPage = Admin page
[04-27 18:07:16,104, 7171] sax.SaxHandler notFound = 404: Not Found.
[04-27 18:07:16,104, 7171] sax.SaxHandler wrongParamAction = Wrong 'action'
[04-27 18:07:16,104, 7171] sax.SaxHandler notAuthorised = Not Authorised
[04-27 18:07:16,104, 7171] sax.SaxHandler logInStatus = Log In:
[04-27 18:07:16,104, 7171] sax.SaxHandler alreadyLoggedIn = You has already Logged In
[04-27 18:07:16,104, 7171] sax.SaxHandler block = Authorization and signing up is blocked
[04-27 18:07:16,104, 7171] sax.SaxHandler wrongPasOrLogin = Wrong password or login
[04-27 18:07:16,104, 7171] sax.SaxHandler fillAllTheGaps = Fill all the gaps, please:
[04-27 18:07:16,104, 7171] sax.SaxHandler logOutFirst = You have to logout before signing up.
[04-27 18:07:16,105, 7172] sax.SaxHandler exist = Such user already exists
[04-27 18:07:16,105, 7172] sax.SaxHandler wrongSignUpData = Wrong sign Up data
[04-27 18:07:16,105, 7172] sax.SaxHandler wrongLimit = WrongLimit
[04-27 18:07:16,105, 7172] sax.SaxHandler End document
[04-27 18:07:16,105, 7172] resource.ResourceFactory Resource messages was parsed
[04-27 18:07:16,122, 7189] sax.SaxHandler Start Document
[04-27 18:07:16,123, 7190] sax.SaxHandler Class name: resource.GameMechanicsSettings
[04-27 18:07:16,123, 7190] sax.SaxHandler timeLimit = 15
[04-27 18:07:16,124, 7191] sax.SaxHandler numAmount = 10
[04-27 18:07:16,124, 7191] sax.SaxHandler weight = 10
[04-27 18:07:16,124, 7191] sax.SaxHandler minDelta = 10
[04-27 18:07:16,124, 7191] sax.SaxHandler End document
[04-27 18:07:16,124, 7191] resource.ResourceFactory Resource gameMechanicsSettings was parsed
[04-27 18:07:16,897, 7964] frontend.game.WebSocketGameServlet Configure
[04-27 18:07:17,095, 8162] main.AppServer Start
[04-27 18:07:17,095, 8162] main.AppServer With resending actions
[04-27 18:07:30,503, 21570] frontend.ProfileServlet doGet Start
[04-27 18:07:30,505, 21572] frontend.ProfileServlet Request params {}
[04-27 18:07:30,589, 21656] frontend.ProfileServlet Not Authorised
[04-27 18:07:30,600, 21667] frontend.ProfileServlet doGet Success
[04-27 18:07:49,659, 40726] frontend.SignUpServlet doPost Start
[04-27 18:07:49,659, 40726] frontend.SignUpServlet Request params {}
[04-27 18:07:49,709, 40776] utils.JsonInterpreterFromRequest JSON from request: {"password":"vanyhasem1S","login":"Vanyha007","email":"vanyha-sem@mail.ru"}
[04-27 18:07:49,956, 41023] frontend.SignUpServlet User Vanyha007 was successfully signed up
[04-27 18:07:49,956, 41023] frontend.SignUpServlet User:Vanyha007 has Authorised
[04-27 18:07:49,971, 41038] frontend.SignUpServlet doPost Success
[04-27 18:07:55,964, 47031] frontend.ProfileServlet doGet Start
[04-27 18:07:55,964, 47031] frontend.ProfileServlet Request params {}
[04-27 18:07:55,964, 47031] frontend.ProfileServlet Not Authorised
[04-27 18:07:55,964, 47031] frontend.ProfileServlet doGet Success
[04-27 18:08:12,057, 63124] frontend.SignUpServlet doPost Start
[04-27 18:08:12,058, 63125] frontend.SignUpServlet Request params {}
[04-27 18:08:12,058, 63125] utils.JsonInterpreterFromRequest JSON from request: {"password":"qwerty","login":"qwerty","email":"qwerty@mail.ru"}
[04-27 18:08:12,063, 63130] frontend.SignUpServlet User qwerty was successfully signed up
[04-27 18:08:12,063, 63130] frontend.SignUpServlet User:qwerty has Authorised
[04-27 18:08:12,152, 63219] frontend.SignUpServlet doPost Success
[04-27 18:08:24,857, 75924] frontend.SignInServlet doPost Start
[04-27 18:08:24,857, 75924] frontend.SignInServlet Request params {}
[04-27 18:08:24,862, 75929] utils.JsonInterpreterFromRequest JSON from request: {"password":"qwerty","login":"qwerty"}
[04-27 18:08:24,862, 75929] frontend.SignInServlet User:qwerty is already Logged In
[04-27 18:08:24,863, 75930] frontend.SignInServlet doPost Success
[04-27 18:08:28,480, 79547] frontend.ProfileServlet doGet Start
[04-27 18:08:28,480, 79547] frontend.ProfileServlet Request params {}
[04-27 18:08:28,480, 79547] frontend.ProfileServlet User:qwerty has Authorised
[04-27 18:08:28,481, 79548] frontend.ProfileServlet doGet Success
[04-27 18:09:03,734, 114801] frontend.SignUpServlet doPost Start
[04-27 18:09:03,735, 114802] frontend.SignUpServlet Request params {}
[04-27 18:09:03,736, 114803] utils.JsonInterpreterFromRequest JSON from request: {"password":"qwerty2","login":"qwerty2","email":"qwerty2@mail.ru"}
[04-27 18:09:03,760, 114827] frontend.SignUpServlet User qwerty2 was successfully signed up
[04-27 18:09:03,761, 114828] frontend.SignUpServlet User:qwerty2 has Authorised
[04-27 18:09:03,775, 114842] frontend.SignUpServlet doPost Success
[04-27 18:09:36,799, 147866] frontend.ProfileServlet doGet Start
[04-27 18:09:36,799, 147866] frontend.ProfileServlet Request params {}
[04-27 18:09:36,799, 147866] frontend.ProfileServlet Not Authorised
[04-27 18:09:36,800, 147867] frontend.ProfileServlet doGet Success
[04-27 18:10:01,644, 172711] frontend.SignInServlet doPost Start
[04-27 18:10:01,644, 172711] frontend.SignInServlet Request params {}
[04-27 18:10:01,646, 172713] utils.JsonInterpreterFromRequest JSON from request: {"password":"qweerty","login":"qwerty2"}
[04-27 18:10:01,646, 172713] frontend.SignInServlet User:qwerty2 is already Logged In
[04-27 18:10:01,656, 172723] frontend.SignInServlet doPost Success
[04-27 18:10:10,238, 181305] frontend.ProfileServlet doGet Start
[04-27 18:10:10,238, 181305] frontend.ProfileServlet Request params {}
[04-27 18:10:10,238, 181305] frontend.ProfileServlet Not Authorised
[04-27 18:10:10,238, 181305] frontend.ProfileServlet doGet Success
[04-27 18:10:59,023, 230090] frontend.ProfileServlet doGet Start
[04-27 18:10:59,023, 230090] frontend.ProfileServlet Request params {}
[04-27 18:10:59,024, 230091] frontend.ProfileServlet Not Authorised
[04-27 18:10:59,025, 230092] frontend.ProfileServlet doGet Success
[04-27 18:12:28,703, 319770] frontend.SignInServlet doPost Start
[04-27 18:12:28,703, 319770] frontend.SignInServlet Request params {}
[04-27 18:12:28,704, 319771] utils.JsonInterpreterFromRequest JSON from request: {"password":"qwerty2","login":"qwerty2"}
[04-27 18:12:28,704, 319771] frontend.SignInServlet User:qwerty2 is already Logged In
[04-27 18:12:28,704, 319771] frontend.SignInServlet doPost Success
[04-27 18:12:33,412, 324479] frontend.ProfileServlet doGet Start
[04-27 18:12:33,412, 324479] frontend.ProfileServlet Request params {}
[04-27 18:12:33,412, 324479] frontend.ProfileServlet Not Authorised
[04-27 18:12:33,412, 324479] frontend.ProfileServlet doGet Success
[04-27 18:15:20,906, 491973] frontend.SignInServlet doPost Start
[04-27 18:15:20,907, 491974] frontend.SignInServlet Request params {}
[04-27 18:15:20,908, 491975] utils.JsonInterpreterFromRequest JSON from request: {"password":"qwerty","login":"qwerty3"}
[04-27 18:15:20,908, 491975] frontend.SignInServlet Wrong password:"qwerty" or login:"qwerty3"
[04-27 18:15:20,909, 491976] frontend.SignInServlet doPost Success
