[04-27 00:01:51,412, 5371] resource.ResourceFactory ResourceFactory was created
[04-27 00:01:51,539, 5498] sax.SaxHandler Start Document
[04-27 00:01:51,544, 5503] sax.SaxHandler Class name: resource.ServerSettings
[04-27 00:01:51,548, 5507] sax.SaxHandler port = 8080
[04-27 00:01:51,579, 5538] sax.SaxHandler End document
[04-27 00:01:51,580, 5539] resource.ResourceFactory Resource serverSettings was parsed
[04-27 00:01:51,631, 5590] sax.SaxHandler Start Document
[04-27 00:01:51,633, 5592] sax.SaxHandler Class name: resource.LoggerMessages
[04-27 00:01:51,639, 5598] sax.SaxHandler doPostStart = doPost Start
[04-27 00:01:51,640, 5599] sax.SaxHandler doPostFinish = doPost Success
[04-27 00:01:51,641, 5600] sax.SaxHandler doGetStart = doGet Start
[04-27 00:01:51,642, 5601] sax.SaxHandler doGetFinish = doGet Success
[04-27 00:01:51,644, 5603] sax.SaxHandler isAdmin = User:{} is admin
[04-27 00:01:51,645, 5604] sax.SaxHandler isNotAdmin = User:{} is not admin
[04-27 00:01:51,651, 5610] sax.SaxHandler wrongAction = Wrong action
[04-27 00:01:51,651, 5610] sax.SaxHandler statistic = Getting Statistic
[04-27 00:01:51,651, 5610] sax.SaxHandler stop = Stopping server
[04-27 00:01:51,652, 5611] sax.SaxHandler notAuthorised = Not Authorised
[04-27 00:01:51,652, 5611] sax.SaxHandler authorised = User:{} is Authorised
[04-27 00:01:51,653, 5612] sax.SaxHandler hasAuthorised = User:{} has Authorised
[04-27 00:01:51,656, 5615] sax.SaxHandler lackOfParam = No param "{}" in request
[04-27 00:01:51,658, 5617] sax.SaxHandler paramHasWrongType = Param:"{}" has wrong type
[04-27 00:01:51,660, 5619] sax.SaxHandler signUp = New user is signing up
[04-27 00:01:51,661, 5620] sax.SaxHandler signIn = User is signing in
[04-27 00:01:51,677, 5636] sax.SaxHandler alreadyLoggedIn = User:{} is already Logged In
[04-27 00:01:51,678, 5637] sax.SaxHandler block = Authorization and signing up is blocked
[04-27 00:01:51,679, 5638] sax.SaxHandler wrongPasOrLogin = Wrong password:"{}" or login:"{}"
[04-27 00:01:51,680, 5639] sax.SaxHandler loggedOut = User:{} logged out
[04-27 00:01:51,680, 5639] sax.SaxHandler loginIsAlreadyExist = User with such login "{}" is already exist
[04-27 00:01:51,680, 5639] sax.SaxHandler wrongSignUpData = Wrong login:"{}" or email:"{}" or password:"{}"
[04-27 00:01:51,683, 5642] sax.SaxHandler onMessage = User:{} has sent Message:{}
[04-27 00:01:51,686, 5645] sax.SaxHandler onOpen = User:{} is opening connection
[04-27 00:01:51,687, 5646] sax.SaxHandler onClose = User:{} has closed connection
[04-27 00:01:51,688, 5647] sax.SaxHandler configure = Configure
[04-27 00:01:51,688, 5647] sax.SaxHandler setBlock = Signing in and Signing up are blocked
[04-27 00:01:51,689, 5648] sax.SaxHandler unsetBlock = Signing in and Signing up are released
[04-27 00:01:51,690, 5649] sax.SaxHandler startGame = Start game
[04-27 00:01:51,690, 5649] sax.SaxHandler firstPlayer = First player
[04-27 00:01:51,690, 5649] sax.SaxHandler secondPlayer = Second player
[04-27 00:01:51,691, 5650] sax.SaxHandler sessionFinished = Session finished
[04-27 00:01:51,691, 5650] sax.SaxHandler draw = Draw between {}, {}
[04-27 00:01:51,692, 5651] sax.SaxHandler isWinner = {} is winner
[04-27 00:01:51,692, 5651] sax.SaxHandler isLoser = {} is loser
[04-27 00:01:51,693, 5652] sax.SaxHandler signUpSuccess = User {} was successfully signed up
[04-27 00:01:51,694, 5653] sax.SaxHandler newSocket = Start creating New socket 
[04-27 00:01:51,694, 5653] sax.SaxHandler newSocketSuccess = New Socket Successfully constructed
[04-27 00:01:51,695, 5654] sax.SaxHandler requestGetParams = Request params {}
[04-27 00:01:51,696, 5655] sax.SaxHandler jsonGotFromRequest = JSON from request: {}
[04-27 00:01:51,698, 5657] sax.SaxHandler errorXML = Error while reading XML
[04-27 00:01:51,699, 5658] sax.SaxHandler startXML = Start Document
[04-27 00:01:51,699, 5658] sax.SaxHandler endXML = End document
[04-27 00:01:51,700, 5659] sax.SaxHandler className = Class name: {}
[04-27 00:01:51,701, 5660] sax.SaxHandler aEqualB = {} = {}
[04-27 00:01:51,701, 5660] sax.SaxHandler resourceWasParsed = Resource {} was parsed
[04-27 00:01:51,702, 5661] sax.SaxHandler End document
[04-27 00:01:51,703, 5662] resource.ResourceFactory Resource loggerMessages was parsed
[04-27 00:01:51,704, 5663] main.Main Starting at port: 8080

[04-27 00:01:52,072, 6031] sax.SaxHandler Start Document
[04-27 00:01:52,073, 6032] sax.SaxHandler Class name: resource.Messages
[04-27 00:01:52,074, 6033] sax.SaxHandler adminPage = Admin page
[04-27 00:01:52,074, 6033] sax.SaxHandler notFound = 404: Not Found.
[04-27 00:01:52,075, 6034] sax.SaxHandler wrongParamAction = Wrong 'action'
[04-27 00:01:52,075, 6034] sax.SaxHandler notAuthorised = Not Authorised
[04-27 00:01:52,075, 6034] sax.SaxHandler logInStatus = Log In:
[04-27 00:01:52,075, 6034] sax.SaxHandler alreadyLoggedIn = You has already Logged In
[04-27 00:01:52,076, 6035] sax.SaxHandler block = Authorization and signing up is blocked
[04-27 00:01:52,076, 6035] sax.SaxHandler wrongPasOrLogin = Wrong password or login
[04-27 00:01:52,076, 6035] sax.SaxHandler fillAllTheGaps = Fill all the gaps, please:
[04-27 00:01:52,076, 6035] sax.SaxHandler logOutFirst = You have to logout before signing up.
[04-27 00:01:52,076, 6035] sax.SaxHandler exist = Such user already exists
[04-27 00:01:52,076, 6035] sax.SaxHandler wrongSignUpData = Wrong sign Up data
[04-27 00:01:52,076, 6035] sax.SaxHandler wrongLimit = WrongLimit
[04-27 00:01:52,076, 6035] sax.SaxHandler End document
[04-27 00:01:52,076, 6035] resource.ResourceFactory Resource messages was parsed
[04-27 00:01:52,097, 6056] sax.SaxHandler Start Document
[04-27 00:01:52,097, 6056] sax.SaxHandler Class name: resource.GameMechanicsSettings
[04-27 00:01:52,100, 6059] sax.SaxHandler timeLimit = 15
[04-27 00:01:52,100, 6059] sax.SaxHandler numAmount = 10
[04-27 00:01:52,100, 6059] sax.SaxHandler weight = 10
[04-27 00:01:52,100, 6059] sax.SaxHandler minDelta = 10
[04-27 00:01:52,100, 6059] sax.SaxHandler End document
[04-27 00:01:52,101, 6060] resource.ResourceFactory Resource gameMechanicsSettings was parsed
[04-27 00:01:52,732, 6691] frontend.game.WebSocketGameServlet Configure
[04-27 00:01:53,055, 7014] main.AppServer Start
[04-27 00:01:53,055, 7014] main.AppServer With resending actions
[04-27 00:02:30,226, 44185] frontend.game.GameWebSocket Start creating New socket 
[04-27 00:10:21,329, 515288] frontend.SignUpServlet doPost Start
[04-27 00:10:21,330, 515289] frontend.SignUpServlet Request params {}
[04-27 00:10:21,367, 515326] utils.JsonInterpreterFromRequest JSON from request: {"password":"qwerty","login":"qwerty","email":"qwerty@mail.ru"}
[04-27 00:10:21,525, 515484] frontend.SignUpServlet User qwerty was successfully signed up
[04-27 00:10:21,525, 515484] frontend.SignUpServlet User:qwerty has Authorised
[04-27 00:10:21,530, 515489] frontend.SignUpServlet doPost Success
[04-27 00:10:31,443, 525402] frontend.SignInServlet doPost Start
[04-27 00:10:31,443, 525402] frontend.SignInServlet Request params {}
[04-27 00:10:31,444, 525403] utils.JsonInterpreterFromRequest JSON from request: {"password":"qwerty","login":"qwerty"}
[04-27 00:10:31,444, 525403] frontend.SignInServlet User:qwerty is already Logged In
[04-27 00:10:31,445, 525404] frontend.SignInServlet doPost Success
[04-27 00:10:56,652, 550611] frontend.SignUpServlet doPost Start
[04-27 00:10:56,652, 550611] frontend.SignUpServlet Request params {}
[04-27 00:10:56,652, 550611] utils.JsonInterpreterFromRequest JSON from request: {"password":"vanyhasem1S","login":"Vanyha007","email":"vanyha-sem@mail.ru"}
[04-27 00:10:56,662, 550621] frontend.SignUpServlet User Vanyha007 was successfully signed up
[04-27 00:10:56,662, 550621] frontend.SignUpServlet User:Vanyha007 has Authorised
[04-27 00:10:56,666, 550625] frontend.SignUpServlet doPost Success
[04-27 00:11:01,848, 555807] frontend.game.GameWebSocket Start creating New socket 
[04-27 00:11:01,848, 555807] frontend.game.GameWebSocket New Socket Successfully constructed
[04-27 00:11:01,981, 555940] frontend.game.GameWebSocket User:Vanyha007 is opening connection
[04-27 00:11:01,982, 555941] Interface.GameMechanics First player
[04-27 00:11:21,449, 575408] frontend.game.GameWebSocket Start creating New socket 
[04-27 00:12:01,994, 615953] frontend.game.GameWebSocket User:Vanyha007 has closed connection
[04-27 00:12:08,711, 622670] frontend.ProfileServlet doGet Start
[04-27 00:12:08,711, 622670] frontend.ProfileServlet Request params {}
[04-27 00:12:08,711, 622670] frontend.ProfileServlet User:Vanyha007 has Authorised
[04-27 00:12:08,713, 622672] frontend.ProfileServlet doGet Success
[04-27 00:12:18,200, 632159] frontend.ProfileServlet doGet Start
[04-27 00:12:18,200, 632159] frontend.ProfileServlet Request params {}
[04-27 00:12:18,200, 632159] frontend.ProfileServlet Not Authorised
[04-27 00:12:18,200, 632159] frontend.ProfileServlet doGet Success
[04-27 00:12:28,904, 642863] frontend.SignInServlet doPost Start
[04-27 00:12:28,904, 642863] frontend.SignInServlet Request params {}
[04-27 00:12:28,905, 642864] utils.JsonInterpreterFromRequest JSON from request: {"password":"qwerty","login":"qwerty"}
[04-27 00:12:28,905, 642864] frontend.SignInServlet User:qwerty is already Logged In
[04-27 00:12:28,918, 642877] frontend.SignInServlet doPost Success
[04-27 00:12:31,902, 645861] frontend.ProfileServlet doGet Start
[04-27 00:12:31,902, 645861] frontend.ProfileServlet Request params {}
[04-27 00:12:31,902, 645861] frontend.ProfileServlet Not Authorised
[04-27 00:12:31,903, 645862] frontend.ProfileServlet doGet Success
[04-27 00:12:53,310, 667269] frontend.ProfileServlet doGet Start
[04-27 00:12:53,310, 667269] frontend.ProfileServlet Request params {}
[04-27 00:12:53,310, 667269] frontend.ProfileServlet Not Authorised
[04-27 00:12:53,312, 667271] frontend.ProfileServlet doGet Success
