[04-27 23:29:47,759, 644] resource.ResourceFactory ResourceFactory was created
[04-27 23:29:47,775, 660] sax.SaxHandler Start Document
[04-27 23:29:47,777, 662] sax.SaxHandler Class name: resource.ServerSettings
[04-27 23:29:47,778, 663] sax.SaxHandler port = 8080
[04-27 23:29:47,779, 664] sax.SaxHandler End document
[04-27 23:29:47,779, 664] resource.ResourceFactory Resource serverSettings was parsed
[04-27 23:29:47,783, 668] sax.SaxHandler Start Document
[04-27 23:29:47,784, 669] sax.SaxHandler Class name: resource.LoggerMessages
[04-27 23:29:47,784, 669] sax.SaxHandler doPostStart = doPost Start
[04-27 23:29:47,784, 669] sax.SaxHandler doPostFinish = doPost Success
[04-27 23:29:47,784, 669] sax.SaxHandler doGetStart = doGet Start
[04-27 23:29:47,784, 669] sax.SaxHandler doGetFinish = doGet Success
[04-27 23:29:47,785, 670] sax.SaxHandler isAdmin = User:{} is admin
[04-27 23:29:47,785, 670] sax.SaxHandler isNotAdmin = User:{} is not admin
[04-27 23:29:47,785, 670] sax.SaxHandler wrongAction = Wrong action
[04-27 23:29:47,785, 670] sax.SaxHandler statistic = Getting Statistic
[04-27 23:29:47,785, 670] sax.SaxHandler stop = Stopping server
[04-27 23:29:47,785, 670] sax.SaxHandler notAuthorised = Not Authorised
[04-27 23:29:47,785, 670] sax.SaxHandler authorised = User:{} is Authorised
[04-27 23:29:47,785, 670] sax.SaxHandler hasAuthorised = User:{} has Authorised
[04-27 23:29:47,785, 670] sax.SaxHandler lackOfParam = No param "{}" in request
[04-27 23:29:47,786, 671] sax.SaxHandler paramHasWrongType = Param:"{}" has wrong type
[04-27 23:29:47,786, 671] sax.SaxHandler signUp = New user is signing up
[04-27 23:29:47,786, 671] sax.SaxHandler signIn = User is signing in
[04-27 23:29:47,786, 671] sax.SaxHandler alreadyLoggedIn = User:{} is already Logged In
[04-27 23:29:47,786, 671] sax.SaxHandler block = Authorization and signing up is blocked
[04-27 23:29:47,786, 671] sax.SaxHandler wrongPasOrLogin = Wrong password:"{}" or login:"{}"
[04-27 23:29:47,786, 671] sax.SaxHandler loggedOut = User:{} logged out
[04-27 23:29:47,786, 671] sax.SaxHandler loginIsAlreadyExist = User with such login "{}" is already exist
[04-27 23:29:47,787, 672] sax.SaxHandler wrongSignUpData = Wrong login:"{}" or email:"{}" or password:"{}"
[04-27 23:29:47,787, 672] sax.SaxHandler onMessage = User:{} has sent Message:{}
[04-27 23:29:47,787, 672] sax.SaxHandler onOpen = User:{} is opening connection
[04-27 23:29:47,787, 672] sax.SaxHandler onClose = User:{} has closed connection
[04-27 23:29:47,787, 672] sax.SaxHandler configure = Configure
[04-27 23:29:47,787, 672] sax.SaxHandler setBlock = Signing in and Signing up are blocked
[04-27 23:29:47,787, 672] sax.SaxHandler unsetBlock = Signing in and Signing up are released
[04-27 23:29:47,787, 672] sax.SaxHandler startGame = Start game
[04-27 23:29:47,787, 672] sax.SaxHandler firstPlayer = First player
[04-27 23:29:47,788, 673] sax.SaxHandler secondPlayer = Second player
[04-27 23:29:47,788, 673] sax.SaxHandler sessionFinished = Session finished
[04-27 23:29:47,788, 673] sax.SaxHandler draw = Draw between {}, {}
[04-27 23:29:47,788, 673] sax.SaxHandler isWinner = {} is winner
[04-27 23:29:47,788, 673] sax.SaxHandler isLoser = {} is loser
[04-27 23:29:47,788, 673] sax.SaxHandler signUpSuccess = User {} was successfully signed up
[04-27 23:29:47,788, 673] sax.SaxHandler newSocket = Start creating New socket 
[04-27 23:29:47,788, 673] sax.SaxHandler newSocketSuccess = New Socket Successfully constructed
[04-27 23:29:47,789, 674] sax.SaxHandler requestGetParams = Request params {}
[04-27 23:29:47,789, 674] sax.SaxHandler jsonGotFromRequest = JSON from request: {}
[04-27 23:29:47,789, 674] sax.SaxHandler errorXML = Error while reading XML
[04-27 23:29:47,789, 674] sax.SaxHandler startXML = Start Document
[04-27 23:29:47,789, 674] sax.SaxHandler endXML = End document
[04-27 23:29:47,789, 674] sax.SaxHandler className = Class name: {}
[04-27 23:29:47,790, 675] sax.SaxHandler aEqualB = {} = {}
[04-27 23:29:47,790, 675] sax.SaxHandler resourceWasParsed = Resource {} was parsed
[04-27 23:29:47,790, 675] sax.SaxHandler End document
[04-27 23:29:47,790, 675] resource.ResourceFactory Resource loggerMessages was parsed
[04-27 23:29:47,790, 675] main.Main Starting at port: 8080

[04-27 23:29:47,874, 759] sax.SaxHandler Start Document
[04-27 23:29:47,875, 760] sax.SaxHandler Class name: resource.Messages
[04-27 23:29:47,876, 761] sax.SaxHandler adminPage = Admin page
[04-27 23:29:47,876, 761] sax.SaxHandler notFound = 404: Not Found.
[04-27 23:29:47,876, 761] sax.SaxHandler wrongParamAction = Wrong 'action'
[04-27 23:29:47,876, 761] sax.SaxHandler notAuthorised = Not Authorised
[04-27 23:29:47,876, 761] sax.SaxHandler logInStatus = Log In:
[04-27 23:29:47,876, 761] sax.SaxHandler alreadyLoggedIn = You has already Logged In
[04-27 23:29:47,876, 761] sax.SaxHandler block = Authorization and signing up is blocked
[04-27 23:29:47,877, 762] sax.SaxHandler wrongPasOrLogin = Wrong password or login
[04-27 23:29:47,877, 762] sax.SaxHandler fillAllTheGaps = Fill all the gaps, please:
[04-27 23:29:47,877, 762] sax.SaxHandler logOutFirst = You have to logout before signing up.
[04-27 23:29:47,877, 762] sax.SaxHandler exist = Such user already exists
[04-27 23:29:47,877, 762] sax.SaxHandler wrongSignUpData = Wrong sign Up data
[04-27 23:29:47,877, 762] sax.SaxHandler wrongLimit = WrongLimit
[04-27 23:29:47,877, 762] sax.SaxHandler End document
[04-27 23:29:47,877, 762] resource.ResourceFactory Resource messages was parsed
[04-27 23:29:47,891, 776] sax.SaxHandler Start Document
[04-27 23:29:47,892, 777] sax.SaxHandler Class name: resource.GameMechanicsSettings
[04-27 23:29:47,893, 778] sax.SaxHandler timeLimit = 15
[04-27 23:29:47,893, 778] sax.SaxHandler numAmount = 10
[04-27 23:29:47,893, 778] sax.SaxHandler weight = 10
[04-27 23:29:47,893, 778] sax.SaxHandler minDelta = 10
[04-27 23:29:47,894, 779] sax.SaxHandler End document
[04-27 23:29:47,894, 779] resource.ResourceFactory Resource gameMechanicsSettings was parsed
[04-27 23:29:48,029, 914] frontend.game.WebSocketGameServlet Configure
[04-27 23:29:48,042, 927] main.AppServer Start
[04-27 23:29:48,042, 927] main.AppServer With resending actions
[04-27 23:30:01,397, 14282] frontend.SignUpServlet doPost Start
[04-27 23:30:01,398, 14283] frontend.SignUpServlet Request params {}
[04-27 23:30:01,407, 14292] utils.JsonInterpreterFromRequest JSON from request: {"password":"1234567","login":"smokey","email":"kopytovsv@gmail.comp"}
[04-27 23:30:01,430, 14315] frontend.SignUpServlet User smokey was successfully signed up
[04-27 23:30:01,431, 14316] frontend.SignUpServlet User:smokey has Authorised
[04-27 23:30:01,432, 14317] frontend.SignUpServlet doPost Success
[04-27 23:30:07,028, 19913] frontend.game.GameWebSocket Start creating New socket 
[04-27 23:30:12,363, 25248] frontend.SignOutServlet doPost Start
[04-27 23:30:12,363, 25248] frontend.SignOutServlet Request params {}
[04-27 23:30:12,364, 25249] frontend.SignOutServlet User:smokey logged out
[04-27 23:30:12,364, 25249] frontend.SignOutServlet doPost Success
[04-27 23:30:14,392, 27277] frontend.SignOutServlet doPost Start
[04-27 23:30:14,392, 27277] frontend.SignOutServlet Request params {}
[04-27 23:30:14,392, 27277] frontend.SignOutServlet Not Authorised
[04-27 23:30:14,393, 27278] frontend.SignOutServlet doPost Success
[04-27 23:30:21,026, 33911] frontend.SignOutServlet doPost Start
[04-27 23:30:21,026, 33911] frontend.SignOutServlet Request params {}
[04-27 23:30:21,026, 33911] frontend.SignOutServlet Not Authorised
[04-27 23:30:21,026, 33911] frontend.SignOutServlet doPost Success
