[04-28 17:01:14,156, 4465] resource.ResourceFactory ResourceFactory was created
[04-28 17:01:14,266, 4575] sax.SaxHandler Start Document
[04-28 17:01:14,268, 4577] sax.SaxHandler Class name: resource.ServerSettings
[04-28 17:01:14,270, 4579] sax.SaxHandler port = 8080
[04-28 17:01:14,288, 4597] sax.SaxHandler End document
[04-28 17:01:14,289, 4598] resource.ResourceFactory Resource serverSettings was parsed
[04-28 17:01:14,294, 4603] sax.SaxHandler Start Document
[04-28 17:01:14,294, 4603] sax.SaxHandler Class name: resource.LoggerMessages
[04-28 17:01:14,294, 4603] sax.SaxHandler doPostStart = doPost Start
[04-28 17:01:14,295, 4604] sax.SaxHandler doPostFinish = doPost Success
[04-28 17:01:14,295, 4604] sax.SaxHandler doGetStart = doGet Start
[04-28 17:01:14,295, 4604] sax.SaxHandler doGetFinish = doGet Success
[04-28 17:01:14,295, 4604] sax.SaxHandler isAdmin = User:{} is admin
[04-28 17:01:14,295, 4604] sax.SaxHandler isNotAdmin = User:{} is not admin
[04-28 17:01:14,295, 4604] sax.SaxHandler wrongAction = Wrong action
[04-28 17:01:14,295, 4604] sax.SaxHandler statistic = Getting Statistic
[04-28 17:01:14,296, 4605] sax.SaxHandler stop = Stopping server
[04-28 17:01:14,296, 4605] sax.SaxHandler notAuthorised = Not Authorised
[04-28 17:01:14,296, 4605] sax.SaxHandler authorised = User:{} is Authorised
[04-28 17:01:14,296, 4605] sax.SaxHandler hasAuthorised = User:{} has Authorised
[04-28 17:01:14,296, 4605] sax.SaxHandler lackOfParam = No param "{}" in request
[04-28 17:01:14,296, 4605] sax.SaxHandler paramHasWrongType = Param:"{}" has wrong type
[04-28 17:01:14,296, 4605] sax.SaxHandler signUp = New user is signing up
[04-28 17:01:14,296, 4605] sax.SaxHandler signIn = User is signing in
[04-28 17:01:14,297, 4606] sax.SaxHandler alreadyLoggedIn = User:{} is already Logged In
[04-28 17:01:14,298, 4607] sax.SaxHandler block = Authorization and signing up is blocked
[04-28 17:01:14,299, 4608] sax.SaxHandler wrongPasOrLogin = Wrong password:"{}" or login:"{}"
[04-28 17:01:14,299, 4608] sax.SaxHandler loggedOut = User:{} logged out
[04-28 17:01:14,299, 4608] sax.SaxHandler loginIsAlreadyExist = User with such login "{}" is already exist
[04-28 17:01:14,299, 4608] sax.SaxHandler wrongSignUpData = Wrong login:"{}" or email:"{}" or password:"{}"
[04-28 17:01:14,300, 4609] sax.SaxHandler onMessage = User:{} has sent Message:{}
[04-28 17:01:14,300, 4609] sax.SaxHandler onOpen = User:{} is opening connection
[04-28 17:01:14,300, 4609] sax.SaxHandler onClose = User:{} has closed connection
[04-28 17:01:14,300, 4609] sax.SaxHandler configure = Configure
[04-28 17:01:14,300, 4609] sax.SaxHandler setBlock = Signing in and Signing up are blocked
[04-28 17:01:14,300, 4609] sax.SaxHandler unsetBlock = Signing in and Signing up are released
[04-28 17:01:14,300, 4609] sax.SaxHandler startGame = Start game
[04-28 17:01:14,300, 4609] sax.SaxHandler firstPlayer = First player
[04-28 17:01:14,301, 4610] sax.SaxHandler secondPlayer = Second player
[04-28 17:01:14,301, 4610] sax.SaxHandler sessionFinished = Session finished
[04-28 17:01:14,301, 4610] sax.SaxHandler errorInReadingJSON = Error while getting the JSON: {}
[04-28 17:01:14,301, 4610] sax.SaxHandler draw = Draw between {}, {}
[04-28 17:01:14,301, 4610] sax.SaxHandler isWinner = {} is winner
[04-28 17:01:14,318, 4627] sax.SaxHandler isLoser = {} is loser
[04-28 17:01:14,318, 4627] sax.SaxHandler signUpSuccess = User {} was successfully signed up
[04-28 17:01:14,318, 4627] sax.SaxHandler gameUserPosition = User {} is the {}
[04-28 17:01:14,318, 4627] sax.SaxHandler newSocket = Start creating New socket 
[04-28 17:01:14,318, 4627] sax.SaxHandler newSocketSuccess = New Socket Successfully constructed
[04-28 17:01:14,318, 4627] sax.SaxHandler requestGetParams = Request params {}
[04-28 17:01:14,318, 4627] sax.SaxHandler jsonGotFromRequest = JSON from request: {}
[04-28 17:01:14,319, 4628] sax.SaxHandler errorXML = Error while reading XML
[04-28 17:01:14,319, 4628] sax.SaxHandler startXML = Start Document
[04-28 17:01:14,319, 4628] sax.SaxHandler endXML = End document
[04-28 17:01:14,319, 4628] sax.SaxHandler className = Class name: {}
[04-28 17:01:14,319, 4628] sax.SaxHandler aEqualB = {} = {}
[04-28 17:01:14,319, 4628] sax.SaxHandler resourceWasParsed = Resource {} was parsed
[04-28 17:01:14,320, 4629] sax.SaxHandler End document
[04-28 17:01:14,320, 4629] resource.ResourceFactory Resource loggerMessages was parsed
[04-28 17:01:14,320, 4629] main.Main Starting at port: 8080

[04-28 17:01:14,642, 4951] sax.SaxHandler Start Document
[04-28 17:01:14,642, 4951] sax.SaxHandler Class name: resource.Messages
[04-28 17:01:14,643, 4952] sax.SaxHandler adminPage = Admin page
[04-28 17:01:14,643, 4952] sax.SaxHandler notFound = 404: Not Found.
[04-28 17:01:14,643, 4952] sax.SaxHandler wrongParamAction = Wrong 'action'
[04-28 17:01:14,643, 4952] sax.SaxHandler notAuthorised = Not Authorised
[04-28 17:01:14,643, 4952] sax.SaxHandler logInStatus = Log In:
[04-28 17:01:14,644, 4953] sax.SaxHandler alreadyLoggedIn = You has already Logged In
[04-28 17:01:14,644, 4953] sax.SaxHandler block = Authorization and signing up is blocked
[04-28 17:01:14,644, 4953] sax.SaxHandler wrongPasOrLogin = Wrong password or login
[04-28 17:01:14,644, 4953] sax.SaxHandler fillAllTheGaps = Fill all the gaps, please:
[04-28 17:01:14,644, 4953] sax.SaxHandler logOutFirst = You have to logout before signing up.
[04-28 17:01:14,644, 4953] sax.SaxHandler exist = Such user already exists
[04-28 17:01:14,644, 4953] sax.SaxHandler wrongSignUpData = Wrong sign Up data
[04-28 17:01:14,644, 4953] sax.SaxHandler wrongLimit = WrongLimit
[04-28 17:01:14,644, 4953] sax.SaxHandler End document
[04-28 17:01:14,644, 4953] resource.ResourceFactory Resource messages was parsed
[04-28 17:01:14,674, 4983] sax.SaxHandler Start Document
[04-28 17:01:14,674, 4983] sax.SaxHandler Class name: resource.GameMechanicsSettings
[04-28 17:01:14,675, 4984] sax.SaxHandler timeLimit = 15
[04-28 17:01:14,675, 4984] sax.SaxHandler numAmount = 10
[04-28 17:01:14,675, 4984] sax.SaxHandler weight = 10
[04-28 17:01:14,675, 4984] sax.SaxHandler minDelta = 10
[04-28 17:01:14,675, 4984] sax.SaxHandler End document
[04-28 17:01:14,675, 4984] resource.ResourceFactory Resource gameMechanicsSettings was parsed
[04-28 17:01:15,122, 5431] frontend.game.WebSocketGameServlet Configure
[04-28 17:01:15,247, 5556] main.AppServer Start
[04-28 17:01:15,247, 5556] main.AppServer Tuesday night version
