[04-28 16:55:21,007, 2556] resource.ResourceFactory ResourceFactory was created
[04-28 16:55:21,079, 2628] sax.SaxHandler Start Document
[04-28 16:55:21,081, 2630] sax.SaxHandler Class name: resource.ServerSettings
[04-28 16:55:21,083, 2632] sax.SaxHandler port = 8080
[04-28 16:55:21,084, 2633] sax.SaxHandler End document
[04-28 16:55:21,085, 2634] resource.ResourceFactory Resource serverSettings was parsed
[04-28 16:55:21,092, 2641] sax.SaxHandler Start Document
[04-28 16:55:21,094, 2643] sax.SaxHandler Class name: resource.LoggerMessages
[04-28 16:55:21,095, 2644] sax.SaxHandler doPostStart = doPost Start
[04-28 16:55:21,096, 2645] sax.SaxHandler doPostFinish = doPost Success
[04-28 16:55:21,097, 2646] sax.SaxHandler doGetStart = doGet Start
[04-28 16:55:21,097, 2646] sax.SaxHandler doGetFinish = doGet Success
[04-28 16:55:21,098, 2647] sax.SaxHandler isAdmin = User:{} is admin
[04-28 16:55:21,099, 2648] sax.SaxHandler isNotAdmin = User:{} is not admin
[04-28 16:55:21,099, 2648] sax.SaxHandler wrongAction = Wrong action
[04-28 16:55:21,100, 2649] sax.SaxHandler statistic = Getting Statistic
[04-28 16:55:21,100, 2649] sax.SaxHandler stop = Stopping server
[04-28 16:55:21,101, 2650] sax.SaxHandler notAuthorised = Not Authorised
[04-28 16:55:21,101, 2650] sax.SaxHandler authorised = User:{} is Authorised
[04-28 16:55:21,102, 2651] sax.SaxHandler hasAuthorised = User:{} has Authorised
[04-28 16:55:21,103, 2652] sax.SaxHandler lackOfParam = No param "{}" in request
[04-28 16:55:21,105, 2654] sax.SaxHandler paramHasWrongType = Param:"{}" has wrong type
[04-28 16:55:21,106, 2655] sax.SaxHandler signUp = New user is signing up
[04-28 16:55:21,106, 2655] sax.SaxHandler signIn = User is signing in
[04-28 16:55:21,107, 2656] sax.SaxHandler alreadyLoggedIn = User:{} is already Logged In
[04-28 16:55:21,108, 2657] sax.SaxHandler block = Authorization and signing up is blocked
[04-28 16:55:21,108, 2657] sax.SaxHandler wrongPasOrLogin = Wrong password:"{}" or login:"{}"
[04-28 16:55:21,109, 2658] sax.SaxHandler loggedOut = User:{} logged out
[04-28 16:55:21,109, 2658] sax.SaxHandler loginIsAlreadyExist = User with such login "{}" is already exist
[04-28 16:55:21,110, 2659] sax.SaxHandler wrongSignUpData = Wrong login:"{}" or email:"{}" or password:"{}"
[04-28 16:55:21,112, 2661] sax.SaxHandler onMessage = User:{} has sent Message:{}
[04-28 16:55:21,113, 2662] sax.SaxHandler onOpen = User:{} is opening connection
[04-28 16:55:21,127, 2676] sax.SaxHandler onClose = User:{} has closed connection
[04-28 16:55:21,128, 2677] sax.SaxHandler configure = Configure
[04-28 16:55:21,129, 2678] sax.SaxHandler setBlock = Signing in and Signing up are blocked
[04-28 16:55:21,130, 2679] sax.SaxHandler unsetBlock = Signing in and Signing up are released
[04-28 16:55:21,131, 2680] sax.SaxHandler startGame = Start game
[04-28 16:55:21,132, 2681] sax.SaxHandler firstPlayer = First player
[04-28 16:55:21,133, 2682] sax.SaxHandler secondPlayer = Second player
[04-28 16:55:21,140, 2689] sax.SaxHandler sessionFinished = Session finished
[04-28 16:55:21,141, 2690] sax.SaxHandler errorInReadingJSON = Error while getting the JSON: {}
[04-28 16:55:21,142, 2691] sax.SaxHandler draw = Draw between {}, {}
[04-28 16:55:21,143, 2692] sax.SaxHandler isWinner = {} is winner
[04-28 16:55:21,143, 2692] sax.SaxHandler isLoser = {} is loser
[04-28 16:55:21,144, 2693] sax.SaxHandler signUpSuccess = User {} was successfully signed up
[04-28 16:55:21,145, 2694] sax.SaxHandler gameUserPosition = User {} is the {}
[04-28 16:55:21,147, 2696] sax.SaxHandler newSocket = Start creating New socket 
[04-28 16:55:21,154, 2703] sax.SaxHandler newSocketSuccess = New Socket Successfully constructed
[04-28 16:55:21,154, 2703] sax.SaxHandler requestGetParams = Request params {}
[04-28 16:55:21,155, 2704] sax.SaxHandler jsonGotFromRequest = JSON from request: {}
[04-28 16:55:21,157, 2706] sax.SaxHandler errorXML = Error while reading XML
[04-28 16:55:21,158, 2707] sax.SaxHandler startXML = Start Document
[04-28 16:55:21,159, 2708] sax.SaxHandler endXML = End document
[04-28 16:55:21,161, 2710] sax.SaxHandler className = Class name: {}
[04-28 16:55:21,162, 2711] sax.SaxHandler aEqualB = {} = {}
[04-28 16:55:21,162, 2711] sax.SaxHandler resourceWasParsed = Resource {} was parsed
[04-28 16:55:21,163, 2712] sax.SaxHandler End document
[04-28 16:55:21,164, 2713] resource.ResourceFactory Resource loggerMessages was parsed
[04-28 16:55:21,166, 2715] main.Main Starting at port: 8080

[04-28 16:55:21,331, 2880] sax.SaxHandler Start Document
[04-28 16:55:21,333, 2882] sax.SaxHandler Class name: resource.Messages
[04-28 16:55:21,338, 2887] sax.SaxHandler adminPage = Admin page
[04-28 16:55:21,340, 2889] sax.SaxHandler notFound = 404: Not Found.
[04-28 16:55:21,342, 2891] sax.SaxHandler wrongParamAction = Wrong 'action'
[04-28 16:55:21,348, 2897] sax.SaxHandler notAuthorised = Not Authorised
[04-28 16:55:21,350, 2899] sax.SaxHandler logInStatus = Log In:
[04-28 16:55:21,353, 2902] sax.SaxHandler alreadyLoggedIn = You has already Logged In
[04-28 16:55:21,353, 2902] sax.SaxHandler block = Authorization and signing up is blocked
[04-28 16:55:21,356, 2905] sax.SaxHandler wrongPasOrLogin = Wrong password or login
[04-28 16:55:21,357, 2906] sax.SaxHandler fillAllTheGaps = Fill all the gaps, please:
[04-28 16:55:21,359, 2908] sax.SaxHandler logOutFirst = You have to logout before signing up.
[04-28 16:55:21,377, 2926] sax.SaxHandler exist = Such user already exists
[04-28 16:55:21,377, 2926] sax.SaxHandler wrongSignUpData = Wrong sign Up data
[04-28 16:55:21,377, 2926] sax.SaxHandler wrongLimit = WrongLimit
[04-28 16:55:21,379, 2928] sax.SaxHandler End document
[04-28 16:55:21,379, 2928] resource.ResourceFactory Resource messages was parsed
[04-28 16:55:21,422, 2971] sax.SaxHandler Start Document
[04-28 16:55:21,422, 2971] sax.SaxHandler Class name: resource.GameMechanicsSettings
[04-28 16:55:21,426, 2975] sax.SaxHandler timeLimit = 15
[04-28 16:55:21,426, 2975] sax.SaxHandler numAmount = 10
[04-28 16:55:21,426, 2975] sax.SaxHandler weight = 10
[04-28 16:55:21,427, 2976] sax.SaxHandler minDelta = 10
[04-28 16:55:21,427, 2976] sax.SaxHandler End document
[04-28 16:55:21,427, 2976] resource.ResourceFactory Resource gameMechanicsSettings was parsed
[04-28 16:55:21,670, 3219] frontend.game.WebSocketGameServlet Configure
[04-28 16:55:21,704, 3253] main.AppServer Start
[04-28 16:55:21,707, 3256] main.AppServer Tuesday night version
