[04-28 13:47:07,810, 7337] resource.ResourceFactory ResourceFactory was created
[04-28 13:47:07,954, 7481] sax.SaxHandler Start Document
[04-28 13:47:07,959, 7486] sax.SaxHandler Class name: resource.ServerSettings
[04-28 13:47:07,960, 7487] sax.SaxHandler port = 8080
[04-28 13:47:07,994, 7521] sax.SaxHandler End document
[04-28 13:47:08,003, 7530] resource.ResourceFactory Resource serverSettings was parsed
[04-28 13:47:08,007, 7534] sax.SaxHandler Start Document
[04-28 13:47:08,007, 7534] sax.SaxHandler Class name: resource.LoggerMessages
[04-28 13:47:08,008, 7535] sax.SaxHandler doPostStart = doPost Start
[04-28 13:47:08,008, 7535] sax.SaxHandler doPostFinish = doPost Success
[04-28 13:47:08,008, 7535] sax.SaxHandler doGetStart = doGet Start
[04-28 13:47:08,008, 7535] sax.SaxHandler doGetFinish = doGet Success
[04-28 13:47:08,008, 7535] sax.SaxHandler isAdmin = User:{} is admin
[04-28 13:47:08,008, 7535] sax.SaxHandler isNotAdmin = User:{} is not admin
[04-28 13:47:08,008, 7535] sax.SaxHandler wrongAction = Wrong action
[04-28 13:47:08,008, 7535] sax.SaxHandler statistic = Getting Statistic
[04-28 13:47:08,009, 7536] sax.SaxHandler stop = Stopping server
[04-28 13:47:08,009, 7536] sax.SaxHandler notAuthorised = Not Authorised
[04-28 13:47:08,009, 7536] sax.SaxHandler authorised = User:{} is Authorised
[04-28 13:47:08,009, 7536] sax.SaxHandler hasAuthorised = User:{} has Authorised
[04-28 13:47:08,009, 7536] sax.SaxHandler lackOfParam = No param "{}" in request
[04-28 13:47:08,009, 7536] sax.SaxHandler paramHasWrongType = Param:"{}" has wrong type
[04-28 13:47:08,009, 7536] sax.SaxHandler signUp = New user is signing up
[04-28 13:47:08,009, 7536] sax.SaxHandler signIn = User is signing in
[04-28 13:47:08,009, 7536] sax.SaxHandler alreadyLoggedIn = User:{} is already Logged In
[04-28 13:47:08,010, 7537] sax.SaxHandler block = Authorization and signing up is blocked
[04-28 13:47:08,011, 7538] sax.SaxHandler wrongPasOrLogin = Wrong password:"{}" or login:"{}"
[04-28 13:47:08,011, 7538] sax.SaxHandler loggedOut = User:{} logged out
[04-28 13:47:08,011, 7538] sax.SaxHandler loginIsAlreadyExist = User with such login "{}" is already exist
[04-28 13:47:08,011, 7538] sax.SaxHandler wrongSignUpData = Wrong login:"{}" or email:"{}" or password:"{}"
[04-28 13:47:08,012, 7539] sax.SaxHandler onMessage = User:{} has sent Message:{}
[04-28 13:47:08,012, 7539] sax.SaxHandler onOpen = User:{} is opening connection
[04-28 13:47:08,012, 7539] sax.SaxHandler onClose = User:{} has closed connection
[04-28 13:47:08,012, 7539] sax.SaxHandler configure = Configure
[04-28 13:47:08,012, 7539] sax.SaxHandler setBlock = Signing in and Signing up are blocked
[04-28 13:47:08,012, 7539] sax.SaxHandler unsetBlock = Signing in and Signing up are released
[04-28 13:47:08,012, 7539] sax.SaxHandler startGame = Start game
[04-28 13:47:08,012, 7539] sax.SaxHandler firstPlayer = First player
[04-28 13:47:08,013, 7540] sax.SaxHandler secondPlayer = Second player
[04-28 13:47:08,013, 7540] sax.SaxHandler sessionFinished = Session finished
[04-28 13:47:08,013, 7540] sax.SaxHandler errorInReadingJSON = Error while getting the JSON: {}
[04-28 13:47:08,013, 7540] sax.SaxHandler draw = Draw between {}, {}
[04-28 13:47:08,013, 7540] sax.SaxHandler isWinner = {} is winner
[04-28 13:47:08,013, 7540] sax.SaxHandler isLoser = {} is loser
[04-28 13:47:08,013, 7540] sax.SaxHandler signUpSuccess = User {} was successfully signed up
[04-28 13:47:08,013, 7540] sax.SaxHandler gameUserPosition = User {} is the {}
[04-28 13:47:08,013, 7540] sax.SaxHandler newSocket = Start creating New socket 
[04-28 13:47:08,013, 7540] sax.SaxHandler newSocketSuccess = New Socket Successfully constructed
[04-28 13:47:08,014, 7541] sax.SaxHandler requestGetParams = Request params {}
[04-28 13:47:08,014, 7541] sax.SaxHandler jsonGotFromRequest = JSON from request: {}
[04-28 13:47:08,045, 7572] sax.SaxHandler errorXML = Error while reading XML
[04-28 13:47:08,045, 7572] sax.SaxHandler startXML = Start Document
[04-28 13:47:08,045, 7572] sax.SaxHandler endXML = End document
[04-28 13:47:08,045, 7572] sax.SaxHandler className = Class name: {}
[04-28 13:47:08,046, 7573] sax.SaxHandler aEqualB = {} = {}
[04-28 13:47:08,046, 7573] sax.SaxHandler resourceWasParsed = Resource {} was parsed
[04-28 13:47:08,046, 7573] sax.SaxHandler End document
[04-28 13:47:08,046, 7573] resource.ResourceFactory Resource loggerMessages was parsed
[04-28 13:47:08,046, 7573] main.Main Starting at port: 8080

[04-28 13:47:08,864, 8391] sax.SaxHandler Start Document
[04-28 13:47:08,864, 8391] sax.SaxHandler Class name: resource.Messages
[04-28 13:47:08,865, 8392] sax.SaxHandler adminPage = Admin page
[04-28 13:47:08,866, 8393] sax.SaxHandler notFound = 404: Not Found.
[04-28 13:47:08,866, 8393] sax.SaxHandler wrongParamAction = Wrong 'action'
[04-28 13:47:08,866, 8393] sax.SaxHandler notAuthorised = Not Authorised
[04-28 13:47:08,866, 8393] sax.SaxHandler logInStatus = Log In:
[04-28 13:47:08,866, 8393] sax.SaxHandler alreadyLoggedIn = You has already Logged In
[04-28 13:47:08,867, 8394] sax.SaxHandler block = Authorization and signing up is blocked
[04-28 13:47:08,867, 8394] sax.SaxHandler wrongPasOrLogin = Wrong password or login
[04-28 13:47:08,867, 8394] sax.SaxHandler fillAllTheGaps = Fill all the gaps, please:
[04-28 13:47:08,867, 8394] sax.SaxHandler logOutFirst = You have to logout before signing up.
[04-28 13:47:08,867, 8394] sax.SaxHandler exist = Such user already exists
[04-28 13:47:08,867, 8394] sax.SaxHandler wrongSignUpData = Wrong sign Up data
[04-28 13:47:08,867, 8394] sax.SaxHandler wrongLimit = WrongLimit
[04-28 13:47:08,867, 8394] sax.SaxHandler End document
[04-28 13:47:08,867, 8394] resource.ResourceFactory Resource messages was parsed
[04-28 13:47:08,908, 8435] sax.SaxHandler Start Document
[04-28 13:47:08,908, 8435] sax.SaxHandler Class name: resource.GameMechanicsSettings
[04-28 13:47:08,909, 8436] sax.SaxHandler timeLimit = 15
[04-28 13:47:08,909, 8436] sax.SaxHandler numAmount = 10
[04-28 13:47:08,909, 8436] sax.SaxHandler weight = 10
[04-28 13:47:08,909, 8436] sax.SaxHandler minDelta = 10
[04-28 13:47:08,910, 8437] sax.SaxHandler End document
[04-28 13:47:08,910, 8437] resource.ResourceFactory Resource gameMechanicsSettings was parsed
[04-28 13:47:09,441, 8968] frontend.game.WebSocketGameServlet Configure
[04-28 13:47:09,673, 9200] main.AppServer Start
[04-28 13:47:09,676, 9203] main.AppServer Tuesday night version
