[05-28 01:29:33,056, 1507] resource.ResourceFactory ResourceFactory was created
[05-28 01:29:33,104, 1555] resource.sax.SaxHandler Start Document
[05-28 01:29:33,107, 1558] resource.sax.SaxHandler Class name: resource.ServerSettings
[05-28 01:29:33,111, 1562] resource.sax.SaxHandler port = 8080
[05-28 01:29:33,112, 1563] resource.sax.SaxHandler mode = Development
[05-28 01:29:33,114, 1565] resource.sax.SaxHandler ASType = ok
[05-28 01:29:33,116, 1567] resource.sax.SaxHandler End document
[05-28 01:29:33,118, 1569] resource.ResourceFactory Resource serverSettings was parsed
[05-28 01:29:33,124, 1575] main.Main Starting at port: 8080
[05-28 01:29:33,513, 1964] frontend.game.WebSocketGameServlet Configure
[05-28 01:29:33,531, 1982] resource.sax.SaxHandler Start Document
[05-28 01:29:33,532, 1983] resource.sax.SaxHandler Class name: resource.GameMechanicsSettings
[05-28 01:29:33,537, 1988] resource.sax.SaxHandler timeLimit = 90
[05-28 01:29:33,538, 1989] resource.sax.SaxHandler numAmount = 10
[05-28 01:29:33,539, 1990] resource.sax.SaxHandler weight = 10
[05-28 01:29:33,542, 1993] resource.sax.SaxHandler minDelta = 10
[05-28 01:29:33,544, 1995] resource.sax.SaxHandler End document
[05-28 01:29:33,548, 1999] resource.ResourceFactory Resource gameMechanicsSettings was parsed
[05-28 01:29:33,556, 2007] main.Main version: Threads in process
[05-28 01:29:33,556, 2007] main.Main Start
